SF:lib\core\config\environment_config.dart
DA:25,1
DA:76,2
DA:79,2
DA:85,0
DA:95,0
DA:96,0
DA:97,0
DA:98,0
DA:101,0
DA:102,0
DA:114,3
DA:117,0
DA:120,3
DA:122,0
DA:124,0
DA:134,0
DA:189,0
DA:225,0
DA:228,3
DA:231,3
DA:232,3
DA:233,3
DA:234,3
DA:237,3
DA:238,3
DA:239,3
DA:242,3
DA:243,3
DA:244,3
DA:247,3
DA:248,3
DA:251,3
DA:252,0
DA:255,3
DA:256,3
LF:35
LH:21
end_of_record
SF:lib\core\domain\entities\notification_entity.dart
DA:10,1
DA:43,1
DA:44,1
DA:45,1
DA:47,1
DA:49,1
DA:51,1
DA:53,1
DA:55,1
DA:57,1
DA:59,1
DA:61,1
DA:67,1
DA:68,1
DA:69,2
DA:71,2
DA:73,2
DA:74,1
DA:75,2
DA:76,2
DA:77,1
DA:78,2
DA:79,2
DA:80,1
DA:81,2
DA:82,2
DA:83,3
DA:84,2
DA:85,2
DA:86,3
DA:87,2
DA:89,3
DA:90,2
DA:95,1
DA:96,1
DA:97,2
DA:98,2
DA:102,1
DA:103,1
DA:104,4
DA:105,4
DA:106,4
DA:110,1
DA:111,1
DA:112,2
DA:114,1
DA:116,0
DA:118,0
DA:119,0
DA:121,0
DA:126,1
DA:127,2
DA:128,2
DA:129,2
DA:133,1
DA:134,1
DA:135,1
DA:137,1
DA:139,1
DA:148,1
DA:149,1
DA:150,1
DA:151,1
DA:152,1
DA:153,1
DA:154,1
DA:155,1
DA:156,1
DA:157,1
DA:158,1
DA:159,1
DA:160,1
DA:161,1
DA:162,1
DA:167,1
DA:182,1
DA:183,1
DA:184,1
DA:185,1
DA:186,1
DA:187,1
DA:188,1
DA:189,1
DA:190,1
DA:191,1
DA:192,1
DA:193,1
DA:194,1
DA:195,1
DA:201,0
DA:203,0
DA:222,0
DA:224,0
DA:226,0
DA:228,0
DA:230,0
DA:232,0
DA:234,0
DA:236,0
DA:238,0
DA:240,0
DA:245,0
DA:246,0
DA:247,0
DA:249,0
DA:251,0
DA:253,0
DA:255,0
DA:257,0
DA:259,0
DA:261,0
DA:263,0
LF:112
LH:85
end_of_record
SF:lib\core\navigation\nav_state.dart
DA:5,1
DA:14,1
DA:19,1
DA:20,1
DA:21,1
DA:22,1
DA:28,2
DA:30,1
DA:31,3
DA:34,1
DA:35,3
DA:38,1
DA:39,3
DA:42,1
DA:43,3
DA:47,4
DA:48,1
LF:17
LH:17
end_of_record
SF:lib\core\services\permission_service.dart
DA:27,1
DA:28,1
DA:31,0
DA:36,0
DA:37,0
DA:42,0
DA:45,0
DA:46,0
DA:50,0
DA:57,1
DA:58,1
DA:61,0
DA:66,0
DA:67,0
DA:72,0
DA:75,0
DA:76,0
DA:80,0
DA:89,1
DA:94,1
DA:97,0
DA:102,0
DA:103,0
DA:108,0
DA:111,0
DA:112,0
DA:116,0
DA:123,0
DA:126,0
DA:130,1
DA:131,1
DA:132,0
DA:136,1
DA:137,1
DA:138,0
DA:142,1
DA:143,1
DA:144,0
DA:148,0
DA:149,0
DA:150,0
DA:154,0
DA:155,0
DA:157,0
DA:161,0
DA:162,0
DA:166,0
DA:168,0
DA:169,0
DA:173,0
DA:177,0
DA:178,0
DA:185,0
DA:186,0
DA:193,0
DA:194,0
DA:201,0
DA:202,0
DA:205,0
DA:207,0
DA:208,0
DA:212,0
DA:214,0
DA:217,0
DA:228,0
DA:229,0
DA:231,0
DA:234,0
DA:235,0
DA:236,0
DA:237,0
DA:238,0
DA:253,1
DA:263,1
DA:265,1
DA:266,1
DA:267,1
DA:268,1
DA:269,1
DA:270,1
DA:271,1
DA:272,1
LF:82
LH:22
end_of_record
SF:lib\features\auth\data\models\user_model.dart
DA:12,1
DA:36,1
DA:37,1
DA:38,1
DA:39,1
DA:40,1
DA:41,1
DA:42,1
DA:43,1
DA:44,1
DA:45,1
DA:46,1
DA:47,1
DA:48,1
DA:49,1
DA:50,1
DA:51,1
DA:52,1
DA:53,1
DA:54,1
DA:55,1
DA:56,1
DA:57,1
DA:62,0
DA:63,0
DA:65,0
DA:66,0
DA:67,0
DA:68,0
DA:69,0
DA:70,0
DA:71,0
DA:72,0
DA:73,0
DA:74,0
DA:75,0
DA:76,0
DA:77,0
DA:78,0
DA:79,0
DA:80,0
DA:81,0
DA:82,0
DA:83,0
DA:84,0
DA:85,0
DA:86,0
DA:87,0
DA:88,0
DA:89,0
DA:94,1
DA:95,1
DA:96,1
DA:97,1
DA:98,1
DA:99,1
DA:100,1
DA:101,1
DA:102,1
DA:103,1
DA:104,1
DA:105,1
DA:106,1
DA:107,1
DA:108,2
DA:109,2
DA:110,2
DA:111,2
DA:112,2
DA:113,2
DA:114,1
DA:115,1
DA:116,1
DA:117,1
DA:118,3
DA:119,1
DA:120,1
DA:121,0
DA:122,0
DA:123,1
DA:128,1
DA:129,1
DA:130,2
DA:131,2
DA:132,2
DA:133,2
DA:134,2
DA:135,2
DA:136,2
DA:137,2
DA:138,2
DA:139,2
DA:140,2
DA:141,2
DA:142,3
DA:143,3
DA:144,3
DA:145,3
DA:146,3
DA:147,3
DA:148,1
DA:149,0
DA:150,1
DA:155,0
DA:156,0
DA:160,1
DA:161,1
DA:162,1
DA:163,1
DA:164,1
DA:165,1
DA:166,1
DA:167,1
DA:168,1
DA:169,1
DA:170,1
DA:171,1
DA:172,1
DA:173,1
DA:174,1
DA:175,1
DA:176,1
DA:177,1
DA:178,1
DA:179,1
DA:180,1
DA:184,1
DA:207,1
DA:208,1
DA:209,1
DA:210,1
DA:211,1
DA:212,1
DA:213,1
DA:214,1
DA:215,1
DA:216,1
DA:217,1
DA:218,1
DA:219,1
DA:220,1
DA:221,1
DA:222,1
DA:223,1
DA:224,1
DA:225,1
DA:226,1
DA:227,1
LF:148
LH:116
end_of_record
SF:lib\features\auth\domain\entities\user_entity.dart
DA:10,4
DA:55,2
DA:56,4
DA:57,4
DA:58,4
DA:59,2
DA:60,2
DA:61,2
DA:62,2
DA:63,4
DA:67,2
DA:68,3
DA:72,2
DA:73,2
DA:77,2
DA:78,7
DA:82,1
DA:104,1
DA:105,1
DA:106,1
DA:107,1
DA:108,1
DA:109,1
DA:110,1
DA:111,1
DA:112,1
DA:113,1
DA:114,1
DA:115,1
DA:116,1
DA:117,1
DA:118,1
DA:119,1
DA:120,1
DA:121,1
DA:122,1
DA:123,1
DA:124,1
DA:128,3
DA:132,4
DA:135,1
DA:136,2
DA:138,1
DA:140,4
LF:44
LH:44
end_of_record
SF:lib\features\profile\domain\entities\voice_prompt_entity.dart
DA:15,0
DA:49,0
DA:50,0
DA:51,0
DA:52,0
DA:53,0
DA:54,0
DA:55,0
DA:56,0
DA:57,0
DA:61,0
DA:62,0
DA:63,0
DA:64,0
DA:65,0
DA:66,0
DA:70,0
DA:71,0
DA:75,0
DA:76,0
DA:77,0
DA:78,0
DA:82,0
DA:83,0
DA:84,0
DA:85,0
DA:86,0
DA:87,0
DA:88,0
DA:89,0
DA:90,0
DA:95,0
DA:96,0
DA:97,0
DA:98,0
DA:99,0
DA:100,0
DA:101,0
DA:102,0
DA:103,0
DA:108,0
DA:111,0
DA:112,0
DA:113,0
DA:114,0
DA:115,0
DA:119,0
DA:128,0
DA:129,0
DA:130,0
DA:131,0
DA:132,0
DA:133,0
DA:134,0
DA:135,0
DA:161,0
DA:162,0
DA:166,0
DA:167,0
DA:168,0
DA:170,0
LF:61
LH:0
end_of_record
SF:lib\features\auth\domain\usecases\sign_in_usecase.dart
DA:10,1
DA:25,1
DA:30,1
DA:31,1
DA:35,2
DA:36,1
DA:40,2
DA:41,2
DA:47,1
DA:48,1
DA:51,1
LF:11
LH:11
end_of_record
SF:lib\features\auth\domain\usecases\sign_up_usecase.dart
DA:10,1
DA:27,1
DA:34,1
DA:35,1
DA:39,2
DA:40,1
DA:43,1
DA:44,1
DA:47,1
DA:48,1
DA:51,1
DA:52,1
DA:56,2
DA:57,1
DA:60,1
DA:61,1
DA:67,1
DA:68,1
DA:72,2
DA:73,2
DA:75,2
DA:76,1
DA:81,1
DA:82,1
DA:85,1
DA:89,1
DA:90,1
DA:91,1
DA:95,1
DA:96,2
DA:100,1
DA:101,2
DA:105,1
DA:106,2
LF:34
LH:34
end_of_record
SF:lib\features\explore\data\repositories\explore_repository_impl.dart
DA:10,1
DA:12,1
DA:16,0
DA:22,0
DA:23,0
DA:24,0
DA:25,0
DA:26,0
DA:29,0
DA:32,0
DA:34,0
DA:35,0
DA:36,0
DA:37,0
DA:39,0
DA:41,0
DA:45,0
DA:51,0
DA:52,0
DA:53,0
DA:54,0
DA:57,0
DA:60,0
DA:62,0
DA:63,0
DA:64,0
DA:65,0
DA:67,0
DA:69,0
DA:73,0
DA:78,0
DA:79,0
DA:80,0
DA:81,0
DA:82,0
DA:84,0
DA:85,0
DA:86,0
DA:87,0
DA:89,0
DA:91,0
DA:95,0
DA:100,0
DA:101,0
DA:102,0
DA:103,0
DA:104,0
DA:105,0
DA:107,0
DA:108,0
DA:109,0
DA:110,0
DA:112,0
DA:114,0
DA:118,0
DA:124,0
DA:126,0
DA:127,0
DA:128,0
DA:129,0
DA:130,0
DA:131,0
DA:133,0
DA:134,0
DA:135,0
DA:136,0
DA:138,0
DA:140,0
DA:144,0
DA:150,0
DA:151,0
DA:152,0
DA:153,0
DA:154,0
DA:155,0
DA:157,0
DA:158,0
DA:159,0
DA:160,0
DA:162,0
DA:164,0
DA:168,0
DA:175,0
DA:176,0
DA:177,0
DA:178,0
DA:179,0
DA:180,0
DA:182,0
DA:183,0
DA:184,0
DA:185,0
DA:187,0
DA:189,0
DA:193,0
DA:197,0
DA:198,0
DA:199,0
DA:200,0
DA:201,0
DA:204,0
DA:205,0
DA:206,0
DA:207,0
DA:210,0
DA:211,0
DA:212,0
DA:213,0
DA:214,0
DA:216,0
DA:217,0
DA:218,0
DA:219,0
DA:222,0
LF:114
LH:2
end_of_record
SF:lib\features\explore\domain\entities\explore_content_entity.dart
DA:14,0
DA:51,0
DA:54,0
DA:57,0
DA:60,0
DA:61,0
DA:62,0
DA:63,0
DA:67,0
DA:68,0
DA:69,0
DA:71,0
DA:73,0
DA:74,0
DA:75,0
DA:76,0
DA:77,0
DA:78,0
DA:80,0
DA:85,0
DA:86,0
DA:87,0
DA:91,0
DA:92,0
DA:93,0
DA:94,0
DA:95,0
DA:97,0
DA:102,0
DA:105,0
DA:108,0
DA:111,0
DA:113,0
DA:114,0
DA:115,0
DA:116,0
DA:117,0
DA:118,0
DA:119,0
DA:120,0
DA:121,0
DA:122,0
DA:123,0
DA:124,0
DA:125,0
DA:126,0
DA:127,0
DA:128,0
DA:129,0
DA:130,0
DA:133,0
DA:151,0
DA:152,0
DA:153,0
DA:154,0
DA:155,0
DA:156,0
DA:157,0
DA:158,0
DA:159,0
DA:160,0
DA:161,0
DA:162,0
DA:163,0
DA:164,0
DA:165,0
DA:166,0
DA:167,0
DA:183,0
DA:194,0
DA:195,0
DA:196,0
DA:197,0
DA:198,0
DA:200,0
DA:205,0
DA:207,0
DA:208,0
DA:213,0
DA:232,0
DA:233,0
DA:234,0
DA:235,0
DA:236,0
DA:238,0
DA:242,0
DA:243,0
LF:87
LH:0
end_of_record
SF:lib\features\explore\data\models\explore_content_model.dart
DA:8,0
DA:28,0
DA:29,0
DA:30,0
DA:31,0
DA:32,0
DA:33,0
DA:34,0
DA:35,0
DA:36,0
DA:37,0
DA:38,0
DA:39,0
DA:40,0
DA:41,0
DA:42,0
DA:43,0
DA:44,0
DA:45,0
DA:50,0
DA:51,0
DA:52,0
DA:53,0
DA:54,0
DA:55,0
DA:56,0
DA:57,0
DA:58,0
DA:59,0
DA:60,0
DA:61,0
DA:62,0
DA:63,0
DA:64,0
DA:65,0
DA:66,0
DA:67,0
DA:72,0
DA:73,0
DA:74,0
DA:75,0
DA:76,0
DA:77,0
DA:78,0
DA:79,0
DA:80,0
DA:81,0
DA:82,0
DA:83,0
DA:84,0
DA:85,0
DA:86,0
DA:87,0
DA:88,0
DA:89,0
DA:94,0
DA:96,0
DA:98,0
DA:100,0
DA:102,0
DA:110,0
DA:112,0
DA:114,0
DA:116,0
DA:118,0
DA:120,0
DA:126,0
DA:127,0
DA:128,0
DA:129,0
DA:130,0
DA:132,0
DA:139,0
DA:146,0
DA:147,0
DA:148,0
DA:149,0
DA:150,0
DA:155,0
DA:156,0
DA:157,0
DA:158,0
DA:159,0
DA:164,0
DA:165,0
DA:166,0
DA:167,0
DA:168,0
DA:175,0
DA:186,0
DA:187,0
DA:188,0
DA:189,0
DA:190,0
DA:191,0
DA:192,0
DA:193,0
DA:194,0
DA:199,0
DA:200,0
DA:201,0
DA:202,0
DA:203,0
DA:204,0
DA:205,0
DA:206,0
DA:207,0
DA:212,0
DA:213,0
DA:214,0
DA:215,0
DA:216,0
DA:217,0
DA:218,0
DA:219,0
DA:220,0
LF:116
LH:0
end_of_record
SF:lib\features\messages\data\models\message_model.dart
DA:11,1
DA:29,1
DA:30,1
DA:31,1
DA:32,1
DA:33,1
DA:34,1
DA:35,1
DA:36,1
DA:37,1
DA:38,1
DA:39,1
DA:40,1
DA:41,1
DA:42,1
DA:43,2
DA:44,1
DA:45,2
DA:51,0
DA:52,0
DA:53,0
DA:55,0
DA:60,1
DA:61,1
DA:62,2
DA:63,2
DA:64,2
DA:65,2
DA:66,2
DA:67,2
DA:68,2
DA:69,1
DA:70,1
DA:71,1
DA:72,1
DA:73,2
DA:74,3
DA:75,1
DA:80,1
DA:81,1
DA:83,1
DA:88,1
DA:89,1
DA:90,1
DA:91,1
DA:92,1
DA:93,1
DA:94,1
DA:95,1
DA:96,1
DA:97,1
DA:98,1
DA:99,1
DA:100,1
DA:101,1
DA:102,1
DA:103,1
DA:108,1
DA:109,1
DA:110,1
DA:111,1
DA:112,1
DA:113,1
DA:114,1
DA:115,1
DA:116,1
DA:117,1
DA:118,1
DA:119,1
DA:120,1
DA:121,1
DA:122,1
DA:123,1
DA:128,1
DA:145,1
DA:146,1
DA:147,1
DA:148,1
DA:149,1
DA:150,1
DA:151,1
DA:152,1
DA:153,1
DA:154,1
DA:155,1
DA:156,1
DA:157,1
DA:158,1
DA:159,1
LF:89
LH:85
end_of_record
SF:lib\features\messages\domain\entities\message_entity.dart
DA:8,2
DA:43,8
DA:46,8
DA:49,6
DA:52,8
DA:55,4
DA:59,2
DA:60,4
DA:64,1
DA:65,2
DA:69,1
DA:70,2
DA:74,1
DA:75,1
DA:76,2
DA:78,2
DA:79,0
DA:80,0
DA:81,2
DA:82,0
DA:83,0
DA:84,2
DA:85,2
DA:86,2
DA:87,2
DA:88,2
DA:89,2
DA:96,1
DA:97,1
DA:99,2
DA:100,2
DA:101,3
DA:105,1
DA:121,1
DA:122,1
DA:123,1
DA:124,1
DA:125,1
DA:126,1
DA:127,1
DA:128,1
DA:129,1
DA:130,1
DA:131,1
DA:132,1
DA:133,1
DA:134,1
DA:135,1
DA:141,1
DA:145,4
DA:148,1
DA:149,2
DA:151,1
DA:153,7
LF:54
LH:50
end_of_record
SF:lib\features\search\data\repositories\search_repository_impl.dart
DA:11,1
DA:14,1
DA:22,0
DA:28,0
DA:31,0
DA:32,0
DA:35,0
DA:36,0
DA:39,0
DA:40,0
DA:43,0
DA:45,0
DA:47,0
DA:51,0
DA:57,0
DA:58,0
DA:59,0
DA:60,0
DA:61,0
DA:62,0
DA:64,0
DA:65,0
DA:66,0
DA:67,0
DA:69,0
DA:70,0
DA:71,0
DA:73,0
DA:75,0
DA:76,0
DA:77,0
DA:78,0
DA:81,0
DA:83,0
DA:87,0
DA:93,0
DA:94,0
DA:95,0
DA:96,0
DA:97,0
DA:98,0
DA:100,0
DA:101,0
DA:102,0
DA:103,0
DA:105,0
DA:106,0
DA:107,0
DA:109,0
DA:111,0
DA:112,0
DA:113,0
DA:114,0
DA:115,0
DA:118,0
DA:120,0
DA:124,0
DA:130,0
DA:132,0
DA:133,0
DA:134,0
DA:135,0
DA:136,0
DA:137,0
DA:139,0
DA:140,0
DA:141,0
DA:142,0
DA:144,0
DA:145,0
DA:146,0
DA:147,0
DA:148,0
DA:149,0
DA:152,0
DA:154,0
DA:158,0
DA:164,0
DA:167,0
DA:168,0
DA:169,0
DA:170,0
DA:171,0
DA:173,0
DA:174,0
DA:175,0
DA:176,0
DA:178,0
DA:184,0
DA:188,0
DA:193,0
DA:194,0
DA:196,0
DA:197,0
DA:199,0
DA:202,0
DA:204,0
DA:208,0
DA:211,0
DA:212,0
DA:215,0
DA:218,0
DA:221,0
DA:222,0
DA:225,0
DA:227,0
DA:231,0
DA:234,0
DA:235,0
DA:237,0
DA:241,0
DA:244,0
DA:245,0
DA:247,0
DA:249,0
DA:251,0
DA:255,0
DA:261,0
DA:262,0
DA:263,0
DA:264,0
DA:265,0
DA:267,0
DA:269,0
DA:274,0
DA:275,0
DA:276,0
DA:278,0
DA:280,0
DA:282,0
LF:130
LH:2
end_of_record
SF:lib\features\search\domain\entities\search_result_entity.dart
DA:13,0
DA:32,0
DA:35,0
DA:36,0
DA:37,0
DA:39,0
DA:41,0
DA:43,0
DA:45,0
DA:47,0
DA:53,0
DA:54,0
DA:55,0
DA:57,0
DA:59,0
DA:61,0
DA:63,0
DA:65,0
DA:70,0
DA:71,0
DA:72,0
DA:73,0
DA:74,0
DA:75,0
DA:76,0
DA:77,0
DA:78,0
DA:81,0
DA:90,0
DA:91,0
DA:92,0
DA:93,0
DA:94,0
DA:95,0
DA:96,0
DA:97,0
DA:114,0
DA:127,0
DA:128,0
DA:129,0
DA:130,0
DA:131,0
DA:133,0
DA:137,0
DA:138,0
DA:140,0
DA:146,0
DA:147,0
DA:148,0
DA:149,0
DA:150,0
DA:157,0
DA:170,0
DA:171,0
DA:172,0
DA:174,0
DA:176,0
DA:178,0
DA:183,0
DA:184,0
DA:197,0
DA:208,0
DA:209,0
DA:210,0
DA:212,0
DA:213,0
DA:214,0
DA:215,0
DA:216,0
DA:217,0
DA:219,0
DA:223,0
DA:224,0
LF:73
LH:0
end_of_record
SF:lib\features\search\data\models\search_result_model.dart
DA:8,0
DA:19,0
DA:20,0
DA:21,0
DA:22,0
DA:23,0
DA:24,0
DA:25,0
DA:26,0
DA:27,0
DA:32,0
DA:33,0
DA:34,0
DA:35,0
DA:36,0
DA:37,0
DA:38,0
DA:39,0
DA:40,0
DA:45,0
DA:46,0
DA:47,0
DA:48,0
DA:49,0
DA:50,0
DA:51,0
DA:52,0
DA:53,0
DA:58,0
DA:60,0
DA:62,0
DA:64,0
DA:66,0
DA:68,0
DA:70,0
DA:78,0
DA:80,0
DA:82,0
DA:84,0
DA:86,0
DA:88,0
DA:90,0
DA:98,0
DA:106,0
DA:107,0
DA:108,0
DA:109,0
DA:110,0
DA:111,0
DA:116,0
DA:117,0
DA:118,0
DA:119,0
DA:121,0
DA:126,0
DA:127,0
DA:128,0
DA:129,0
DA:130,0
DA:131,0
DA:138,0
DA:146,0
DA:147,0
DA:148,0
DA:149,0
DA:150,0
DA:151,0
DA:156,0
DA:157,0
DA:158,0
DA:159,0
DA:160,0
DA:161,0
DA:166,0
DA:167,0
DA:168,0
DA:169,0
DA:170,0
DA:171,0
DA:176,0
DA:178,0
DA:180,0
DA:182,0
DA:184,0
DA:192,0
DA:194,0
DA:196,0
DA:198,0
DA:200,0
DA:208,0
DA:215,0
DA:216,0
DA:217,0
DA:218,0
DA:219,0
DA:224,0
DA:225,0
DA:226,0
DA:227,0
DA:228,0
DA:233,0
DA:234,0
DA:235,0
DA:236,0
DA:237,0
DA:242,0
DA:243,0
DA:244,0
DA:245,0
DA:246,0
DA:248,0
LF:111
LH:0
end_of_record
SF:lib\features\stories\domain\entities\story_entity.dart
DA:10,1
DA:47,1
DA:48,3
DA:52,3
DA:55,3
DA:58,1
DA:59,1
DA:60,3
DA:64,1
DA:65,3
DA:66,2
DA:67,2
DA:68,2
DA:69,2
DA:70,2
DA:71,2
DA:77,1
DA:95,1
DA:96,1
DA:97,1
DA:98,1
DA:99,1
DA:100,1
DA:101,1
DA:102,1
DA:103,1
DA:104,1
DA:105,1
DA:106,1
DA:107,1
DA:108,1
DA:109,1
DA:110,1
DA:111,1
DA:115,1
DA:116,1
DA:117,1
DA:118,1
DA:119,1
DA:120,1
DA:121,1
DA:122,1
DA:123,1
DA:124,1
DA:125,1
DA:126,1
DA:127,1
DA:128,1
DA:129,1
DA:130,1
DA:131,1
DA:132,1
DA:148,1
DA:165,3
DA:168,5
DA:171,6
DA:174,6
DA:177,6
DA:180,1
DA:181,2
DA:182,6
DA:185,1
DA:193,1
DA:194,1
DA:195,1
DA:196,1
DA:197,1
DA:198,1
DA:199,1
DA:203,1
DA:204,1
DA:205,1
DA:206,1
DA:207,1
DA:208,1
DA:209,1
DA:210,1
LF:77
LH:77
end_of_record
SF:lib\features\voice_messages\data\datasources\voice_recording_local_data_source.dart
DA:64,1
DA:67,0
DA:81,1
DA:85,2
DA:86,1
DA:90,1
DA:93,0
DA:94,0
DA:95,0
DA:96,0
DA:99,0
DA:101,0
DA:102,0
DA:106,2
DA:110,1
DA:114,2
DA:115,1
DA:119,2
DA:122,1
DA:125,1
DA:126,1
DA:127,1
DA:131,1
DA:132,1
DA:133,2
DA:137,1
DA:141,2
DA:142,2
DA:146,1
DA:147,0
DA:148,0
DA:149,0
DA:153,1
DA:154,1
DA:158,0
DA:162,1
DA:165,2
DA:166,1
DA:169,2
DA:172,2
DA:176,1
DA:179,2
DA:180,1
DA:183,2
DA:186,2
DA:190,1
DA:192,2
DA:195,0
DA:197,0
DA:201,0
DA:202,0
DA:205,1
DA:208,1
DA:209,1
DA:210,0
DA:215,0
DA:219,1
DA:222,1
DA:223,1
DA:224,0
DA:228,0
DA:237,2
DA:239,1
DA:240,2
LF:64
LH:44
end_of_record
SF:lib\features\voice_messages\data\datasources\voice_storage_remote_data_source.dart
DA:56,1
DA:58,0
DA:62,0
DA:63,0
DA:66,1
DA:73,3
DA:74,1
DA:77,0
DA:78,0
DA:79,0
DA:83,0
DA:84,0
DA:87,0
DA:89,0
DA:90,0
DA:91,0
DA:92,0
DA:93,0
DA:98,0
DA:102,0
DA:103,0
DA:104,0
DA:112,0
DA:115,0
DA:120,1
DA:121,0
DA:123,2
DA:127,1
DA:134,3
DA:135,1
DA:139,0
DA:142,0
DA:143,0
DA:144,0
DA:147,0
DA:151,0
DA:152,0
DA:153,0
DA:161,0
DA:164,1
DA:165,0
DA:167,2
DA:171,0
DA:175,0
DA:178,0
DA:181,0
DA:182,0
DA:186,0
DA:188,0
DA:192,0
DA:195,0
DA:196,0
DA:198,0
DA:199,0
DA:200,0
DA:201,0
DA:203,0
DA:205,0
DA:214,2
DA:216,1
DA:217,2
LF:61
LH:14
end_of_record
SF:lib\features\voice_messages\data\models\voice_message_model.dart
DA:11,3
DA:28,2
DA:29,2
DA:30,2
DA:31,2
DA:32,2
DA:33,2
DA:34,2
DA:35,2
DA:36,2
DA:37,2
DA:38,2
DA:39,2
DA:40,2
DA:41,2
DA:42,2
DA:47,0
DA:48,0
DA:50,0
DA:51,0
DA:52,0
DA:53,0
DA:54,0
DA:55,0
DA:57,0
DA:58,0
DA:59,0
DA:62,0
DA:68,1
DA:69,1
DA:70,1
DA:71,1
DA:72,1
DA:73,1
DA:74,1
DA:75,1
DA:76,1
DA:77,1
DA:78,2
DA:79,1
DA:80,2
DA:81,1
DA:82,2
DA:87,1
DA:88,1
DA:89,1
DA:90,1
DA:91,1
DA:92,1
DA:93,1
DA:94,1
DA:95,2
DA:96,1
DA:101,1
DA:102,1
DA:103,1
DA:104,1
DA:105,1
DA:106,1
DA:107,1
DA:108,1
DA:109,1
DA:110,1
DA:111,2
DA:112,1
DA:113,1
DA:114,1
DA:115,1
DA:122,2
DA:138,2
DA:139,2
DA:140,2
DA:141,2
DA:143,4
DA:144,2
DA:145,4
DA:146,2
DA:147,2
DA:148,2
DA:149,2
DA:150,2
DA:151,2
DA:152,2
LF:83
LH:71
end_of_record
SF:lib\features\voice_messages\domain\entities\voice_message_entity.dart
DA:37,8
DA:57,3
DA:72,3
DA:73,3
DA:74,3
DA:75,3
DA:77,6
DA:78,3
DA:79,6
DA:80,3
DA:81,3
DA:82,3
DA:83,3
DA:84,3
DA:85,3
DA:86,3
DA:93,1
DA:94,2
DA:95,2
DA:96,5
DA:100,1
DA:101,2
DA:102,1
DA:103,1
DA:104,5
DA:108,1
DA:109,2
DA:110,2
DA:111,3
DA:112,3
DA:113,1
DA:115,4
DA:116,1
DA:121,1
DA:122,3
DA:126,1
DA:127,2
DA:128,6
DA:132,2
DA:133,6
DA:134,6
DA:139,1
DA:140,5
DA:144,1
DA:145,3
DA:146,3
DA:150,1
DA:151,3
DA:157,2
DA:158,4
DA:159,4
DA:160,4
DA:161,4
DA:162,4
DA:163,4
DA:164,4
DA:165,8
DA:168,1
DA:169,1
DA:170,1
DA:171,1
DA:172,1
DA:173,1
DA:174,1
DA:175,1
DA:176,1
DA:177,1
DA:178,1
DA:179,1
DA:180,1
DA:181,1
DA:182,1
DA:185,1
DA:187,1
DA:188,1
DA:189,1
DA:190,1
DA:191,1
DA:192,1
DA:193,1
DA:194,1
DA:195,1
DA:196,1
DA:197,1
DA:198,1
DA:199,1
DA:200,1
LF:87
LH:87
end_of_record
SF:lib\core\error\failures.dart
DA:10,3
DA:12,0
DA:13,0
DA:15,0
DA:16,0
DA:21,0
DA:26,0
DA:27,0
DA:32,0
DA:37,4
DA:42,0
DA:47,0
DA:48,0
DA:53,0
DA:58,2
DA:63,2
DA:68,2
DA:73,0
DA:78,2
LF:19
LH:6
end_of_record
SF:lib\features\voice_messages\data\repositories\voice_recording_repository_impl.dart
DA:19,1
DA:25,1
DA:28,2
DA:29,1
DA:30,1
DA:31,3
DA:33,3
DA:37,1
DA:41,2
DA:44,2
DA:47,2
DA:50,2
DA:53,1
DA:54,2
DA:61,1
DA:66,1
DA:67,1
DA:68,3
DA:70,0
DA:74,1
DA:77,2
DA:78,1
DA:79,1
DA:80,3
DA:82,0
DA:86,0
DA:89,0
DA:90,0
DA:91,0
DA:92,0
DA:94,0
DA:98,0
DA:101,0
DA:102,0
DA:103,0
DA:104,0
DA:106,0
DA:110,0
DA:113,0
DA:114,0
DA:116,0
DA:120,0
DA:123,0
DA:124,0
DA:126,0
DA:130,1
DA:137,1
DA:140,2
DA:146,1
DA:147,3
DA:150,1
DA:151,1
DA:152,3
DA:154,0
DA:158,1
DA:165,1
DA:168,2
DA:173,1
DA:174,1
DA:175,3
DA:177,0
DA:181,0
DA:187,0
DA:188,0
DA:189,0
DA:193,0
DA:194,0
DA:197,0
DA:198,0
DA:199,0
DA:200,0
DA:201,0
DA:203,0
DA:207,0
DA:213,0
DA:216,0
DA:222,0
DA:225,0
DA:231,0
DA:234,0
DA:240,0
DA:246,0
DA:253,0
DA:256,0
DA:262,0
DA:265,0
DA:271,0
DA:274,0
DA:281,0
LF:89
LH:37
end_of_record
SF:lib\features\voice_messages\domain\usecases\play_voice_message_usecase.dart
DA:26,1
DA:39,1
DA:43,2
DA:44,1
DA:45,1
DA:51,3
DA:59,1
DA:63,0
DA:64,0
LF:9
LH:7
end_of_record
SF:lib\features\voice_messages\domain\usecases\start_recording_usecase.dart
DA:23,1
DA:34,1
DA:35,2
LF:3
LH:3
end_of_record
SF:lib\features\voice_messages\domain\usecases\stop_recording_usecase.dart
DA:24,1
DA:34,1
DA:35,2
LF:3
LH:3
end_of_record
SF:lib\features\voice_messages\domain\usecases\upload_voice_message_usecase.dart
DA:29,1
DA:43,1
DA:47,2
DA:48,1
DA:49,1
DA:56,2
DA:57,3
DA:58,1
DA:59,1
DA:65,2
DA:66,1
DA:67,1
DA:77,1
DA:82,0
DA:83,0
LF:15
LH:13
end_of_record
SF:lib\features\voice_messages\presentation\state\voice_recording_state.dart
DA:55,4
DA:58,3
DA:61,3
DA:64,3
DA:67,3
DA:70,3
DA:73,3
DA:76,3
DA:79,3
DA:82,2
DA:85,2
DA:88,1
DA:89,2
DA:90,2
DA:91,5
DA:95,1
DA:96,3
DA:97,1
DA:98,1
DA:99,5
DA:103,4
DA:105,1
DA:116,1
DA:121,1
DA:126,1
DA:135,1
DA:140,1
DA:149,1
DA:153,1
DA:161,1
DA:165,1
DA:169,1
DA:174,1
DA:177,1
DA:181,1
DA:186,1
DA:190,1
DA:198,1
DA:207,1
DA:208,1
DA:209,0
DA:210,1
DA:211,1
DA:212,1
DA:213,1
DA:214,1
DA:218,1
DA:219,1
DA:220,1
DA:221,1
DA:222,1
DA:223,1
DA:224,1
DA:225,1
DA:226,1
DA:229,1
DA:231,1
DA:232,1
DA:233,1
DA:234,1
DA:235,1
DA:236,1
DA:237,1
DA:238,1
LF:64
LH:63
end_of_record
SF:lib\features\posts\presentation\widgets\photo_zoom_viewer.dart
DA:27,1
DA:48,1
DA:49,1
DA:56,1
DA:58,1
DA:59,3
DA:60,4
DA:63,1
DA:66,1
DA:68,2
DA:70,1
DA:74,1
DA:77,1
DA:79,1
DA:81,1
DA:82,1
DA:84,1
DA:86,1
DA:87,3
DA:88,1
DA:89,2
DA:90,1
DA:91,1
DA:92,2
DA:96,1
DA:100,1
DA:104,4
DA:105,1
DA:109,1
DA:116,1
DA:120,3
DA:122,1
DA:123,1
DA:125,3
DA:126,3
DA:127,2
DA:128,4
DA:130,1
DA:131,1
DA:136,1
DA:137,1
DA:138,1
DA:139,0
DA:141,0
DA:147,1
DA:148,1
DA:149,1
DA:150,1
DA:153,1
DA:154,1
DA:159,1
DA:160,5
DA:165,1
DA:167,1
DA:169,1
DA:171,4
DA:175,4
DA:176,1
DA:178,1
DA:179,1
DA:180,1
DA:182,1
DA:183,6
DA:192,1
DA:195,1
DA:201,1
DA:202,1
DA:203,1
DA:204,1
DA:207,1
DA:208,1
DA:213,1
DA:214,5
DA:217,1
DA:219,1
DA:220,3
DA:221,2
DA:225,1
DA:227,2
DA:229,1
DA:237,1
DA:238,1
DA:256,0
DA:257,0
DA:258,0
LF:85
LH:80
end_of_record
SF:lib\features\feed\widgets\video_post_widget.dart
DA:29,1
DA:48,1
DA:49,1
DA:60,1
DA:62,1
DA:63,3
DA:64,1
DA:67,1
DA:69,2
DA:70,1
DA:73,1
DA:75,2
DA:76,3
DA:77,1
DA:83,2
DA:85,0
DA:86,0
DA:87,0
DA:91,0
DA:94,0
DA:97,0
DA:98,0
DA:99,0
DA:104,0
DA:105,0
DA:109,1
DA:110,2
DA:111,1
DA:112,1
DA:114,2
DA:119,0
DA:120,0
DA:121,0
DA:123,0
DA:125,0
DA:128,0
DA:129,0
DA:130,0
DA:131,0
DA:135,1
DA:136,2
DA:137,2
DA:141,0
DA:142,0
DA:143,0
DA:144,0
DA:147,1
DA:149,1
DA:150,4
DA:151,0
DA:152,0
DA:155,0
DA:156,0
DA:157,0
DA:161,0
DA:162,0
DA:166,1
DA:167,1
DA:168,1
DA:170,1
DA:172,1
DA:174,1
DA:175,1
DA:176,1
DA:177,2
DA:178,1
DA:179,1
DA:181,1
DA:182,0
DA:183,0
DA:185,2
DA:186,1
DA:187,1
DA:188,2
DA:193,0
DA:196,2
DA:197,1
DA:204,1
DA:205,1
DA:206,1
DA:208,1
DA:215,1
DA:216,1
DA:227,1
DA:228,0
DA:229,0
DA:230,0
DA:231,0
DA:232,0
DA:233,0
DA:236,0
DA:237,0
DA:250,1
DA:251,0
DA:255,0
DA:256,0
DA:257,0
DA:260,0
DA:261,0
DA:267,0
DA:269,0
DA:271,0
DA:272,0
DA:282,0
DA:283,0
DA:285,0
DA:286,0
DA:287,0
DA:288,0
DA:296,0
DA:297,0
DA:298,0
DA:299,0
DA:300,0
DA:310,0
DA:311,0
DA:312,0
DA:313,0
LF:118
LH:52
end_of_record
SF:lib\core\theme\app_spacing.dart
DA:7,0
LF:1
LH:0
end_of_record
