SF:lib\core\config\environment_config.dart
DA:17,1
DA:77,6
DA:80,6
DA:86,0
DA:96,0
DA:97,0
DA:98,0
DA:99,0
DA:102,0
DA:103,0
DA:115,3
DA:118,0
DA:121,3
DA:123,0
DA:125,0
DA:135,0
DA:195,0
DA:231,0
DA:234,3
DA:237,3
DA:238,3
DA:239,3
DA:240,3
DA:243,3
DA:244,3
DA:245,3
DA:248,3
DA:249,3
DA:250,3
DA:253,3
DA:254,3
DA:257,3
DA:258,0
DA:261,3
DA:262,3
LF:35
LH:21
end_of_record
SF:lib\core\domain\entities\notification_entity.dart
DA:24,2
DA:49,2
DA:50,2
DA:51,2
DA:53,1
DA:55,1
DA:57,1
DA:59,1
DA:61,1
DA:63,1
DA:65,1
DA:67,1
DA:73,2
DA:74,2
DA:75,4
DA:77,4
DA:79,4
DA:80,1
DA:81,2
DA:82,4
DA:83,2
DA:84,4
DA:85,2
DA:86,1
DA:87,2
DA:88,2
DA:89,3
DA:90,2
DA:91,2
DA:92,3
DA:93,2
DA:95,3
DA:96,2
DA:101,1
DA:102,1
DA:103,2
DA:104,2
DA:108,1
DA:109,1
DA:110,4
DA:111,4
DA:112,4
DA:116,1
DA:117,1
DA:118,2
DA:122,1
DA:123,4
DA:127,1
DA:128,1
DA:129,1
DA:131,1
DA:139,2
DA:151,2
DA:152,2
DA:153,2
DA:154,2
DA:155,2
DA:156,2
DA:157,2
DA:158,2
DA:159,2
DA:160,2
DA:161,2
DA:165,1
DA:166,1
DA:167,1
DA:168,1
DA:169,1
DA:170,1
DA:171,1
DA:172,1
DA:173,1
DA:174,1
DA:175,1
DA:176,1
LF:75
LH:75
end_of_record
SF:lib\core\services\app_info_service.dart
DA:7,1
DA:11,1
DA:12,2
DA:18,0
DA:25,1
DA:27,1
DA:28,0
DA:30,0
DA:31,0
DA:32,0
DA:33,0
DA:36,2
DA:41,1
DA:42,1
DA:43,0
DA:47,1
DA:48,1
DA:49,0
DA:53,1
DA:54,1
DA:55,0
DA:59,1
DA:60,1
DA:61,0
DA:65,1
DA:66,1
DA:67,0
DA:71,1
DA:72,1
DA:77,1
DA:78,1
DA:79,0
DA:80,0
DA:81,0
DA:82,0
DA:88,1
DA:89,1
DA:90,0
DA:91,0
DA:92,0
DA:99,1
DA:100,1
DA:101,0
DA:102,0
DA:103,0
DA:110,1
DA:111,1
DA:112,0
DA:113,0
DA:114,0
DA:115,0
DA:121,1
DA:122,1
DA:123,0
DA:125,0
DA:127,0
DA:129,0
DA:131,0
DA:138,1
DA:139,1
DA:141,1
DA:143,1
DA:145,0
DA:147,0
DA:149,0
DA:156,1
DA:157,1
DA:158,0
DA:159,0
DA:160,0
DA:161,0
DA:167,1
DA:168,1
DA:169,0
DA:173,1
DA:174,1
DA:175,0
DA:179,1
DA:180,1
DA:181,0
DA:185,1
DA:186,1
DA:187,0
DA:191,1
DA:192,1
DA:193,0
DA:197,1
DA:198,1
DA:199,0
DA:203,1
DA:204,1
DA:205,0
DA:209,1
DA:210,1
DA:211,0
DA:212,0
DA:213,0
DA:214,0
DA:215,0
DA:216,0
DA:217,0
DA:218,0
DA:223,1
DA:224,1
DA:225,0
DA:227,0
DA:228,0
DA:229,0
DA:231,0
DA:232,0
DA:233,0
DA:234,0
DA:235,0
DA:236,0
DA:238,0
DA:239,0
DA:240,0
DA:241,0
DA:242,0
DA:243,0
DA:244,0
DA:245,0
DA:246,0
DA:247,0
DA:250,0
DA:254,1
DA:255,1
DA:256,0
DA:259,0
DA:260,0
DA:261,0
DA:262,0
DA:263,0
DA:264,0
DA:267,0
DA:268,0
DA:269,0
DA:270,0
DA:271,0
DA:272,0
DA:273,0
DA:276,0
DA:277,0
DA:278,0
DA:279,0
DA:280,0
DA:281,0
DA:282,0
DA:283,0
DA:284,0
DA:291,1
LF:151
LH:55
end_of_record
SF:lib\core\services\fcm_service.dart
DA:8,1
DA:12,1
DA:13,2
DA:19,0
DA:21,3
DA:22,2
DA:23,1
DA:26,2
DA:27,2
DA:28,1
DA:29,1
DA:32,0
DA:35,0
DA:36,0
DA:63,0
DA:66,0
DA:75,0
DA:76,0
DA:78,0
DA:82,0
DA:85,0
DA:90,1
DA:92,1
DA:103,2
DA:108,1
DA:110,1
DA:113,2
DA:118,1
DA:120,1
DA:123,2
DA:128,1
DA:130,1
DA:132,2
DA:137,1
DA:138,1
DA:143,1
DA:144,1
DA:145,2
DA:149,0
DA:151,0
DA:156,1
DA:157,1
DA:162,1
DA:163,1
DA:164,2
DA:168,0
DA:170,0
DA:175,0
DA:200,0
DA:210,0
DA:211,0
DA:215,0
DA:216,0
DA:220,1
DA:221,2
DA:228,0
LF:56
LH:34
end_of_record
SF:lib\core\navigation\main_navigation.dart
DA:15,0
DA:26,1
DA:27,1
DA:31,1
DA:33,1
DA:35,2
DA:36,2
DA:37,0
DA:38,0
DA:39,0
DA:45,1
DA:47,3
DA:48,3
DA:50,1
DA:51,1
DA:52,1
DA:54,3
DA:55,1
DA:57,0
DA:58,0
DA:59,0
DA:63,3
DA:66,2
DA:68,1
DA:70,0
DA:71,0
DA:72,0
DA:79,1
DA:80,1
DA:84,0
DA:86,0
DA:87,0
DA:89,0
DA:90,0
DA:92,0
DA:93,0
DA:95,0
DA:96,0
DA:102,0
DA:104,0
DA:105,0
DA:107,0
DA:108,0
DA:110,0
DA:111,0
DA:113,0
DA:114,0
DA:116,0
DA:117,0
DA:125,1
DA:133,0
DA:135,0
DA:136,0
DA:137,0
DA:138,0
DA:139,0
DA:141,0
DA:171,1
DA:179,1
DA:181,1
DA:183,2
DA:184,1
DA:185,1
DA:187,1
DA:188,0
DA:189,0
DA:190,0
DA:192,0
DA:197,1
DA:199,1
DA:201,1
DA:203,1
DA:205,1
DA:207,1
LF:74
LH:33
end_of_record
SF:lib\core\router\app_router_provider.dart
DA:13,4
DA:14,2
DA:16,1
DA:17,1
LF:4
LH:4
end_of_record
SF:lib\pages\auth\login_page.dart
DA:9,0
DA:11,0
DA:12,0
DA:22,0
DA:24,0
DA:25,0
DA:26,0
DA:29,0
DA:30,0
DA:32,0
DA:35,0
DA:36,0
DA:37,0
DA:38,0
DA:41,0
DA:42,0
DA:44,0
DA:45,0
DA:46,0
DA:47,0
DA:51,0
DA:52,0
DA:57,0
DA:58,0
DA:59,0
DA:61,0
DA:63,0
DA:64,0
DA:65,0
DA:67,0
DA:69,0
DA:72,0
DA:78,0
DA:81,0
DA:85,0
DA:86,0
DA:89,0
DA:90,0
DA:93,0
DA:102,0
DA:103,0
DA:104,0
DA:107,0
DA:108,0
DA:109,0
DA:110,0
DA:113,0
DA:123,0
DA:125,0
DA:126,0
DA:128,0
DA:129,0
DA:130,0
DA:131,0
DA:132,0
DA:138,0
DA:139,0
DA:140,0
DA:141,0
DA:142,0
DA:150,0
DA:153,0
DA:155,0
DA:157,0
DA:158,0
DA:159,0
DA:161,0
DA:162,0
DA:163,0
DA:165,0
DA:169,0
DA:170,0
DA:203,0
DA:205,0
DA:213,0
DA:214,0
DA:241,0
DA:242,0
DA:243,0
DA:247,0
DA:248,0
DA:251,0
DA:252,0
DA:255,0
DA:256,0
DA:266,0
DA:267,0
DA:270,0
DA:291,0
DA:292,0
DA:293,0
DA:294,0
DA:298,0
DA:299,0
DA:302,0
DA:303,0
DA:306,0
DA:307,0
DA:314,0
DA:315,0
DA:316,0
DA:321,0
DA:322,0
DA:327,0
DA:328,0
DA:329,0
DA:332,0
DA:341,0
DA:343,0
DA:344,0
DA:345,0
DA:348,0
DA:349,0
DA:353,0
DA:376,0
DA:378,0
DA:379,0
DA:393,0
DA:394,0
LF:119
LH:0
end_of_record
SF:lib\pages\auth\signup_page.dart
DA:13,0
DA:15,0
DA:16,0
DA:34,0
DA:36,0
DA:37,0
DA:38,0
DA:39,0
DA:40,0
DA:44,0
DA:45,0
DA:48,0
DA:49,0
DA:55,0
DA:56,0
DA:59,0
DA:61,0
DA:64,0
DA:65,0
DA:67,0
DA:68,0
DA:69,0
DA:76,0
DA:81,0
DA:82,0
DA:84,0
DA:87,0
DA:88,0
DA:89,0
DA:90,0
DA:91,0
DA:92,0
DA:96,0
DA:98,0
DA:102,0
DA:103,0
DA:104,0
DA:105,0
DA:108,0
DA:113,0
DA:115,0
DA:117,0
DA:119,0
DA:122,0
DA:125,0
DA:126,0
DA:127,0
DA:128,0
DA:132,0
DA:133,0
DA:138,0
DA:140,0
DA:142,0
DA:143,0
DA:144,0
DA:146,0
DA:147,0
DA:148,0
DA:150,0
DA:154,0
DA:155,0
DA:199,0
DA:201,0
DA:209,0
DA:210,0
DA:225,0
DA:226,0
DA:227,0
DA:228,0
DA:231,0
DA:234,0
DA:239,0
DA:240,0
DA:241,0
DA:242,0
DA:243,0
DA:284,0
DA:285,0
DA:286,0
DA:290,0
DA:291,0
DA:294,0
DA:295,0
DA:298,0
DA:299,0
DA:308,0
DA:309,0
DA:330,0
DA:331,0
DA:332,0
DA:336,0
DA:337,0
DA:340,0
DA:341,0
DA:344,0
DA:345,0
DA:355,0
DA:356,0
DA:359,0
DA:380,0
DA:381,0
DA:382,0
DA:386,0
DA:387,0
DA:390,0
DA:391,0
DA:394,0
DA:395,0
DA:405,0
DA:406,0
DA:409,0
DA:430,0
DA:431,0
DA:432,0
DA:433,0
DA:437,0
DA:438,0
DA:441,0
DA:442,0
DA:445,0
DA:446,0
DA:453,0
DA:454,0
DA:455,0
DA:460,0
DA:461,0
DA:466,0
DA:467,0
DA:468,0
DA:471,0
DA:480,0
DA:482,0
DA:483,0
DA:484,0
DA:487,0
DA:488,0
DA:492,0
DA:515,0
DA:516,0
LF:139
LH:0
end_of_record
SF:lib\pages\create_post\create_post_page.dart
DA:18,0
DA:20,0
DA:21,0
DA:32,0
DA:34,0
DA:35,0
DA:39,0
DA:41,0
DA:42,0
DA:43,0
DA:45,0
DA:46,0
DA:47,0
DA:51,0
DA:52,0
DA:53,0
DA:54,0
DA:63,0
DA:65,0
DA:67,0
DA:68,0
DA:70,0
DA:74,0
DA:75,0
DA:76,0
DA:77,0
DA:86,0
DA:89,0
DA:90,0
DA:99,0
DA:104,0
DA:105,0
DA:106,0
DA:113,0
DA:114,0
DA:115,0
DA:118,0
DA:119,0
DA:120,0
DA:125,0
DA:126,0
DA:132,0
DA:133,0
DA:136,0
DA:138,0
DA:141,0
DA:143,0
DA:145,0
DA:149,0
DA:152,0
DA:155,0
DA:158,0
DA:159,0
DA:160,0
DA:162,0
DA:164,0
DA:170,0
DA:171,0
DA:172,0
DA:173,0
DA:182,0
DA:183,0
DA:185,0
DA:186,0
DA:187,0
DA:188,0
DA:190,0
DA:192,0
DA:193,0
DA:199,0
DA:200,0
DA:201,0
DA:202,0
DA:208,0
DA:209,0
DA:211,0
DA:212,0
DA:213,0
DA:215,0
DA:217,0
DA:221,0
DA:222,0
DA:223,0
DA:226,0
DA:227,0
DA:228,0
DA:229,0
DA:230,0
DA:242,0
DA:243,0
DA:244,0
DA:245,0
DA:246,0
DA:252,0
DA:253,0
DA:254,0
DA:259,0
DA:260,0
DA:262,0
DA:263,0
DA:268,0
DA:269,0
DA:270,0
DA:271,0
DA:272,0
DA:276,0
DA:277,0
DA:288,0
DA:291,0
DA:297,0
DA:299,0
DA:300,0
DA:301,0
DA:302,0
DA:305,0
DA:306,0
DA:315,0
DA:317,0
DA:319,0
DA:320,0
DA:332,0
DA:333,0
DA:334,0
DA:335,0
DA:339,0
DA:340,0
DA:343,0
DA:345,0
DA:353,0
DA:356,0
DA:357,0
DA:358,0
DA:359,0
DA:365,0
DA:366,0
DA:367,0
DA:373,0
DA:375,0
DA:376,0
DA:377,0
DA:379,0
DA:382,0
DA:383,0
DA:384,0
DA:385,0
DA:386,0
DA:387,0
DA:388,0
DA:390,0
DA:406,0
DA:408,0
DA:410,0
DA:412,0
DA:413,0
DA:419,0
DA:421,0
DA:429,0
DA:431,0
DA:432,0
DA:442,0
DA:443,0
DA:449,0
DA:450,0
DA:455,0
DA:456,0
DA:464,0
DA:465,0
DA:466,0
DA:467,0
DA:468,0
DA:471,0
DA:472,0
DA:473,0
DA:474,0
DA:479,0
DA:482,0
DA:487,0
DA:489,0
DA:490,0
DA:491,0
DA:501,0
DA:502,0
DA:503,0
DA:504,0
DA:507,0
DA:508,0
DA:532,0
DA:535,0
DA:540,0
DA:542,0
DA:543,0
DA:544,0
DA:553,0
DA:554,0
DA:556,0
DA:557,0
DA:558,0
DA:559,0
DA:560,0
DA:563,0
DA:564,0
DA:571,0
DA:572,0
DA:573,0
DA:580,0
DA:582,0
DA:583,0
DA:584,0
DA:593,0
DA:595,0
DA:596,0
DA:598,0
DA:599,0
DA:600,0
DA:601,0
DA:602,0
DA:605,0
DA:607,0
DA:608,0
DA:609,0
DA:626,0
DA:629,0
DA:630,0
DA:631,0
DA:632,0
DA:638,0
DA:640,0
DA:644,0
DA:649,0
DA:651,0
DA:653,0
DA:654,0
DA:657,0
DA:659,0
DA:662,0
DA:664,0
DA:667,0
DA:669,0
DA:672,0
DA:682,0
DA:687,0
DA:689,0
DA:690,0
DA:692,0
DA:693,0
DA:694,0
DA:696,0
DA:698,0
DA:700,0
LF:249
LH:0
end_of_record
SF:lib\pages\explore\explore_page.dart
DA:16,2
DA:20,0
DA:21,0
DA:32,0
DA:34,0
DA:35,0
DA:38,0
DA:40,0
DA:41,0
DA:44,0
DA:46,0
DA:47,0
DA:48,0
DA:49,0
DA:54,0
DA:55,0
DA:57,0
DA:60,0
DA:62,0
DA:63,0
DA:64,0
DA:71,0
DA:72,0
DA:74,0
DA:75,0
DA:77,0
DA:80,0
DA:91,0
DA:93,0
DA:94,0
DA:95,0
DA:96,0
DA:97,0
DA:98,0
DA:99,0
DA:100,0
DA:102,0
DA:103,0
DA:106,0
DA:107,0
DA:108,0
DA:109,0
DA:125,0
DA:126,0
DA:127,0
DA:140,0
DA:141,0
DA:144,0
DA:145,0
DA:146,0
DA:149,0
DA:152,0
DA:157,0
DA:158,0
DA:159,0
DA:160,0
DA:161,0
DA:162,0
DA:166,0
DA:167,0
DA:168,0
DA:169,0
DA:172,0
DA:174,0
DA:176,0
DA:177,0
DA:178,0
DA:181,0
DA:186,0
DA:187,0
DA:188,0
DA:194,0
DA:195,0
DA:197,0
DA:198,0
DA:199,0
DA:201,0
DA:202,0
DA:203,0
DA:205,0
DA:207,0
DA:208,0
DA:209,0
DA:210,0
DA:217,0
DA:223,0
DA:229,0
DA:234,0
DA:235,0
DA:237,0
DA:238,0
DA:240,0
DA:242,0
DA:244,0
DA:247,0
DA:259,0
DA:290,0
DA:291,0
DA:292,0
DA:293,0
DA:294,0
DA:295,0
DA:296,0
DA:297,0
DA:298,0
DA:300,0
DA:304,0
DA:305,0
DA:307,0
DA:308,0
DA:311,0
DA:313,0
DA:317,0
DA:318,0
DA:320,0
DA:334,0
DA:335,0
DA:337,0
DA:338,0
DA:339,0
DA:347,0
DA:348,0
DA:349,0
DA:350,0
DA:351,0
DA:352,0
DA:353,0
DA:354,0
DA:357,0
DA:358,0
DA:360,0
DA:374,0
DA:376,0
DA:385,0
DA:386,0
DA:387,0
DA:388,0
DA:389,0
DA:391,0
DA:394,0
DA:395,0
DA:396,0
DA:403,0
DA:404,0
DA:405,0
DA:407,0
DA:421,0
DA:422,0
DA:424,0
DA:425,0
DA:427,0
DA:441,0
DA:442,0
DA:447,0
DA:448,0
DA:449,0
DA:450,0
DA:451,0
DA:454,0
DA:455,0
DA:457,0
DA:458,0
DA:459,0
DA:462,0
DA:463,0
DA:464,0
DA:466,0
DA:469,0
DA:470,0
DA:471,0
DA:473,0
DA:479,0
DA:480,0
DA:481,0
DA:485,0
DA:486,0
DA:502,0
DA:504,0
DA:507,0
DA:508,0
DA:512,0
DA:514,0
DA:516,0
DA:517,0
DA:519,0
DA:522,0
DA:525,0
DA:526,0
DA:527,0
DA:528,0
DA:530,0
DA:537,0
DA:540,0
DA:541,0
DA:543,0
DA:555,0
DA:557,0
DA:561,0
DA:564,0
DA:566,0
DA:569,0
DA:570,0
DA:574,0
DA:576,0
DA:578,0
DA:579,0
DA:581,0
DA:584,0
DA:587,0
DA:588,0
DA:589,0
DA:596,0
DA:599,0
DA:600,0
DA:601,0
DA:604,0
DA:607,0
DA:608,0
DA:609,0
DA:621,0
DA:623,0
DA:627,0
DA:628,0
DA:631,0
DA:633,0
DA:636,0
DA:637,0
DA:638,0
DA:639,0
DA:640,0
DA:641,0
DA:644,0
DA:645,0
DA:646,0
DA:647,0
DA:655,0
DA:656,0
DA:657,0
DA:660,0
DA:661,0
DA:662,0
DA:663,0
DA:664,0
DA:668,0
DA:669,0
DA:670,0
DA:671,0
DA:673,0
DA:675,0
DA:678,0
DA:680,0
DA:682,0
DA:684,0
DA:686,0
DA:688,0
DA:690,0
DA:692,0
DA:696,0
DA:697,0
DA:698,0
DA:707,0
DA:708,0
DA:709,0
DA:710,0
DA:722,0
DA:723,0
DA:737,0
DA:743,0
DA:744,0
LF:269
LH:1
end_of_record
SF:lib\pages\home\home_page.dart
DA:34,0
DA:36,0
DA:37,0
DA:65,0
DA:67,0
DA:68,0
DA:69,0
DA:70,0
DA:71,0
DA:74,0
DA:76,0
DA:77,0
DA:80,0
DA:83,0
DA:85,0
DA:86,0
DA:87,0
DA:90,0
DA:92,0
DA:93,0
DA:94,0
DA:95,0
DA:100,0
DA:101,0
DA:102,0
DA:103,0
DA:104,0
DA:105,0
DA:109,0
DA:110,0
DA:112,0
DA:115,0
DA:117,0
DA:118,0
DA:120,0
DA:122,0
DA:123,0
DA:124,0
DA:125,0
DA:126,0
DA:127,0
DA:132,0
DA:134,0
DA:136,0
DA:137,0
DA:138,0
DA:139,0
DA:140,0
DA:141,0
DA:145,0
DA:156,0
DA:157,0
DA:159,0
DA:163,0
DA:164,0
DA:165,0
DA:168,0
DA:176,0
DA:177,0
DA:181,0
DA:184,0
DA:185,0
DA:186,0
DA:191,0
DA:192,0
DA:195,0
DA:197,0
DA:199,0
DA:203,0
DA:205,0
DA:206,0
DA:207,0
DA:210,0
DA:211,0
DA:213,0
DA:214,0
DA:215,0
DA:216,0
DA:217,0
DA:227,0
DA:228,0
DA:232,0
DA:234,0
DA:235,0
DA:238,0
DA:241,0
DA:244,0
DA:247,0
DA:250,0
DA:253,0
DA:258,0
DA:259,0
DA:262,0
DA:263,0
DA:264,0
DA:265,0
DA:266,0
DA:267,0
DA:269,0
DA:270,0
DA:271,0
DA:272,0
DA:274,0
DA:275,0
DA:276,0
DA:280,0
DA:281,0
DA:282,0
DA:289,0
DA:290,0
DA:291,0
DA:292,0
DA:294,0
DA:295,0
DA:296,0
DA:297,0
DA:298,0
DA:299,0
DA:300,0
DA:311,0
DA:312,0
DA:313,0
DA:314,0
DA:318,0
DA:319,0
DA:320,0
DA:326,0
DA:327,0
DA:328,0
DA:334,0
DA:335,0
DA:336,0
DA:337,0
DA:339,0
DA:340,0
DA:343,0
DA:344,0
DA:345,0
DA:346,0
DA:347,0
DA:349,0
DA:350,0
DA:351,0
DA:352,0
DA:358,0
DA:359,0
DA:363,0
DA:364,0
DA:365,0
DA:367,0
DA:368,0
DA:370,0
DA:371,0
DA:373,0
DA:374,0
DA:376,0
DA:377,0
DA:386,0
DA:393,0
DA:394,0
DA:395,0
DA:396,0
DA:398,0
DA:399,0
DA:401,0
DA:402,0
DA:403,0
DA:404,0
DA:405,0
DA:406,0
DA:407,0
DA:413,0
DA:414,0
DA:417,0
DA:418,0
DA:419,0
DA:421,0
DA:422,0
DA:423,0
DA:424,0
DA:425,0
DA:434,0
DA:439,0
DA:447,0
DA:448,0
DA:449,0
DA:451,0
DA:452,0
DA:455,0
DA:458,0
DA:460,0
DA:463,0
DA:467,0
DA:469,0
DA:471,0
DA:479,0
DA:483,0
DA:485,0
DA:487,0
DA:489,0
DA:492,0
DA:495,0
DA:497,0
DA:500,0
DA:504,0
DA:507,0
DA:509,0
DA:513,0
DA:514,0
DA:515,0
DA:516,0
DA:522,0
DA:523,0
DA:535,0
DA:541,0
DA:547,0
DA:553,0
DA:563,0
DA:564,0
DA:565,0
DA:566,0
DA:568,0
DA:569,0
DA:570,0
DA:572,0
DA:574,0
DA:579,0
DA:580,0
DA:582,0
DA:583,0
DA:591,0
DA:593,0
DA:595,0
DA:606,0
DA:607,0
DA:608,0
DA:612,0
DA:614,0
DA:616,0
DA:617,0
DA:619,0
DA:622,0
DA:625,0
DA:626,0
DA:627,0
DA:630,0
DA:633,0
DA:634,0
DA:635,0
DA:644,0
DA:646,0
DA:648,0
DA:652,0
DA:653,0
DA:654,0
DA:658,0
DA:660,0
DA:662,0
DA:663,0
DA:665,0
DA:668,0
DA:671,0
DA:672,0
DA:673,0
DA:676,0
DA:679,0
DA:680,0
DA:681,0
DA:684,0
DA:687,0
DA:688,0
DA:689,0
DA:701,0
DA:703,0
DA:704,0
DA:706,0
DA:707,0
DA:714,0
DA:716,0
DA:718,0
DA:719,0
DA:730,0
DA:732,0
DA:734,0
DA:738,0
DA:740,0
DA:741,0
DA:748,0
DA:750,0
DA:752,0
DA:753,0
DA:764,0
DA:767,0
DA:772,0
DA:773,0
DA:774,0
DA:775,0
DA:780,0
DA:782,0
DA:784,0
DA:785,0
DA:786,0
DA:787,0
DA:796,0
DA:797,0
DA:798,0
DA:799,0
DA:801,0
DA:803,0
DA:806,0
DA:809,0
DA:811,0
DA:814,0
DA:815,0
DA:820,0
DA:823,0
DA:824,0
DA:829,0
DA:832,0
DA:836,0
DA:837,0
DA:838,0
DA:847,0
DA:852,0
DA:856,0
DA:861,0
DA:862,0
DA:871,0
DA:873,0
DA:875,0
DA:876,0
DA:877,0
DA:878,0
DA:887,0
DA:888,0
DA:889,0
DA:890,0
DA:892,0
DA:893,0
DA:895,0
DA:896,0
DA:897,0
DA:900,0
DA:901,0
DA:902,0
DA:913,0
DA:914,0
DA:918,0
DA:923,0
DA:924,0
DA:925,0
DA:926,0
DA:928,0
DA:930,0
DA:932,0
DA:943,0
DA:945,0
DA:947,0
DA:948,0
DA:949,0
DA:950,0
LF:361
LH:0
end_of_record
SF:lib\pages\live\live_page.dart
DA:11,2
DA:19,0
DA:20,0
DA:27,0
DA:29,0
DA:30,0
DA:31,0
DA:32,0
DA:33,0
DA:35,0
DA:36,0
DA:37,0
DA:38,0
DA:39,0
DA:40,0
DA:41,0
DA:42,0
DA:43,0
DA:44,0
DA:45,0
DA:47,0
DA:50,0
DA:54,0
DA:55,0
DA:56,0
DA:69,0
DA:70,0
DA:77,0
DA:78,0
DA:79,0
DA:81,0
DA:106,0
DA:107,0
DA:123,0
DA:124,0
DA:125,0
DA:126,0
DA:127,0
DA:132,0
DA:135,0
DA:136,0
DA:139,0
DA:140,0
DA:141,0
DA:142,0
DA:143,0
DA:144,0
DA:145,0
DA:150,0
DA:151,0
DA:152,0
DA:158,0
DA:159,0
DA:160,0
DA:161,0
DA:164,0
DA:167,0
DA:168,0
DA:169,0
DA:171,0
DA:178,0
DA:184,0
DA:185,0
DA:187,0
DA:189,0
DA:190,0
DA:191,0
DA:192,0
DA:194,0
DA:195,0
DA:196,0
DA:203,0
DA:204,0
DA:212,0
DA:213,0
DA:217,0
DA:218,0
DA:219,0
DA:221,0
DA:228,0
DA:229,0
DA:231,0
DA:233,0
DA:234,0
DA:235,0
DA:236,0
DA:237,0
DA:240,0
DA:241,0
DA:247,0
DA:250,0
DA:255,0
DA:257,0
DA:259,0
DA:261,0
DA:262,0
DA:284,0
DA:287,0
DA:292,0
DA:293,0
DA:294,0
DA:296,0
DA:298,0
DA:305,0
DA:306,0
DA:320,0
DA:322,0
DA:323,0
DA:324,0
DA:326,0
DA:329,0
DA:330,0
DA:332,0
DA:333,0
DA:334,0
DA:342,0
DA:343,0
DA:344,0
DA:346,0
DA:361,0
DA:362,0
DA:363,0
DA:365,0
DA:367,0
DA:381,0
DA:382,0
DA:391,0
DA:392,0
DA:395,0
DA:397,0
DA:403,0
DA:406,0
DA:413,0
DA:414,0
DA:415,0
DA:416,0
DA:423,0
DA:430,0
DA:431,0
DA:432,0
DA:433,0
DA:434,0
DA:436,0
DA:438,0
DA:439,0
DA:441,0
DA:446,0
DA:447,0
DA:458,0
DA:459,0
DA:472,0
DA:497,0
DA:498,0
LF:153
LH:1
end_of_record
SF:lib\pages\messages\chat_page.dart
DA:20,0
DA:33,0
DA:34,0
DA:43,0
DA:45,0
DA:46,0
DA:47,0
DA:50,0
DA:52,0
DA:53,0
DA:54,0
DA:58,0
DA:59,0
DA:60,0
DA:61,0
DA:69,0
DA:70,0
DA:71,0
DA:72,0
DA:73,0
DA:75,0
DA:77,0
DA:90,0
DA:92,0
DA:93,0
DA:96,0
DA:97,0
DA:98,0
DA:101,0
DA:104,0
DA:105,0
DA:106,0
DA:109,0
DA:112,0
DA:113,0
DA:114,0
DA:117,0
DA:120,0
DA:121,0
DA:122,0
DA:131,0
DA:134,0
DA:135,0
DA:146,0
DA:151,0
DA:153,0
DA:154,0
DA:156,0
DA:158,0
DA:159,0
DA:161,0
DA:162,0
DA:163,0
DA:165,0
DA:167,0
DA:172,0
DA:186,0
DA:188,0
DA:189,0
DA:190,0
DA:193,0
DA:194,0
DA:195,0
DA:196,0
DA:205,0
DA:207,0
DA:210,0
DA:217,0
DA:220,0
DA:222,0
DA:223,0
DA:232,0
DA:233,0
DA:234,0
DA:235,0
DA:244,0
DA:246,0
DA:248,0
DA:251,0
DA:252,0
DA:253,0
DA:254,0
DA:263,0
DA:265,0
DA:268,0
DA:275,0
DA:276,0
DA:279,0
DA:280,0
DA:281,0
DA:282,0
DA:291,0
DA:297,0
DA:298,0
DA:300,0
DA:302,0
DA:305,0
DA:309,0
DA:315,0
DA:316,0
DA:318,0
DA:320,0
DA:323,0
DA:327,0
DA:328,0
DA:331,0
DA:333,0
DA:337,0
DA:339,0
DA:342,0
DA:343,0
DA:345,0
DA:346,0
DA:347,0
DA:351,0
DA:353,0
DA:354,0
DA:355,0
DA:356,0
DA:365,0
DA:367,0
DA:369,0
DA:372,0
DA:374,0
DA:377,0
DA:378,0
DA:381,0
DA:384,0
DA:385,0
DA:392,0
DA:393,0
DA:395,0
DA:396,0
DA:397,0
DA:403,0
DA:404,0
DA:405,0
DA:406,0
DA:412,0
DA:413,0
DA:414,0
DA:415,0
DA:424,0
DA:426,0
DA:428,0
DA:431,0
DA:433,0
DA:436,0
DA:439,0
DA:442,0
DA:443,0
DA:450,0
DA:451,0
DA:453,0
DA:454,0
DA:455,0
DA:460,0
DA:461,0
DA:469,0
DA:470,0
DA:471,0
DA:472,0
DA:481,0
DA:483,0
DA:484,0
DA:485,0
DA:486,0
DA:488,0
DA:490,0
DA:497,0
DA:498,0
DA:512,0
DA:514,0
DA:515,0
DA:516,0
DA:517,0
DA:518,0
DA:545,0
DA:546,0
DA:547,0
DA:557,0
DA:559,0
DA:560,0
DA:561,0
DA:562,0
DA:564,0
DA:566,0
DA:573,0
DA:574,0
DA:588,0
DA:590,0
DA:591,0
DA:592,0
DA:593,0
DA:594,0
DA:622,0
DA:623,0
DA:624,0
DA:634,0
DA:635,0
DA:636,0
DA:638,0
DA:640,0
DA:643,0
DA:644,0
DA:646,0
DA:647,0
DA:648,0
DA:655,0
DA:657,0
DA:659,0
DA:660,0
DA:661,0
DA:662,0
DA:667,0
DA:668,0
DA:670,0
DA:671,0
DA:677,0
DA:678,0
DA:679,0
DA:686,0
DA:687,0
DA:690,0
DA:691,0
DA:692,0
DA:693,0
DA:699,0
DA:701,0
DA:708,0
DA:709,0
DA:710,0
DA:711,0
DA:722,0
DA:724,0
DA:725,0
DA:726,0
DA:727,0
DA:729,0
DA:731,0
DA:732,0
DA:733,0
DA:734,0
DA:735,0
DA:737,0
DA:738,0
DA:739,0
DA:744,0
DA:745,0
DA:746,0
DA:747,0
DA:754,0
DA:755,0
DA:757,0
DA:759,0
DA:761,0
DA:765,0
DA:766,0
DA:768,0
DA:769,0
DA:770,0
DA:772,0
DA:773,0
DA:776,0
DA:777,0
DA:779,0
DA:780,0
DA:781,0
DA:782,0
DA:786,0
DA:789,0
DA:790,0
DA:795,0
DA:797,0
DA:799,0
DA:800,0
DA:801,0
DA:807,0
DA:808,0
DA:809,0
DA:810,0
DA:812,0
DA:814,0
DA:815,0
DA:816,0
DA:817,0
DA:819,0
DA:820,0
DA:831,0
DA:833,0
DA:834,0
DA:835,0
LF:292
LH:0
end_of_record
SF:lib\pages\messages\messages_page.dart
DA:17,0
DA:19,0
DA:20,0
DA:27,0
DA:29,0
DA:30,0
DA:31,0
DA:42,0
DA:43,0
DA:44,0
DA:51,0
DA:52,0
DA:54,0
DA:57,0
DA:61,0
DA:62,0
DA:63,0
DA:70,0
DA:71,0
DA:72,0
DA:73,0
DA:75,0
DA:77,0
DA:78,0
DA:79,0
DA:80,0
DA:85,0
DA:86,0
DA:92,0
DA:93,0
DA:96,0
DA:97,0
DA:98,0
DA:99,0
DA:101,0
DA:102,0
DA:110,0
DA:111,0
DA:114,0
DA:115,0
DA:116,0
DA:117,0
DA:130,0
DA:134,0
DA:136,0
DA:142,0
DA:150,0
DA:152,0
DA:153,0
DA:157,0
DA:159,0
DA:161,0
DA:162,0
DA:164,0
DA:170,0
DA:171,0
DA:172,0
DA:173,0
DA:176,0
DA:177,0
DA:178,0
DA:179,0
DA:188,0
DA:189,0
DA:190,0
DA:195,0
DA:197,0
DA:199,0
DA:200,0
DA:209,0
DA:210,0
DA:218,0
DA:219,0
DA:228,0
DA:229,0
DA:230,0
DA:232,0
DA:233,0
DA:234,0
DA:235,0
DA:236,0
DA:237,0
DA:238,0
DA:239,0
DA:245,0
DA:246,0
DA:248,0
DA:250,0
DA:251,0
DA:254,0
DA:256,0
DA:259,0
DA:261,0
DA:264,0
LF:94
LH:0
end_of_record
SF:lib\pages\notifications\notifications_page.dart
DA:5,0
DA:7,0
DA:9,0
DA:10,0
LF:4
LH:0
end_of_record
SF:lib\pages\profile\my_profile_page.dart
DA:12,0
DA:23,0
DA:24,0
DA:31,0
DA:33,0
DA:34,0
DA:35,0
DA:38,0
DA:40,0
DA:41,0
DA:42,0
DA:43,0
DA:45,0
DA:49,0
DA:50,0
DA:52,0
DA:54,0
DA:57,0
DA:58,0
DA:59,0
DA:62,0
DA:64,0
DA:71,0
DA:72,0
DA:73,0
DA:76,0
DA:78,0
DA:86,0
DA:87,0
DA:88,0
DA:97,0
DA:98,0
DA:109,0
DA:117,0
DA:118,0
DA:120,0
DA:127,0
DA:128,0
DA:130,0
DA:131,0
DA:132,0
DA:135,0
DA:137,0
DA:138,0
DA:139,0
DA:141,0
DA:150,0
DA:151,0
DA:152,0
DA:154,0
DA:158,0
DA:159,0
DA:170,0
DA:171,0
DA:172,0
DA:182,0
DA:188,0
DA:189,0
DA:204,0
DA:205,0
DA:210,0
DA:211,0
DA:212,0
DA:213,0
DA:214,0
DA:227,0
DA:228,0
DA:238,0
DA:239,0
DA:244,0
DA:246,0
DA:248,0
DA:250,0
DA:256,0
DA:257,0
DA:258,0
DA:263,0
DA:269,0
DA:270,0
DA:271,0
DA:276,0
DA:280,0
DA:281,0
DA:282,0
DA:287,0
DA:291,0
DA:292,0
DA:293,0
DA:302,0
DA:303,0
DA:305,0
DA:312,0
DA:313,0
DA:314,0
DA:315,0
DA:317,0
DA:322,0
DA:323,0
DA:324,0
DA:325,0
DA:327,0
DA:328,0
DA:329,0
DA:330,0
DA:331,0
DA:335,0
DA:336,0
DA:338,0
DA:339,0
DA:340,0
DA:341,0
DA:344,0
DA:346,0
DA:352,0
DA:356,0
DA:358,0
DA:359,0
DA:360,0
DA:370,0
DA:371,0
DA:378,0
DA:379,0
DA:391,0
DA:392,0
DA:395,0
DA:418,0
DA:433,0
DA:434,0
DA:441,0
DA:448,0
DA:455,0
LF:131
LH:0
end_of_record
SF:lib\pages\rate_date\rate_date_page.dart
DA:21,0
DA:23,0
DA:24,0
DA:86,0
DA:88,0
DA:90,0
DA:91,0
DA:92,0
DA:93,0
DA:94,0
DA:95,0
DA:96,0
DA:97,0
DA:98,0
DA:99,0
DA:107,0
DA:108,0
DA:110,0
DA:112,0
DA:113,0
DA:114,0
DA:120,0
DA:121,0
DA:122,0
DA:124,0
DA:127,0
DA:129,0
DA:134,0
DA:135,0
DA:136,0
DA:137,0
DA:145,0
DA:146,0
DA:147,0
DA:148,0
DA:152,0
DA:154,0
DA:156,0
DA:159,0
DA:160,0
DA:161,0
DA:162,0
DA:163,0
DA:165,0
DA:167,0
DA:168,0
DA:169,0
DA:170,0
DA:173,0
DA:175,0
DA:177,0
DA:178,0
DA:180,0
DA:181,0
DA:182,0
DA:183,0
DA:191,0
DA:192,0
DA:193,0
DA:198,0
DA:206,0
DA:208,0
DA:210,0
DA:214,0
DA:215,0
DA:216,0
DA:217,0
DA:218,0
DA:224,0
DA:225,0
DA:226,0
DA:228,0
DA:230,0
DA:231,0
DA:235,0
DA:236,0
DA:237,0
DA:240,0
DA:242,0
DA:248,0
DA:252,0
DA:254,0
DA:256,0
DA:257,0
DA:258,0
DA:266,0
DA:267,0
DA:268,0
DA:269,0
DA:274,0
DA:279,0
DA:280,0
DA:281,0
DA:283,0
DA:284,0
DA:296,0
DA:299,0
DA:304,0
DA:305,0
DA:306,0
DA:327,0
DA:329,0
DA:331,0
DA:335,0
DA:337,0
DA:338,0
DA:339,0
DA:340,0
DA:346,0
DA:348,0
DA:350,0
DA:351,0
DA:353,0
DA:358,0
DA:361,0
DA:363,0
DA:366,0
DA:368,0
DA:371,0
DA:379,0
DA:380,0
DA:382,0
DA:383,0
DA:384,0
DA:386,0
DA:387,0
DA:389,0
DA:390,0
DA:392,0
DA:394,0
DA:397,0
DA:412,0
DA:413,0
DA:416,0
DA:417,0
DA:418,0
DA:420,0
DA:422,0
DA:423,0
DA:424,0
DA:425,0
DA:429,0
DA:430,0
DA:432,0
DA:434,0
DA:436,0
DA:437,0
DA:439,0
DA:440,0
DA:442,0
DA:443,0
DA:444,0
DA:445,0
DA:450,0
DA:451,0
DA:452,0
DA:464,0
DA:468,0
DA:469,0
DA:470,0
DA:472,0
DA:479,0
DA:481,0
DA:486,0
DA:488,0
DA:489,0
DA:493,0
DA:494,0
DA:495,0
DA:505,0
DA:508,0
DA:511,0
DA:513,0
DA:517,0
DA:520,0
DA:521,0
DA:522,0
DA:523,0
DA:524,0
DA:526,0
DA:530,0
DA:533,0
DA:534,0
DA:535,0
DA:539,0
DA:540,0
DA:548,0
DA:550,0
DA:551,0
DA:552,0
DA:553,0
LF:191
LH:0
end_of_record
SF:lib\pages\subscribe\subscribe_page.dart
DA:9,0
DA:15,0
DA:16,0
DA:23,0
DA:25,0
DA:26,0
DA:29,0
DA:31,0
DA:32,0
DA:33,0
DA:34,0
DA:35,0
DA:36,0
DA:37,0
DA:38,0
DA:39,0
DA:47,0
DA:48,0
DA:84,0
DA:85,0
DA:88,0
DA:89,0
DA:90,0
DA:92,0
DA:93,0
DA:94,0
DA:95,0
DA:97,0
DA:98,0
DA:105,0
DA:106,0
DA:107,0
DA:108,0
DA:109,0
DA:111,0
DA:113,0
DA:115,0
DA:116,0
DA:117,0
DA:123,0
DA:126,0
DA:128,0
DA:135,0
DA:136,0
DA:137,0
DA:138,0
DA:143,0
DA:148,0
DA:155,0
DA:158,0
DA:160,0
DA:162,0
DA:164,0
DA:170,0
DA:171,0
DA:173,0
DA:174,0
DA:175,0
DA:177,0
DA:178,0
DA:179,0
DA:181,0
DA:182,0
DA:183,0
DA:188,0
DA:189,0
DA:201,0
DA:202,0
DA:204,0
DA:205,0
DA:206,0
DA:207,0
DA:212,0
DA:213,0
DA:214,0
DA:216,0
DA:218,0
DA:220,0
DA:221,0
DA:222,0
DA:226,0
DA:227,0
DA:228,0
DA:234,0
DA:235,0
DA:236,0
DA:237,0
DA:261,0
DA:263,0
DA:264,0
DA:265,0
DA:266,0
DA:273,0
DA:276,0
DA:277,0
DA:278,0
DA:284,0
DA:285,0
DA:286,0
DA:287,0
DA:289,0
DA:295,0
DA:296,0
DA:298,0
DA:301,0
DA:302,0
DA:304,0
DA:305,0
DA:306,0
DA:307,0
DA:309,0
DA:311,0
DA:314,0
DA:315,0
DA:316,0
DA:317,0
DA:318,0
DA:320,0
DA:328,0
DA:329,0
DA:331,0
DA:334,0
DA:335,0
DA:336,0
DA:337,0
DA:340,0
DA:345,0
DA:346,0
DA:349,0
DA:352,0
DA:368,0
DA:369,0
DA:370,0
DA:373,0
DA:380,0
DA:384,0
DA:385,0
DA:392,0
DA:394,0
DA:395,0
DA:400,0
DA:401,0
DA:403,0
DA:407,0
DA:408,0
DA:409,0
DA:414,0
DA:416,0
DA:417,0
DA:418,0
DA:420,0
DA:425,0
DA:426,0
DA:427,0
DA:435,0
DA:436,0
DA:438,0
DA:440,0
DA:442,0
DA:444,0
DA:451,0
DA:458,0
DA:467,0
DA:469,0
DA:470,0
DA:478,0
DA:480,0
DA:481,0
DA:482,0
DA:486,0
DA:487,0
DA:490,0
DA:500,0
DA:501,0
DA:519,0
DA:520,0
DA:522,0
DA:523,0
DA:524,0
DA:527,0
DA:528,0
DA:529,0
DA:532,0
DA:534,0
DA:537,0
DA:538,0
DA:539,0
DA:541,0
DA:544,0
DA:546,0
DA:553,0
DA:564,0
DA:565,0
DA:569,0
DA:571,0
DA:572,0
DA:573,0
DA:574,0
DA:576,0
DA:581,0
DA:582,0
DA:583,0
DA:584,0
DA:585,0
DA:591,0
DA:592,0
DA:600,0
DA:617,0
DA:623,0
DA:624,0
DA:629,0
DA:630,0
DA:631,0
DA:632,0
DA:633,0
DA:636,0
DA:642,0
DA:643,0
DA:644,0
DA:645,0
DA:646,0
LF:221
LH:0
end_of_record
SF:lib\core\domain\entities\location_entity.dart
DA:13,0
DA:40,0
DA:41,0
DA:45,0
DA:57,0
DA:58,0
DA:59,0
DA:73,0
DA:74,0
DA:75,0
DA:78,0
DA:79,0
DA:80,0
DA:81,0
DA:83,0
DA:87,0
DA:90,0
DA:91,0
DA:92,0
DA:93,0
DA:95,0
DA:99,0
DA:100,0
DA:101,0
DA:102,0
DA:103,0
DA:104,0
DA:109,0
DA:117,0
DA:118,0
DA:120,0
DA:121,0
DA:122,0
DA:123,0
DA:124,0
DA:126,0
DA:128,0
DA:132,0
DA:133,0
DA:137,0
DA:150,0
DA:151,0
DA:152,0
DA:153,0
DA:154,0
DA:155,0
DA:156,0
DA:157,0
DA:158,0
DA:159,0
DA:160,0
DA:161,0
DA:166,0
DA:167,0
DA:168,0
DA:169,0
DA:170,0
DA:171,0
DA:172,0
DA:173,0
DA:174,0
DA:175,0
DA:176,0
DA:177,0
DA:178,0
DA:183,0
DA:184,0
DA:185,0
DA:186,0
DA:187,0
DA:188,0
DA:189,0
DA:190,0
DA:191,0
DA:192,0
DA:193,0
DA:194,0
DA:195,0
DA:196,0
DA:201,0
DA:202,0
DA:203,0
DA:204,0
DA:205,0
DA:206,0
DA:207,0
DA:208,0
DA:209,0
DA:210,0
DA:211,0
DA:212,0
DA:213,0
LF:92
LH:0
end_of_record
SF:lib\core\models\user_model.dart
DA:5,0
DA:46,0
DA:49,0
DA:52,0
DA:55,0
DA:56,0
DA:57,0
DA:58,0
DA:59,0
DA:61,0
DA:66,0
DA:67,0
DA:68,0
DA:69,0
DA:70,0
DA:72,0
DA:77,0
DA:78,0
DA:79,0
DA:80,0
DA:81,0
DA:83,0
DA:88,0
DA:89,0
DA:90,0
DA:91,0
DA:92,0
DA:93,0
DA:94,0
DA:95,0
DA:96,0
DA:97,0
DA:98,0
DA:99,0
DA:100,0
DA:101,0
DA:102,0
DA:103,0
DA:104,0
DA:105,0
DA:106,0
DA:107,0
DA:112,0
DA:113,0
DA:114,0
DA:115,0
DA:116,0
DA:117,0
DA:118,0
DA:119,0
DA:120,0
DA:121,0
DA:122,0
DA:123,0
DA:124,0
DA:125,0
DA:126,0
DA:127,0
DA:128,0
DA:129,0
DA:130,0
DA:131,0
DA:132,0
DA:133,0
DA:134,0
DA:139,0
DA:159,0
DA:160,0
DA:161,0
DA:162,0
DA:163,0
DA:164,0
DA:165,0
DA:166,0
DA:167,0
DA:168,0
DA:169,0
DA:170,0
DA:171,0
DA:172,0
DA:173,0
DA:174,0
DA:175,0
DA:176,0
DA:177,0
LF:85
LH:0
end_of_record
SF:lib\core\navigation\nav_state.dart
DA:30,4
DA:37,4
DA:44,0
DA:45,0
DA:50,0
DA:55,0
DA:60,0
DA:61,0
DA:65,0
DA:66,0
DA:70,0
DA:71,0
DA:72,0
DA:75,0
DA:76,0
DA:79,0
DA:83,0
DA:84,0
DA:88,0
DA:89,0
DA:93,0
DA:94,0
LF:22
LH:2
end_of_record
SF:lib\features\auth\presentation\providers\auth_providers.dart
DA:8,4
DA:9,1
DA:14,4
DA:15,2
DA:16,0
DA:21,0
DA:22,0
DA:23,0
DA:24,0
DA:25,0
DA:26,0
DA:32,0
DA:33,0
DA:34,0
DA:35,0
DA:36,0
DA:37,0
DA:43,0
DA:44,0
DA:51,0
DA:52,0
DA:57,0
DA:58,0
DA:59,0
DA:64,4
DA:65,2
DA:66,1
DA:67,0
DA:68,0
DA:69,1
LF:30
LH:8
end_of_record
SF:lib\core\providers\gamification_provider.dart
DA:5,0
DA:6,0
DA:10,0
DA:11,0
DA:12,0
DA:16,0
DA:17,0
DA:18,0
DA:22,0
DA:23,0
DA:24,0
DA:28,0
DA:29,0
DA:30,0
LF:14
LH:0
end_of_record
SF:lib\core\services\gamification_service.dart
DA:14,0
DA:15,0
DA:16,0
DA:17,0
DA:19,0
DA:20,0
DA:24,0
DA:25,0
DA:29,0
DA:30,0
DA:31,0
DA:33,0
DA:36,0
DA:38,0
DA:39,0
DA:40,0
DA:43,0
DA:44,0
DA:50,0
DA:51,0
DA:57,0
DA:58,0
DA:59,0
DA:63,0
DA:64,0
DA:65,0
DA:66,0
DA:67,0
DA:70,0
DA:74,0
DA:80,0
DA:81,0
DA:82,0
DA:86,0
DA:87,0
DA:88,0
DA:89,0
DA:90,0
DA:93,0
DA:96,0
DA:100,0
DA:101,0
DA:102,0
DA:106,0
DA:107,0
DA:109,0
DA:110,0
DA:111,0
DA:117,0
DA:118,0
DA:126,0
DA:127,0
DA:128,0
DA:134,0
DA:135,0
DA:136,0
DA:138,0
DA:139,0
DA:140,0
DA:143,0
DA:149,0
DA:150,0
DA:151,0
DA:155,0
DA:156,0
DA:157,0
DA:161,0
DA:162,0
DA:166,0
DA:167,0
DA:169,0
DA:174,0
DA:175,0
DA:176,0
DA:179,0
DA:180,0
DA:182,0
DA:185,0
DA:189,0
DA:190,0
DA:191,0
DA:192,0
DA:193,0
DA:194,0
DA:195,0
DA:198,0
DA:203,0
DA:204,0
DA:205,0
DA:206,0
DA:207,0
DA:208,0
DA:209,0
DA:210,0
LF:94
LH:0
end_of_record
SF:lib\core\providers\navigation_providers.dart
DA:10,2
DA:17,0
DA:23,0
DA:24,0
DA:25,0
DA:26,0
DA:27,0
DA:34,0
DA:36,0
DA:37,0
DA:40,0
DA:41,0
DA:44,0
DA:45,0
DA:48,0
DA:49,0
DA:52,0
DA:53,0
DA:56,0
DA:57,0
DA:60,0
DA:61,0
DA:64,0
DA:65,0
DA:68,0
DA:69,0
DA:74,0
DA:75,0
DA:76,0
LF:29
LH:1
end_of_record
SF:lib\core\providers\providers.dart
DA:7,0
DA:8,0
DA:12,0
DA:13,0
DA:18,0
DA:19,0
DA:20,0
DA:25,0
DA:26,0
DA:27,0
DA:29,0
DA:34,0
DA:35,0
DA:36,0
DA:49,0
DA:50,0
DA:55,0
DA:60,0
DA:61,0
DA:62,0
DA:66,0
DA:67,0
DA:70,0
DA:71,0
DA:76,0
DA:77,0
DA:78,0
DA:82,0
DA:83,0
DA:86,0
DA:87,0
DA:92,0
DA:93,0
DA:94,0
DA:99,0
DA:101,0
DA:103,0
DA:104,0
DA:106,0
DA:111,0
DA:112,0
DA:113,0
DA:117,0
LF:43
LH:0
end_of_record
SF:lib\core\router\app_router.dart
DA:7,0
DA:10,1
DA:13,1
DA:15,1
DA:16,1
DA:18,0
DA:23,1
DA:24,1
DA:25,2
DA:42,0
DA:44,0
DA:45,0
DA:47,0
DA:55,0
DA:56,0
DA:60,0
DA:61,0
DA:65,0
DA:66,0
LF:19
LH:7
end_of_record
SF:lib\core\services\auth_service.dart
DA:14,0
DA:17,0
DA:20,0
DA:23,0
DA:31,0
DA:37,0
DA:38,0
DA:39,0
DA:46,0
DA:50,0
DA:51,0
DA:56,0
DA:61,0
DA:65,0
DA:66,0
DA:71,0
DA:77,0
DA:79,0
DA:80,0
DA:85,0
DA:88,0
DA:92,0
DA:95,0
DA:96,0
DA:97,0
DA:101,0
DA:104,0
DA:105,0
DA:106,0
DA:107,0
DA:108,0
DA:109,0
DA:114,0
DA:115,0
DA:120,0
DA:123,0
DA:124,0
DA:131,0
DA:132,0
DA:133,0
DA:137,0
DA:140,0
DA:141,0
DA:142,0
DA:143,0
DA:144,0
DA:145,0
DA:148,0
DA:149,0
DA:154,0
DA:155,0
DA:160,0
DA:161,0
DA:167,0
DA:169,0
DA:170,0
DA:171,0
DA:176,0
DA:178,0
DA:179,0
DA:180,0
DA:185,0
DA:189,0
DA:190,0
DA:191,0
DA:196,0
DA:198,0
DA:199,0
DA:200,0
DA:205,0
DA:207,0
DA:210,0
DA:212,0
DA:214,0
DA:215,0
DA:220,0
DA:226,0
DA:239,0
DA:240,0
DA:243,0
DA:247,0
DA:248,0
DA:249,0
DA:251,0
DA:253,0
DA:255,0
DA:257,0
DA:259,0
DA:261,0
DA:263,0
DA:265,0
DA:268,0
DA:273,0
DA:275,0
DA:276,0
DA:277,0
DA:278,0
DA:281,0
DA:283,0
DA:284,0
DA:289,0
DA:290,0
DA:291,0
DA:292,0
LF:104
LH:0
end_of_record
SF:lib\core\services\file_picker_service.dart
DA:18,0
DA:20,0
DA:21,0
DA:22,0
DA:24,0
DA:28,0
DA:30,0
DA:31,0
DA:33,0
DA:37,0
DA:39,0
DA:40,0
DA:41,0
DA:43,0
DA:47,0
DA:49,0
DA:50,0
DA:52,0
DA:56,0
DA:57,0
DA:60,0
DA:61,0
DA:64,0
DA:65,0
DA:68,0
DA:69,0
DA:72,0
DA:73,0
DA:76,2
DA:77,2
DA:78,2
DA:79,4
DA:80,6
DA:83,2
DA:84,2
DA:85,4
DA:88,2
DA:89,2
DA:90,4
DA:93,2
DA:94,2
DA:95,4
DA:98,0
DA:99,0
DA:100,0
DA:103,0
DA:104,0
DA:105,0
DA:106,0
DA:109,0
DA:110,0
DA:111,0
DA:119,1
DA:121,1
DA:122,2
LF:55
LH:17
end_of_record
SF:lib\core\services\keyboard_shortcuts_service.dart
DA:8,0
DA:9,0
DA:10,0
DA:16,0
DA:17,0
DA:21,0
DA:22,0
DA:26,0
DA:27,0
DA:29,0
DA:30,0
DA:31,0
DA:32,0
DA:36,0
DA:37,0
DA:38,0
DA:39,0
DA:42,0
DA:43,0
DA:51,0
DA:52,0
DA:58,0
DA:67,0
DA:68,0
DA:74,0
DA:76,0
DA:77,0
DA:80,0
DA:82,0
DA:83,0
DA:85,0
DA:86,0
DA:87,0
DA:89,0
DA:90,0
DA:91,0
DA:92,0
DA:95,0
DA:104,0
DA:144,2
DA:146,0
DA:148,0
DA:149,0
DA:152,0
DA:154,0
DA:155,0
DA:157,0
DA:165,0
DA:167,0
DA:172,0
DA:173,0
DA:174,0
DA:175,0
DA:176,0
DA:177,0
DA:178,0
DA:179,0
DA:182,0
DA:183,0
DA:184,0
DA:185,0
DA:186,0
DA:189,0
DA:190,0
DA:191,0
DA:192,0
DA:193,0
DA:196,0
DA:197,0
DA:198,0
DA:201,0
DA:202,0
DA:203,0
DA:204,0
DA:205,0
DA:216,0
DA:217,0
DA:219,0
DA:220,0
DA:229,0
DA:234,0
DA:235,0
DA:237,0
DA:238,0
DA:239,0
DA:241,0
DA:242,0
DA:243,0
DA:244,0
DA:246,0
DA:256,0
DA:257,0
LF:92
LH:1
end_of_record
SF:lib\core\services\location_service.dart
DA:9,3
DA:14,1
DA:15,5
DA:22,1
DA:24,1
DA:26,1
DA:36,1
DA:38,1
DA:40,1
DA:53,1
DA:55,1
DA:57,1
DA:70,1
DA:73,1
DA:82,0
DA:83,0
DA:84,0
DA:85,0
DA:93,0
DA:101,0
DA:105,0
DA:106,0
DA:110,0
DA:111,0
DA:112,0
DA:113,0
DA:114,0
DA:116,1
DA:119,0
DA:125,0
DA:126,0
DA:133,1
DA:135,1
DA:138,0
DA:139,0
DA:140,0
DA:141,0
DA:142,0
DA:145,1
DA:155,1
DA:160,1
DA:162,0
DA:169,0
DA:171,0
DA:174,0
DA:175,0
DA:176,0
DA:177,0
DA:178,0
DA:179,0
DA:180,0
DA:183,1
DA:188,1
DA:189,1
DA:196,1
DA:200,1
DA:202,0
DA:203,0
DA:204,0
DA:205,0
DA:206,0
DA:208,0
DA:210,1
DA:215,1
DA:216,1
DA:223,0
DA:228,0
DA:229,0
DA:235,0
DA:236,0
DA:237,0
DA:238,0
DA:239,0
DA:240,0
DA:244,0
DA:250,0
DA:251,0
DA:258,1
DA:265,1
DA:272,0
DA:282,0
DA:283,0
DA:284,0
DA:286,0
DA:287,0
DA:292,1
DA:294,1
DA:296,1
DA:306,1
DA:308,1
DA:310,1
LF:91
LH:36
end_of_record
SF:lib\core\services\push_notification_service.dart
DA:9,0
DA:10,0
DA:12,0
DA:13,0
DA:23,0
DA:24,0
DA:27,0
DA:28,0
DA:31,0
DA:32,0
DA:35,0
DA:38,0
DA:44,0
DA:46,0
DA:54,0
DA:59,0
DA:62,0
DA:68,0
DA:75,0
DA:77,0
DA:79,0
DA:85,0
DA:97,0
DA:99,0
DA:100,0
DA:103,0
DA:104,0
DA:107,0
DA:113,0
DA:120,0
DA:122,0
DA:124,0
DA:135,0
DA:137,0
DA:138,0
DA:140,0
DA:141,0
DA:144,0
DA:150,0
DA:157,0
DA:160,0
DA:163,0
DA:169,0
DA:174,0
DA:177,0
DA:182,0
DA:190,0
DA:199,0
DA:202,0
DA:208,0
DA:215,0
DA:217,0
DA:218,0
DA:231,0
DA:251,0
DA:269,0
DA:270,0
DA:271,0
DA:272,0
DA:273,0
DA:274,0
DA:275,0
DA:276,0
DA:277,0
LF:64
LH:0
end_of_record
SF:lib\core\services\web_image_picker_service.dart
DA:23,0
DA:32,0
DA:35,0
DA:38,0
DA:41,0
DA:42,0
DA:43,0
DA:56,0
DA:59,0
DA:62,0
DA:70,0
DA:73,0
DA:76,0
DA:84,0
DA:86,0
DA:88,0
DA:89,0
DA:90,0
DA:95,0
DA:96,0
DA:101,0
DA:103,0
DA:112,0
DA:114,0
DA:120,0
DA:122,0
DA:129,0
DA:131,0
DA:137,0
DA:139,0
DA:148,0
DA:150,0
DA:156,0
DA:158,0
DA:165,0
DA:167,0
DA:173,0
DA:174,0
DA:176,0
DA:178,0
DA:180,0
DA:181,0
DA:184,0
DA:185,0
DA:186,0
DA:187,0
DA:188,0
DA:192,0
DA:195,0
DA:196,0
DA:197,0
DA:198,0
DA:199,0
DA:205,0
DA:206,0
DA:207,0
DA:216,0
DA:217,0
DA:219,0
DA:221,0
DA:223,0
DA:224,0
DA:227,0
DA:228,0
DA:229,0
DA:230,0
DA:231,0
DA:235,0
DA:238,0
DA:239,0
DA:240,0
DA:241,0
DA:242,0
DA:248,0
DA:249,0
DA:250,0
DA:266,0
DA:274,0
DA:276,0
DA:278,0
DA:279,0
DA:280,0
DA:282,0
DA:284,0
DA:285,0
DA:286,0
DA:288,0
DA:291,0
DA:294,0
DA:295,0
DA:296,0
LF:91
LH:0
end_of_record
SF:lib\core\services\web_storage_service.dart
DA:27,0
DA:33,0
DA:39,0
DA:40,0
DA:43,0
DA:44,0
DA:45,0
DA:46,0
DA:51,0
DA:52,0
DA:53,0
DA:54,0
DA:61,0
DA:62,0
DA:63,0
DA:71,0
DA:75,0
DA:83,0
DA:89,0
DA:95,0
DA:96,0
DA:99,0
DA:100,0
DA:101,0
DA:102,0
DA:107,0
DA:108,0
DA:109,0
DA:110,0
DA:117,0
DA:118,0
DA:119,0
DA:127,0
DA:131,0
DA:139,0
DA:146,0
DA:148,0
DA:150,0
DA:157,0
DA:158,0
DA:159,0
DA:167,0
DA:171,0
DA:177,0
DA:179,0
DA:180,0
DA:182,0
DA:188,0
DA:190,0
DA:191,0
DA:193,0
DA:199,0
DA:200,0
DA:204,0
DA:205,0
DA:207,0
DA:209,0
DA:211,0
DA:213,0
DA:217,0
DA:219,0
DA:221,0
DA:223,0
DA:227,0
DA:229,0
DA:231,0
DA:233,0
DA:243,0
DA:248,0
DA:251,0
DA:252,0
DA:256,0
DA:257,0
DA:265,0
DA:266,0
DA:274,0
DA:275,0
DA:283,0
DA:284,0
DA:292,0
DA:293,0
DA:301,0
DA:302,0
DA:310,0
DA:311,0
DA:321,0
DA:331,0
DA:333,0
DA:341,0
DA:343,0
DA:344,0
DA:347,0
DA:349,0
DA:350,0
DA:351,0
DA:352,0
DA:357,0
DA:358,0
DA:359,0
DA:361,0
DA:364,0
DA:365,0
DA:366,0
DA:367,0
DA:369,0
DA:374,0
DA:376,0
DA:377,0
DA:379,0
DA:382,0
DA:387,0
DA:398,0
DA:400,0
DA:401,0
DA:403,0
LF:115
LH:0
end_of_record
SF:lib\core\theme\app_breakpoints.dart
DA:13,0
DA:14,0
DA:17,0
DA:18,0
DA:19,0
DA:22,0
DA:23,0
DA:26,0
DA:27,0
DA:31,0
DA:32,0
DA:34,0
DA:36,0
DA:38,0
DA:46,0
DA:53,0
DA:56,0
DA:58,0
DA:60,0
DA:62,0
DA:68,0
DA:69,0
DA:79,0
DA:80,0
DA:90,0
DA:91,0
DA:111,0
DA:124,0
DA:126,0
DA:128,0
DA:129,0
DA:130,0
DA:131,0
DA:138,0
DA:149,0
DA:151,0
DA:153,0
DA:154,0
DA:157,0
DA:158,0
DA:159,0
DA:162,0
DA:170,0
DA:189,0
DA:191,0
DA:193,0
DA:194,0
DA:195,0
DA:196,0
DA:199,0
DA:200,0
DA:201,0
DA:203,0
DA:204,0
DA:205,0
DA:206,0
DA:207,0
DA:211,0
DA:220,0
DA:231,0
DA:233,0
DA:235,0
DA:236,0
DA:237,0
DA:238,0
DA:240,0
DA:247,0
DA:258,0
DA:260,0
DA:263,0
DA:264,0
DA:270,0
DA:274,0
LF:73
LH:0
end_of_record
SF:lib\core\theme\app_colors.dart
DA:10,0
DA:217,0
DA:218,0
DA:219,0
DA:220,0
DA:221,0
DA:226,0
DA:227,0
DA:228,0
DA:230,0
DA:238,0
DA:239,0
LF:12
LH:0
end_of_record
SF:lib\core\theme\app_spacing.dart
DA:10,0
LF:1
LH:0
end_of_record
SF:lib\core\utils\geohash_utils.dart
DA:20,0
DA:26,0
DA:27,0
DA:29,0
DA:30,0
DA:32,0
DA:33,0
DA:36,0
DA:37,0
DA:43,0
DA:46,0
DA:47,0
DA:48,0
DA:49,0
DA:51,0
DA:55,0
DA:56,0
DA:57,0
DA:58,0
DA:60,0
DA:66,0
DA:67,0
DA:69,0
DA:84,0
DA:85,0
DA:86,0
DA:89,0
DA:90,0
DA:91,0
DA:93,0
DA:94,0
DA:97,0
DA:98,0
DA:102,0
DA:103,0
DA:104,0
DA:106,0
DA:110,0
DA:111,0
DA:112,0
DA:114,0
DA:122,0
DA:133,0
DA:134,0
DA:135,0
DA:136,0
DA:138,0
DA:139,0
DA:140,0
DA:149,0
DA:150,0
DA:151,0
DA:152,0
DA:155,0
DA:156,0
DA:157,0
DA:159,0
DA:160,0
DA:161,0
DA:163,0
DA:164,0
DA:166,0
DA:167,0
DA:169,0
DA:170,0
DA:176,0
DA:193,0
DA:194,0
DA:199,0
DA:201,0
DA:203,0
DA:209,0
DA:210,0
DA:211,0
DA:213,0
DA:214,0
DA:215,0
DA:216,0
DA:217,0
DA:222,0
DA:230,0
DA:231,0
DA:233,0
DA:234,0
DA:235,0
DA:236,0
DA:237,0
DA:239,0
DA:241,0
DA:245,0
DA:246,0
LF:91
LH:0
end_of_record
SF:lib\core\utils\platform_utils.dart
DA:14,0
DA:17,0
DA:20,0
DA:22,0
DA:23,0
DA:24,0
DA:28,0
DA:30,0
DA:34,0
DA:36,0
DA:40,0
DA:41,0
DA:48,0
DA:49,0
DA:56,0
DA:57,0
DA:58,0
DA:67,0
DA:70,0
DA:73,0
DA:74,0
DA:76,0
DA:82,0
DA:85,0
DA:86,0
DA:88,0
DA:89,0
DA:90,0
DA:91,0
DA:92,0
DA:93,0
DA:102,0
DA:103,0
DA:107,0
DA:108,0
DA:109,0
DA:113,0
DA:114,0
DA:118,0
DA:119,0
DA:120,0
DA:125,0
DA:126,0
DA:127,0
DA:132,0
DA:133,0
DA:136,0
DA:143,0
DA:145,0
DA:146,0
DA:157,0
DA:164,0
DA:166,0
DA:167,0
DA:168,0
DA:169,0
DA:170,0
DA:171,0
DA:173,0
DA:185,0
DA:191,0
DA:194,0
DA:196,0
DA:197,0
DA:198,0
DA:199,0
DA:206,0
DA:212,0
DA:214,0
DA:215,0
DA:216,0
DA:219,0
DA:220,0
DA:221,0
DA:228,0
DA:232,0
DA:233,0
DA:234,0
DA:243,0
DA:248,0
DA:249,0
DA:250,0
DA:253,0
DA:255,0
DA:256,0
LF:85
LH:0
end_of_record
SF:lib\features\auth\presentation\controllers\auth_controller.dart
DA:13,2
DA:19,0
DA:24,0
DA:25,0
DA:27,0
DA:37,0
DA:40,0
DA:46,0
DA:49,0
DA:56,0
DA:58,0
DA:61,0
DA:63,0
DA:65,0
DA:72,0
DA:76,0
DA:79,0
DA:84,0
DA:86,0
DA:89,0
DA:91,0
DA:93,0
DA:100,0
DA:101,0
DA:104,0
DA:106,0
DA:108,0
DA:111,0
DA:113,0
DA:115,0
DA:122,0
DA:123,0
DA:126,0
DA:128,0
DA:130,0
DA:133,0
DA:135,0
DA:137,0
DA:144,0
DA:145,0
DA:148,0
DA:150,0
DA:155,0
DA:157,0
DA:164,0
DA:165,0
DA:168,0
DA:170,0
DA:172,0
DA:174,0
DA:181,0
DA:182,0
DA:186,0
DA:193,0
DA:196,0
DA:198,0
DA:202,0
DA:203,0
DA:206,0
DA:207,0
DA:208,0
DA:209,0
DA:210,0
DA:212,0
DA:213,0
DA:214,0
DA:215,0
DA:217,0
DA:219,0
DA:221,0
DA:228,0
DA:229,0
DA:232,0
DA:234,0
DA:236,0
DA:238,0
DA:245,0
DA:246,0
DA:249,0
DA:251,0
DA:253,0
DA:255,0
DA:262,0
DA:263,0
DA:266,0
DA:268,0
DA:273,0
DA:275,0
DA:282,0
DA:283,0
DA:286,0
DA:288,0
DA:290,0
DA:292,0
DA:300,0
DA:301,0
DA:302,0
DA:303,0
LF:98
LH:1
end_of_record
SF:lib\features\feed\data\mock_data.dart
DA:7,0
DA:8,0
DA:14,0
DA:18,0
DA:20,0
DA:22,0
DA:28,0
DA:32,0
DA:34,0
DA:36,0
DA:42,0
DA:49,0
DA:51,0
DA:53,0
DA:59,0
DA:63,0
DA:65,0
DA:67,0
DA:73,0
DA:77,0
DA:79,0
DA:83,0
DA:84,0
DA:85,0
DA:86,0
DA:90,0
DA:91,0
DA:98,0
DA:99,0
DA:104,0
DA:105,0
DA:112,0
DA:113,0
DA:118,0
DA:123,0
DA:124,0
DA:131,0
DA:132,0
DA:137,0
DA:142,0
DA:143,0
DA:150,0
DA:151,0
DA:157,0
DA:162,0
DA:163,0
DA:170,0
DA:171,0
DA:178,0
DA:179,0
DA:180,0
DA:181,0
DA:185,0
DA:186,0
LF:54
LH:0
end_of_record
SF:lib\features\feed\models\post_model.dart
DA:21,1
DA:40,2
DA:41,3
DA:42,2
DA:43,5
DA:44,0
DA:45,2
DA:47,1
DA:64,1
DA:65,1
DA:66,1
DA:67,1
DA:68,1
DA:69,1
DA:70,1
DA:71,1
DA:72,1
DA:73,1
DA:74,1
DA:75,1
DA:76,1
DA:77,1
DA:78,1
DA:79,1
DA:83,0
DA:84,0
DA:85,0
DA:86,0
DA:87,0
DA:88,0
DA:89,0
DA:90,0
DA:91,0
DA:92,0
DA:93,0
DA:94,0
DA:95,0
DA:96,0
DA:97,0
DA:98,0
DA:99,0
DA:103,0
DA:104,0
DA:105,0
DA:106,0
DA:107,0
DA:108,0
DA:109,0
DA:110,0
DA:111,0
DA:112,0
DA:113,0
DA:114,0
DA:115,0
DA:116,0
DA:117,0
DA:118,0
DA:119,0
LF:58
LH:23
end_of_record
SF:lib\features\stories\models\story_model.dart
DA:15,0
DA:28,0
DA:40,0
DA:41,0
DA:42,0
DA:43,0
DA:44,0
DA:45,0
DA:46,0
DA:47,0
DA:48,0
DA:49,0
DA:50,0
DA:54,0
DA:55,0
DA:56,0
DA:57,0
DA:58,0
DA:59,0
DA:60,0
DA:61,0
DA:62,0
DA:63,0
DA:64,0
DA:65,0
DA:69,0
DA:70,0
DA:71,0
DA:72,0
DA:73,0
DA:74,0
DA:75,0
DA:76,0
DA:77,0
DA:78,0
DA:79,0
DA:80,0
DA:84,0
DA:96,0
DA:104,0
DA:111,0
DA:112,0
DA:113,0
DA:114,0
DA:115,0
DA:116,0
DA:120,0
DA:121,0
DA:122,0
DA:123,0
DA:124,0
DA:125,0
DA:126,0
DA:130,0
DA:131,0
DA:132,0
DA:133,0
DA:134,0
DA:135,0
DA:136,0
DA:137,0
DA:138,0
DA:139,0
LF:63
LH:0
end_of_record
SF:lib\features\feed\pages\messaging\pages\navigation\widgets\header_widget.dart
DA:6,0
DA:25,0
DA:27,0
DA:29,0
DA:30,0
DA:31,0
DA:32,0
DA:33,0
DA:39,0
DA:40,0
DA:41,0
DA:42,0
DA:45,0
DA:46,0
DA:49,0
DA:50,0
DA:51,0
DA:52,0
DA:53,0
DA:55,0
DA:57,0
DA:58,0
DA:59,0
DA:65,0
LF:24
LH:0
end_of_record
SF:lib\features\feed\pages\messaging\pages\navigation\widgets\nav_tabs_widget.dart
DA:12,0
DA:29,0
DA:31,0
DA:33,0
DA:39,0
DA:40,0
DA:46,0
DA:47,0
DA:49,0
DA:51,0
DA:52,0
DA:53,0
DA:55,0
DA:56,0
DA:58,0
DA:61,0
DA:65,0
DA:67,0
DA:68,0
DA:70,0
LF:20
LH:0
end_of_record
SF:lib\features\feed\subfeatures\profile\widgets\profile_stats_widget.dart
DA:6,2
DA:23,0
DA:25,0
DA:27,0
DA:28,0
DA:30,0
DA:31,0
DA:33,0
DA:35,0
DA:36,0
DA:38,0
DA:40,0
DA:41,0
DA:47,0
DA:48,0
DA:49,0
DA:50,0
DA:51,0
DA:53,0
DA:58,0
DA:68,0
DA:70,0
DA:71,0
DA:72,0
DA:73,0
DA:75,0
DA:77,0
DA:78,0
DA:79,0
DA:80,0
DA:85,0
DA:86,0
DA:87,0
LF:33
LH:1
end_of_record
SF:lib\features\feed\widgets\post_widget.dart
DA:20,1
DA:32,1
DA:33,1
DA:48,1
DA:50,1
DA:51,4
DA:52,4
DA:53,4
DA:56,2
DA:61,3
DA:62,1
DA:63,1
DA:64,2
DA:67,1
DA:68,1
DA:69,2
DA:72,2
DA:74,3
DA:75,1
DA:76,1
DA:82,2
DA:87,3
DA:88,1
DA:89,1
DA:94,3
DA:95,1
DA:96,1
DA:102,1
DA:104,2
DA:105,2
DA:106,1
DA:109,0
DA:110,0
DA:111,0
DA:112,0
DA:116,0
DA:118,0
DA:121,0
DA:124,0
DA:125,0
DA:126,0
DA:131,0
DA:135,0
DA:136,0
DA:139,0
DA:144,0
DA:145,0
DA:146,0
DA:150,0
DA:151,0
DA:155,1
DA:156,1
DA:157,0
DA:158,1
DA:159,0
DA:161,1
DA:164,1
DA:167,1
DA:168,1
DA:169,1
DA:172,2
DA:174,1
DA:175,1
DA:176,1
DA:177,1
DA:180,1
DA:183,0
DA:184,0
DA:185,0
DA:188,1
DA:191,0
DA:196,1
DA:198,1
DA:200,1
DA:202,1
DA:205,5
DA:208,3
DA:211,6
DA:212,1
DA:215,1
DA:222,1
DA:223,1
DA:228,1
DA:229,1
DA:231,1
DA:232,3
DA:233,3
DA:238,1
DA:239,1
DA:241,1
DA:242,1
DA:243,3
DA:249,1
DA:250,4
DA:251,1
DA:253,1
DA:261,1
DA:262,1
DA:268,1
DA:270,1
DA:271,1
DA:272,1
DA:287,0
DA:289,0
DA:290,0
DA:292,0
DA:293,0
DA:295,0
DA:296,0
DA:297,0
DA:300,0
DA:305,2
DA:312,1
DA:313,1
DA:316,1
DA:317,1
DA:318,3
DA:327,0
DA:328,0
DA:331,0
DA:332,0
DA:333,0
DA:334,0
DA:339,1
DA:341,3
DA:343,1
DA:348,1
DA:349,1
DA:351,1
DA:356,4
DA:357,1
DA:361,1
DA:362,1
DA:363,1
DA:366,1
DA:368,1
DA:373,1
DA:374,3
DA:387,1
DA:388,1
DA:390,1
DA:392,1
DA:394,1
DA:395,1
DA:397,1
DA:399,1
DA:401,1
DA:402,0
DA:403,0
DA:404,0
DA:405,0
DA:415,1
DA:416,1
DA:417,1
DA:418,1
DA:419,2
DA:420,1
DA:421,2
DA:422,1
DA:423,1
DA:426,1
DA:427,1
DA:429,2
DA:438,1
DA:439,2
DA:445,1
DA:446,2
DA:449,1
DA:451,1
DA:454,1
DA:455,4
DA:461,1
DA:462,2
DA:465,1
DA:467,1
DA:470,1
DA:471,4
DA:478,1
DA:479,1
DA:482,1
DA:483,1
DA:485,2
DA:494,1
DA:495,4
DA:496,1
DA:498,1
DA:503,4
DA:504,3
DA:505,0
DA:507,0
DA:508,0
DA:509,0
DA:511,0
DA:513,0
DA:514,0
DA:515,0
DA:521,0
DA:522,0
DA:534,1
DA:535,1
DA:536,1
DA:538,2
DA:539,0
DA:540,0
DA:541,2
DA:542,0
DA:543,0
DA:544,2
DA:545,0
DA:546,2
DA:547,2
DA:548,0
DA:549,0
LF:213
LH:152
end_of_record
SF:lib\features\feed\widgets\video_post_widget.dart
DA:6,0
DA:21,1
DA:22,1
DA:29,1
DA:31,1
DA:32,3
DA:33,3
DA:36,1
DA:38,1
DA:39,1
DA:40,2
DA:41,2
DA:43,2
DA:45,1
DA:46,1
DA:47,1
DA:49,1
DA:51,1
DA:53,3
DA:54,1
DA:55,2
DA:57,1
DA:68,1
DA:77,1
DA:78,1
DA:79,1
DA:81,1
DA:82,1
DA:94,1
DA:97,1
DA:98,1
DA:99,1
DA:102,1
DA:103,2
DA:104,2
LF:35
LH:34
end_of_record
SF:lib\features\posts\presentation\widgets\multi_photo_carousel.dart
DA:26,2
DA:49,2
DA:50,2
DA:58,2
DA:61,6
DA:62,1
DA:65,8
DA:66,8
DA:69,1
DA:70,1
DA:72,1
DA:73,1
DA:74,3
DA:75,1
DA:76,4
DA:78,1
DA:79,2
DA:80,2
DA:81,2
DA:82,2
DA:83,2
DA:84,1
DA:85,2
DA:86,1
DA:88,3
DA:94,4
DA:95,1
DA:99,1
DA:103,4
DA:104,4
DA:105,1
DA:110,1
DA:111,1
DA:112,2
DA:113,1
DA:115,1
DA:116,3
DA:118,1
DA:119,3
DA:120,1
DA:123,1
DA:125,0
DA:127,1
DA:128,1
DA:136,2
DA:137,2
DA:138,4
DA:139,2
DA:140,4
DA:141,2
DA:142,6
DA:143,2
DA:146,2
DA:148,0
DA:150,1
DA:151,1
DA:159,1
DA:160,1
DA:162,1
DA:163,3
DA:164,2
DA:168,1
DA:170,2
DA:172,1
DA:173,1
DA:174,1
DA:175,1
DA:186,1
DA:187,1
DA:188,1
DA:190,1
DA:192,4
DA:193,1
DA:195,0
DA:197,1
DA:199,6
DA:200,0
DA:201,1
DA:203,0
DA:210,1
DA:214,1
DA:216,1
DA:217,1
DA:220,1
DA:221,1
DA:227,0
DA:233,2
DA:234,2
DA:235,2
DA:252,1
DA:253,1
DA:254,2
DA:255,1
DA:256,1
DA:264,0
DA:266,0
DA:267,0
DA:268,0
LF:98
LH:88
end_of_record
SF:lib\features\messages\data\repositories\messages_repository_impl.dart
DA:11,0
DA:14,0
DA:28,0
DA:29,0
DA:30,0
DA:31,0
DA:32,0
DA:33,0
DA:34,0
DA:35,0
DA:36,0
DA:37,0
DA:38,0
DA:39,0
DA:40,0
DA:43,0
DA:44,0
DA:45,0
DA:46,0
DA:47,0
DA:50,0
DA:51,0
DA:52,0
DA:56,0
DA:58,0
DA:62,0
DA:72,0
DA:84,0
DA:90,0
DA:91,0
DA:92,0
DA:93,0
DA:94,0
DA:95,0
DA:98,0
DA:101,0
DA:103,0
DA:104,0
DA:105,0
DA:106,0
DA:108,0
DA:109,0
DA:110,0
DA:111,0
DA:112,0
DA:113,0
DA:114,0
DA:115,0
DA:116,0
DA:117,0
DA:118,0
DA:120,0
DA:122,0
DA:126,0
DA:129,0
DA:131,0
DA:132,0
DA:133,0
DA:134,0
DA:135,0
DA:136,0
DA:137,0
DA:139,0
DA:140,0
DA:143,0
DA:145,0
DA:149,0
DA:152,0
DA:153,0
DA:154,0
DA:155,0
DA:156,0
DA:158,0
DA:159,0
DA:160,0
DA:161,0
DA:162,0
DA:163,0
DA:164,0
DA:165,0
DA:166,0
DA:167,0
DA:168,0
DA:169,0
DA:171,0
DA:173,0
DA:177,0
DA:186,0
DA:191,0
DA:194,0
DA:197,0
DA:198,0
DA:200,0
DA:204,0
DA:207,0
DA:208,0
DA:209,0
DA:210,0
DA:211,0
DA:212,0
DA:214,0
DA:218,0
DA:221,0
DA:222,0
DA:223,0
DA:224,0
DA:225,0
DA:227,0
DA:229,0
DA:233,0
DA:236,0
DA:237,0
DA:238,0
DA:239,0
DA:240,0
DA:241,0
DA:242,0
DA:243,0
DA:244,0
DA:246,0
DA:247,0
DA:248,0
DA:249,0
DA:251,0
DA:252,0
DA:253,0
DA:254,0
DA:255,0
DA:256,0
DA:257,0
DA:258,0
DA:259,0
DA:260,0
DA:261,0
DA:263,0
DA:265,0
DA:269,0
DA:275,0
DA:276,0
DA:277,0
DA:279,0
DA:280,0
DA:283,0
LF:143
LH:0
end_of_record
SF:lib\features\messages\domain\entities\conversation_entity.dart
DA:14,0
DA:27,0
DA:38,0
DA:39,0
DA:40,0
DA:41,0
DA:42,0
DA:43,0
DA:44,0
DA:45,0
DA:46,0
DA:47,0
DA:52,0
DA:53,0
DA:54,0
DA:56,0
DA:58,0
DA:59,0
DA:60,0
DA:61,0
DA:62,0
DA:63,0
DA:65,0
DA:70,0
DA:73,0
DA:74,0
DA:75,0
DA:76,0
DA:81,0
DA:82,0
DA:86,0
DA:87,0
DA:91,0
DA:92,0
DA:95,0
DA:98,0
DA:101,0
DA:102,0
DA:104,0
DA:106,0
LF:40
LH:0
end_of_record
SF:lib\features\messages\domain\entities\message_entity.dart
DA:9,2
DA:40,8
DA:43,8
DA:46,6
DA:49,8
DA:52,4
DA:55,2
DA:58,1
DA:59,1
DA:60,2
DA:62,2
DA:64,2
DA:65,2
DA:66,2
DA:67,2
DA:68,2
DA:69,2
DA:71,0
DA:72,0
DA:73,0
DA:78,1
DA:79,1
DA:81,2
DA:82,2
DA:83,3
DA:87,2
DA:90,1
DA:93,3
DA:97,1
DA:99,3
DA:100,4
DA:104,1
DA:105,2
DA:109,1
DA:110,2
DA:114,1
DA:130,1
DA:131,1
DA:132,1
DA:133,1
DA:134,1
DA:135,1
DA:136,1
DA:137,1
DA:138,1
DA:139,1
DA:140,1
DA:141,1
DA:142,1
DA:143,1
DA:147,1
DA:148,1
DA:149,1
DA:150,1
DA:151,1
DA:152,1
DA:153,1
DA:154,1
DA:155,1
DA:156,1
DA:157,1
DA:158,1
DA:159,1
DA:160,1
DA:161,1
LF:65
LH:62
end_of_record
SF:lib\features\messages\domain\usecases\send_message_usecase.dart
DA:8,1
DA:11,1
DA:24,2
DA:25,1
DA:29,2
DA:30,1
DA:34,2
DA:35,1
DA:39,2
DA:40,0
DA:44,2
DA:45,1
DA:50,2
DA:51,1
DA:55,2
DA:56,1
DA:61,0
DA:62,0
DA:64,0
DA:65,0
DA:70,0
DA:71,0
DA:75,0
DA:76,0
DA:80,1
DA:83,2
DA:84,1
DA:85,1
DA:86,1
DA:87,1
DA:88,1
DA:90,0
DA:92,0
DA:93,0
LF:34
LH:22
end_of_record
SF:lib\features\messages\presentation\providers\messages_providers.dart
DA:9,0
DA:10,0
DA:15,0
DA:16,0
DA:17,0
DA:20,0
DA:21,0
DA:22,0
DA:23,0
DA:24,0
DA:25,0
DA:26,0
DA:27,0
DA:28,0
DA:29,0
DA:30,0
DA:31,0
DA:32,0
DA:34,0
DA:35,0
DA:36,0
DA:38,0
DA:40,0
DA:46,0
DA:47,0
DA:48,0
DA:51,0
DA:52,0
DA:53,0
DA:54,0
DA:55,0
DA:60,0
DA:61,0
DA:62,0
DA:65,0
DA:66,0
DA:67,0
DA:68,0
DA:69,0
DA:71,0
DA:72,0
DA:73,0
DA:74,0
DA:75,0
DA:76,0
DA:77,0
DA:78,0
DA:79,0
DA:80,0
DA:81,0
DA:93,0
DA:94,0
DA:95,0
DA:98,0
DA:99,0
DA:100,0
DA:101,0
DA:102,0
DA:103,0
DA:104,0
DA:105,0
DA:106,0
DA:107,0
DA:108,0
DA:109,0
DA:110,0
DA:111,0
DA:112,0
DA:113,0
DA:115,0
DA:116,0
DA:117,0
DA:119,0
DA:121,0
DA:123,0
DA:125,0
DA:126,0
DA:132,0
DA:134,0
DA:135,0
DA:136,0
DA:137,0
DA:145,0
DA:147,0
DA:156,0
DA:158,0
DA:159,0
DA:160,0
DA:166,0
DA:167,0
DA:170,0
DA:171,0
DA:172,0
DA:173,0
DA:174,0
DA:175,0
DA:176,0
DA:177,0
DA:178,0
DA:179,0
DA:181,0
DA:182,0
DA:183,0
DA:184,0
DA:185,0
DA:186,0
DA:187,0
DA:188,0
DA:189,0
DA:190,0
DA:191,0
DA:193,0
DA:198,0
DA:199,0
DA:200,0
DA:205,0
LF:116
LH:0
end_of_record
SF:lib\features\onboarding\presentation\providers\onboarding_provider.dart
DA:15,2
DA:27,0
DA:30,0
DA:33,0
DA:36,0
DA:40,0
DA:43,0
DA:46,0
DA:49,0
DA:54,0
DA:64,0
DA:65,0
DA:66,0
DA:67,0
DA:68,0
DA:69,0
DA:70,0
DA:71,0
DA:77,0
DA:78,0
DA:79,0
DA:81,0
DA:82,0
DA:83,0
DA:84,0
DA:85,0
DA:86,0
DA:87,0
DA:95,0
DA:96,0
DA:104,0
DA:107,0
DA:108,0
DA:109,0
DA:114,0
DA:115,0
DA:116,0
DA:121,0
DA:122,0
DA:123,0
DA:128,0
DA:129,0
DA:136,0
DA:137,0
DA:144,0
DA:145,0
DA:153,0
DA:154,0
DA:161,0
DA:162,0
DA:166,0
DA:168,0
DA:169,0
DA:170,0
DA:171,0
DA:172,0
DA:175,0
DA:180,0
DA:182,0
DA:189,0
DA:190,0
DA:194,0
DA:195,0
DA:198,0
DA:200,0
DA:201,0
DA:202,0
DA:203,0
DA:204,0
DA:206,0
DA:207,0
DA:208,0
DA:212,0
DA:215,0
DA:217,0
DA:224,0
DA:225,0
DA:226,0
DA:231,0
DA:232,0
DA:233,0
DA:234,0
DA:235,0
DA:236,0
DA:237,0
DA:238,0
DA:239,0
DA:240,0
DA:246,0
DA:247,0
LF:90
LH:1
end_of_record
SF:lib\features\posts\data\datasources\posts_remote_datasource.dart
DA:22,0
DA:38,0
DA:50,0
DA:51,0
DA:55,0
DA:56,0
DA:57,0
DA:62,0
DA:63,0
DA:64,0
DA:67,0
DA:68,0
DA:71,0
DA:74,0
DA:80,0
DA:81,0
DA:89,0
DA:94,0
DA:98,0
DA:99,0
DA:111,0
DA:112,0
DA:113,0
DA:115,0
DA:116,0
DA:122,0
DA:148,0
DA:149,0
DA:150,0
DA:151,0
DA:154,0
DA:155,0
DA:158,0
DA:159,0
DA:164,0
DA:170,0
DA:177,0
DA:179,0
DA:182,0
DA:184,0
DA:185,0
DA:188,0
DA:190,0
DA:196,0
DA:201,0
DA:206,0
DA:207,0
DA:212,0
DA:216,0
DA:220,0
DA:223,0
DA:225,0
DA:226,0
DA:227,0
DA:228,0
DA:231,0
DA:237,0
DA:242,0
DA:246,0
DA:256,0
DA:260,0
DA:264,0
DA:266,0
DA:270,0
DA:271,0
DA:272,0
DA:273,0
DA:275,0
DA:276,0
DA:277,0
DA:280,0
DA:281,0
DA:283,0
DA:289,0
DA:290,0
DA:291,0
DA:292,0
DA:293,0
DA:294,0
DA:295,0
DA:296,0
DA:297,0
DA:298,0
DA:299,0
DA:301,0
DA:302,0
DA:303,0
DA:304,0
DA:306,0
DA:312,0
DA:317,0
DA:318,0
DA:327,0
DA:329,0
DA:332,0
DA:334,0
DA:335,0
DA:336,0
DA:337,0
DA:338,0
DA:339,0
DA:340,0
DA:341,0
DA:342,0
DA:343,0
DA:344,0
DA:347,0
DA:353,0
DA:364,0
DA:368,0
DA:372,0
DA:374,0
DA:378,0
DA:379,0
DA:380,0
DA:381,0
DA:383,0
DA:384,0
DA:385,0
DA:388,0
DA:389,0
DA:391,0
DA:395,0
DA:396,0
DA:397,0
DA:398,0
DA:399,0
DA:400,0
DA:401,0
DA:402,0
DA:403,0
DA:404,0
DA:405,0
DA:407,0
DA:408,0
DA:409,0
DA:410,0
DA:412,0
DA:418,0
DA:423,0
DA:427,0
DA:437,0
DA:442,0
DA:445,0
DA:446,0
DA:447,0
DA:448,0
DA:449,0
DA:450,0
DA:451,0
DA:452,0
DA:453,0
DA:454,0
DA:457,0
DA:463,0
DA:468,0
DA:472,0
DA:483,0
DA:489,0
DA:492,0
DA:496,0
DA:500,0
DA:503,0
DA:523,0
DA:529,0
DA:530,0
DA:535,0
DA:538,0
DA:541,0
DA:545,0
DA:546,0
DA:554,0
DA:555,0
DA:557,0
DA:558,0
DA:560,0
DA:561,0
DA:564,0
DA:567,0
DA:568,0
DA:578,0
DA:580,0
DA:581,0
DA:587,0
DA:593,0
DA:610,0
DA:615,0
DA:616,0
DA:621,0
DA:623,0
DA:624,0
DA:628,0
DA:634,0
DA:636,0
DA:637,0
DA:638,0
DA:639,0
DA:640,0
DA:641,0
DA:643,0
DA:644,0
DA:646,0
DA:647,0
DA:648,0
DA:649,0
DA:657,0
DA:658,0
DA:664,0
DA:670,0
DA:677,0
DA:682,0
DA:683,0
DA:687,0
DA:688,0
DA:689,0
DA:692,0
DA:694,0
DA:700,0
DA:705,0
DA:710,0
DA:711,0
DA:715,0
DA:716,0
DA:717,0
DA:720,0
DA:722,0
DA:728,0
DA:733,0
DA:738,0
DA:739,0
DA:743,0
DA:744,0
DA:747,0
DA:752,0
DA:758,0
DA:763,0
DA:768,0
DA:769,0
DA:773,0
DA:774,0
DA:777,0
DA:782,0
DA:788,0
DA:793,0
DA:798,0
DA:799,0
DA:803,0
DA:804,0
DA:807,0
DA:809,0
DA:815,0
DA:820,0
DA:825,0
DA:826,0
DA:831,0
DA:832,0
DA:833,0
DA:836,0
DA:837,0
DA:840,0
DA:841,0
DA:846,0
DA:847,0
DA:848,0
DA:851,0
DA:853,0
DA:859,0
DA:864,0
DA:872,0
DA:873,0
DA:878,0
DA:879,0
DA:880,0
DA:883,0
DA:884,0
DA:887,0
DA:888,0
DA:889,0
DA:891,0
DA:894,0
DA:896,0
DA:902,0
DA:909,0
DA:914,0
DA:915,0
DA:920,0
DA:921,0
DA:922,0
DA:926,0
DA:927,0
DA:929,0
DA:930,0
DA:931,0
DA:932,0
DA:933,0
DA:941,0
DA:943,0
DA:944,0
DA:945,0
DA:946,0
DA:955,0
DA:958,0
DA:959,0
DA:962,0
DA:964,0
DA:970,0
DA:977,0
DA:982,0
DA:983,0
DA:984,0
DA:985,0
DA:995,0
DA:1000,0
DA:1001,0
DA:1002,0
DA:1003,0
DA:1015,0
DA:1021,0
DA:1022,0
DA:1024,0
DA:1026,0
DA:1029,0
DA:1033,0
DA:1038,0
DA:1039,0
DA:1041,0
DA:1043,0
DA:1046,0
DA:1057,0
DA:1064,0
DA:1065,0
DA:1068,0
DA:1069,0
DA:1072,0
DA:1077,0
DA:1079,0
DA:1087,0
DA:1091,0
DA:1092,0
DA:1093,0
DA:1096,0
DA:1099,0
DA:1107,0
DA:1108,0
DA:1109,0
DA:1110,0
DA:1119,0
DA:1137,0
DA:1143,0
DA:1144,0
DA:1146,0
DA:1148,0
DA:1151,0
DA:1153,0
DA:1159,0
DA:1179,0
DA:1186,0
DA:1187,0
DA:1191,0
DA:1194,0
DA:1198,0
DA:1203,0
DA:1205,0
DA:1206,0
DA:1209,0
DA:1211,0
DA:1217,0
LF:367
LH:0
end_of_record
SF:lib\features\posts\data\models\post_model.dart
DA:11,0
DA:37,0
DA:38,0
DA:39,0
DA:40,0
DA:41,0
DA:42,0
DA:43,0
DA:44,0
DA:45,0
DA:46,0
DA:47,0
DA:48,0
DA:49,0
DA:50,0
DA:51,0
DA:52,0
DA:53,0
DA:54,0
DA:55,0
DA:56,0
DA:57,0
DA:58,0
DA:59,0
DA:60,0
DA:61,0
DA:62,0
DA:63,0
DA:64,0
DA:65,0
DA:67,0
DA:68,0
DA:69,0
DA:70,0
DA:71,0
DA:72,0
DA:73,0
DA:74,0
DA:79,0
DA:80,0
DA:81,0
DA:85,0
DA:86,0
DA:90,0
DA:91,0
DA:92,0
DA:93,0
DA:94,0
DA:95,0
DA:96,0
DA:97,0
DA:98,0
DA:99,0
DA:100,0
DA:101,0
DA:102,0
DA:103,0
DA:104,0
DA:105,0
DA:106,0
DA:107,0
DA:108,0
DA:109,0
DA:110,0
DA:111,0
DA:112,0
DA:113,0
DA:118,0
DA:119,0
DA:120,0
DA:121,0
DA:122,0
DA:123,0
DA:124,0
DA:125,0
DA:126,0
DA:127,0
DA:128,0
DA:129,0
DA:130,0
DA:131,0
DA:132,0
DA:133,0
DA:134,0
DA:135,0
DA:136,0
DA:137,0
DA:138,0
DA:139,0
DA:140,0
DA:141,0
DA:146,0
DA:147,0
DA:148,0
DA:149,0
DA:150,0
DA:151,0
DA:152,0
DA:153,0
DA:154,0
DA:155,0
DA:156,0
DA:157,0
DA:158,0
DA:159,0
DA:160,0
DA:161,0
DA:162,0
DA:163,0
DA:164,0
DA:165,0
DA:166,0
DA:167,0
DA:168,0
DA:169,0
DA:174,0
DA:176,0
DA:177,0
DA:178,0
DA:179,0
DA:180,0
DA:181,0
DA:184,0
DA:189,0
DA:214,0
DA:215,0
DA:216,0
DA:217,0
DA:218,0
DA:219,0
DA:220,0
DA:221,0
DA:222,0
DA:223,0
DA:224,0
DA:225,0
DA:226,0
DA:227,0
DA:228,0
DA:229,0
DA:230,0
DA:231,0
DA:232,0
DA:233,0
DA:234,0
DA:235,0
DA:236,0
LF:147
LH:0
end_of_record
SF:lib\features\posts\domain\entities\post_entity.dart
DA:11,1
DA:60,0
DA:61,0
DA:65,0
DA:66,0
DA:70,0
DA:71,0
DA:75,0
DA:76,0
DA:77,0
DA:79,0
DA:80,0
DA:81,0
DA:82,0
DA:83,0
DA:84,0
DA:85,0
DA:86,0
DA:87,0
DA:88,0
DA:89,0
DA:90,0
DA:91,0
DA:92,0
DA:94,0
DA:95,0
DA:100,0
DA:101,0
DA:105,0
DA:106,0
DA:110,0
DA:111,0
DA:115,0
DA:116,0
DA:120,0
DA:121,0
DA:125,0
DA:126,0
DA:127,0
DA:128,0
DA:129,0
DA:131,0
DA:135,0
DA:138,0
DA:139,0
DA:140,0
DA:141,0
DA:142,0
DA:144,0
DA:149,0
DA:150,0
DA:151,0
DA:152,0
DA:153,0
DA:155,0
DA:160,0
DA:161,0
DA:162,0
DA:163,0
DA:164,0
DA:166,0
DA:171,0
DA:174,0
DA:175,0
DA:176,0
DA:181,0
DA:183,0
DA:184,0
DA:185,0
DA:188,0
DA:192,0
DA:195,0
DA:219,0
DA:220,0
DA:221,0
DA:222,0
DA:223,0
DA:224,0
DA:225,0
DA:226,0
DA:227,0
DA:228,0
DA:229,0
DA:230,0
DA:231,0
DA:232,0
DA:233,0
DA:234,0
DA:235,0
DA:236,0
DA:237,0
DA:238,0
DA:239,0
DA:240,0
DA:241,0
DA:245,0
DA:246,0
DA:247,0
DA:248,0
DA:249,0
DA:250,0
DA:251,0
DA:252,0
DA:253,0
DA:254,0
DA:255,0
DA:256,0
DA:257,0
DA:258,0
DA:259,0
DA:260,0
DA:261,0
DA:262,0
DA:263,0
DA:264,0
DA:265,0
DA:266,0
DA:267,0
LF:118
LH:1
end_of_record
SF:lib\features\posts\presentation\providers\posts_providers.dart
DA:10,0
DA:11,0
DA:12,0
DA:13,0
DA:19,0
DA:20,0
DA:21,0
DA:22,0
DA:27,0
DA:28,0
DA:29,0
DA:30,0
DA:35,0
DA:36,0
DA:37,0
DA:38,0
DA:43,0
DA:44,0
DA:45,0
DA:50,0
DA:51,0
DA:52,0
DA:53,0
DA:58,0
DA:59,0
DA:60,0
DA:61,0
DA:62,0
DA:68,0
DA:69,0
DA:70,0
DA:71,0
DA:79,0
DA:82,0
DA:83,0
DA:86,0
DA:87,0
DA:89,0
DA:94,0
DA:96,0
DA:104,0
DA:106,0
DA:114,0
DA:116,0
DA:124,0
DA:126,0
DA:134,0
DA:136,0
DA:144,0
DA:146,0
DA:154,0
DA:165,0
DA:182,0
DA:184,0
DA:186,0
DA:194,0
DA:196,0
DA:206,0
DA:207,0
DA:208,0
DA:209,0
DA:214,0
DA:215,0
DA:216,0
DA:217,0
DA:218,0
DA:219,0
DA:220,0
DA:221,0
DA:222,0
DA:223,0
DA:229,0
DA:230,0
DA:231,0
DA:232,0
DA:233,0
DA:234,0
DA:235,0
DA:236,0
DA:237,0
DA:238,0
DA:244,0
DA:245,0
DA:246,0
DA:247,0
DA:248,0
DA:249,0
DA:250,0
DA:251,0
DA:252,0
DA:253,0
DA:254,0
DA:255,0
DA:261,0
DA:262,0
DA:263,0
DA:264,0
DA:265,0
DA:266,0
DA:267,0
DA:268,0
DA:269,0
DA:270,0
DA:271,0
DA:272,0
LF:105
LH:0
end_of_record
SF:lib\features\stories\widgets\stories_widget.dart
DA:7,0
DA:16,0
DA:18,0
DA:22,0
DA:24,0
DA:27,0
DA:28,0
DA:29,0
DA:30,0
DA:32,0
DA:33,0
DA:34,0
DA:36,0
DA:37,0
DA:40,0
DA:42,0
DA:43,0
DA:44,0
DA:45,0
DA:46,0
DA:48,0
DA:50,0
DA:56,0
DA:57,0
DA:58,0
DA:60,0
DA:66,0
DA:68,0
DA:69,0
DA:70,0
LF:30
LH:0
end_of_record
SF:lib\shared\ui\animations\widget_animations.dart
DA:7,0
DA:12,0
DA:21,0
DA:27,0
DA:37,0
DA:42,0
DA:51,0
DA:56,0
DA:67,0
DA:79,0
DA:80,0
DA:89,0
DA:91,0
DA:92,0
DA:93,0
DA:97,0
DA:100,0
DA:101,0
DA:102,0
DA:105,0
DA:108,0
DA:109,0
DA:110,0
DA:113,0
DA:114,0
DA:115,0
DA:120,0
DA:122,0
DA:123,0
DA:126,0
DA:128,0
DA:129,0
DA:130,0
DA:131,0
DA:132,0
DA:140,0
DA:154,0
DA:155,0
DA:164,0
DA:166,0
DA:167,0
DA:168,0
DA:172,0
DA:175,0
DA:176,0
DA:177,0
DA:180,0
DA:183,0
DA:184,0
DA:185,0
DA:188,0
DA:189,0
DA:190,0
DA:191,0
DA:196,0
DA:198,0
DA:199,0
DA:202,0
DA:204,0
DA:205,0
DA:206,0
DA:207,0
DA:208,0
DA:216,0
DA:228,0
DA:229,0
DA:237,0
DA:239,0
DA:240,0
DA:241,0
DA:245,0
DA:248,0
DA:249,0
DA:250,0
DA:253,0
DA:254,0
DA:255,0
DA:260,0
DA:262,0
DA:263,0
DA:266,0
DA:268,0
DA:269,0
DA:270,0
DA:277,0
DA:289,0
DA:290,0
DA:298,0
DA:300,0
DA:301,0
DA:302,0
DA:306,0
DA:309,0
DA:310,0
DA:311,0
DA:314,0
DA:315,0
DA:316,0
DA:321,0
DA:323,0
DA:324,0
DA:327,0
DA:329,0
DA:330,0
DA:331,0
LF:105
LH:0
end_of_record
SF:lib\shared\utils\hero_tags.dart
DA:5,0
DA:8,0
DA:11,0
DA:14,0
DA:17,0
DA:20,0
DA:23,0
DA:26,0
DA:29,0
DA:32,0
DA:33,0
LF:11
LH:0
end_of_record
SF:lib\shared\ui\animations\animated_widgets.dart
DA:11,0
DA:22,0
DA:23,0
DA:31,0
DA:33,0
DA:34,0
DA:35,0
DA:38,0
DA:39,0
DA:40,0
DA:42,0
DA:45,0
DA:47,0
DA:48,0
DA:51,0
DA:53,0
DA:54,0
DA:55,0
DA:62,0
DA:75,0
DA:76,0
DA:84,0
DA:86,0
DA:87,0
DA:88,0
DA:92,0
DA:93,0
DA:96,0
DA:97,0
DA:98,0
DA:101,0
DA:104,0
DA:106,0
DA:108,0
DA:110,0
DA:112,0
DA:117,0
DA:119,0
DA:120,0
DA:123,0
DA:125,0
DA:126,0
DA:127,0
DA:134,0
DA:149,0
DA:150,0
DA:158,0
DA:160,0
DA:161,0
DA:162,0
DA:165,0
DA:166,0
DA:167,0
DA:168,0
DA:169,0
DA:170,0
DA:172,0
DA:175,0
DA:177,0
DA:178,0
DA:181,0
DA:183,0
DA:184,0
DA:185,0
DA:192,1
DA:207,2
DA:208,2
DA:216,2
DA:218,2
DA:219,4
DA:220,4
DA:223,4
DA:224,2
DA:225,4
DA:229,12
DA:230,4
DA:231,2
DA:232,4
DA:237,2
DA:239,4
DA:240,2
DA:243,2
DA:245,2
DA:246,2
DA:247,2
DA:248,2
DA:251,4
DA:252,4
DA:260,1
DA:275,2
DA:276,2
DA:285,2
DA:287,2
DA:288,4
DA:289,4
DA:293,4
DA:296,4
DA:297,2
DA:298,4
DA:301,4
DA:304,4
DA:305,2
DA:310,12
DA:311,3
DA:312,1
DA:313,2
DA:318,2
DA:320,4
DA:321,2
DA:324,2
DA:326,2
DA:327,2
DA:328,2
DA:329,2
DA:330,4
DA:338,0
DA:355,1
DA:356,1
DA:365,1
DA:367,1
DA:368,2
DA:369,2
DA:373,3
DA:374,2
DA:377,2
DA:378,1
DA:379,2
DA:382,2
DA:385,2
DA:386,1
DA:391,3
DA:392,0
DA:393,0
DA:398,1
DA:400,1
DA:402,1
DA:404,1
DA:406,0
DA:411,1
DA:413,2
DA:414,1
DA:417,1
DA:419,1
DA:420,1
DA:421,1
DA:422,1
DA:423,2
DA:431,2
DA:446,2
DA:447,2
DA:455,2
DA:457,2
DA:458,4
DA:459,4
DA:462,4
DA:464,4
DA:465,4
DA:466,2
DA:467,4
DA:471,2
DA:473,4
DA:474,2
DA:477,1
DA:478,2
DA:481,1
DA:482,2
DA:485,0
DA:486,0
DA:489,1
DA:490,3
DA:493,2
DA:495,2
DA:496,2
DA:497,2
DA:498,2
DA:499,2
DA:500,2
DA:501,2
DA:502,4
DA:510,1
DA:525,2
DA:526,2
DA:534,2
DA:536,2
DA:537,4
DA:538,4
DA:541,4
DA:543,6
DA:544,4
DA:545,2
DA:546,4
DA:548,4
DA:551,1
DA:553,1
DA:554,4
DA:555,2
DA:556,2
DA:557,3
DA:558,2
DA:559,1
DA:560,2
DA:562,2
DA:566,2
DA:568,4
DA:569,2
DA:572,2
DA:574,2
DA:575,2
DA:576,2
DA:577,2
DA:578,8
DA:579,4
DA:580,4
DA:589,2
DA:608,2
DA:609,2
DA:617,2
DA:619,2
DA:620,4
DA:621,4
DA:624,4
DA:626,4
DA:627,4
DA:628,2
DA:629,4
DA:633,2
DA:635,4
DA:636,2
DA:639,2
DA:640,4
DA:643,2
DA:644,4
DA:647,0
DA:648,0
DA:651,2
DA:652,6
DA:655,2
DA:657,2
DA:658,2
DA:659,2
DA:660,2
DA:661,2
DA:662,2
DA:663,2
DA:664,2
DA:665,4
DA:666,4
DA:667,4
DA:676,0
DA:689,1
DA:690,1
DA:699,1
DA:701,1
DA:702,2
DA:703,2
DA:707,2
DA:710,2
DA:711,1
DA:712,2
DA:715,2
DA:718,2
DA:719,1
DA:724,3
DA:725,0
DA:726,0
DA:731,1
DA:733,2
DA:734,1
DA:737,1
DA:739,1
DA:740,1
DA:741,1
DA:742,1
DA:743,2
LF:274
LH:199
end_of_record
SF:lib\shared\ui\animations\hero_animations.dart
DA:12,0
DA:27,0
DA:29,0
DA:30,0
DA:31,0
DA:32,0
DA:33,0
DA:34,0
DA:41,0
DA:56,0
DA:58,0
DA:59,0
DA:60,0
DA:61,0
DA:62,0
DA:63,0
DA:64,0
DA:72,0
DA:83,0
DA:85,0
DA:86,0
DA:87,0
DA:88,0
DA:89,0
LF:24
LH:0
end_of_record
SF:lib\shared\ui\animations\interactive_animations.dart
DA:11,0
DA:24,0
DA:25,0
DA:33,0
DA:35,0
DA:36,0
DA:37,0
DA:40,0
DA:42,0
DA:43,0
DA:44,0
DA:49,0
DA:51,0
DA:52,0
DA:55,0
DA:56,0
DA:59,0
DA:60,0
DA:63,0
DA:64,0
DA:67,0
DA:69,0
DA:70,0
DA:71,0
DA:72,0
DA:73,0
DA:74,0
DA:75,0
DA:76,0
DA:84,0
DA:97,0
DA:98,0
DA:106,0
DA:108,0
DA:109,0
DA:113,0
DA:114,0
DA:115,0
DA:116,0
DA:117,0
DA:122,0
DA:124,0
DA:125,0
DA:128,0
DA:130,0
DA:131,0
DA:132,0
DA:134,0
DA:135,0
DA:137,0
DA:138,0
DA:139,0
DA:140,0
DA:141,0
DA:142,0
DA:143,0
DA:144,0
DA:155,0
DA:170,0
DA:171,0
DA:179,0
DA:181,0
DA:182,0
DA:186,0
DA:189,0
DA:190,0
DA:195,0
DA:197,0
DA:198,0
DA:201,0
DA:202,0
DA:205,0
DA:206,0
DA:207,0
DA:210,0
DA:211,0
DA:214,0
DA:216,0
DA:217,0
DA:218,0
DA:219,0
DA:220,0
DA:221,0
DA:222,0
DA:223,0
DA:224,0
DA:225,0
DA:230,0
DA:231,0
DA:232,0
LF:90
LH:0
end_of_record
SF:lib\shared\ui\animations\lottie_animations.dart
DA:13,0
DA:32,0
DA:46,0
DA:47,0
DA:48,0
DA:56,0
DA:63,0
DA:65,0
DA:67,0
DA:68,0
DA:75,0
DA:82,0
DA:84,0
DA:86,0
DA:87,0
DA:95,0
DA:102,0
DA:104,0
DA:106,0
DA:107,0
LF:20
LH:0
end_of_record
SF:lib\shared\ui\animations\page_transitions.dart
DA:11,0
DA:15,0
DA:16,0
DA:18,0
DA:19,0
DA:20,0
DA:21,0
DA:24,0
DA:37,0
DA:39,0
DA:41,0
DA:43,0
DA:45,0
DA:59,0
DA:71,0
DA:73,0
DA:75,0
DA:76,0
DA:77,0
DA:78,0
DA:79,0
DA:80,0
DA:83,0
DA:89,0
DA:90,0
DA:91,0
DA:94,0
DA:100,0
DA:101,0
DA:113,0
DA:122,0
DA:124,0
DA:125,0
DA:128,0
DA:129,0
DA:132,0
DA:133,0
DA:134,0
DA:142,0
DA:151,0
DA:153,0
DA:154,0
DA:155,0
DA:162,1
DA:167,1
DA:169,1
DA:170,1
DA:176,1
DA:182,1
DA:183,1
DA:184,1
DA:187,2
DA:193,1
DA:194,0
DA:195,0
DA:198,0
DA:204,1
DA:205,1
DA:215,0
DA:218,0
DA:219,0
DA:221,0
DA:222,0
DA:235,0
DA:238,0
DA:239,0
DA:241,0
DA:242,0
DA:243,0
DA:246,0
DA:261,0
DA:265,0
DA:266,0
DA:268,0
DA:269,0
DA:270,0
DA:271,0
DA:274,0
DA:278,0
DA:290,0
DA:292,0
DA:294,0
DA:296,0
DA:298,0
LF:84
LH:12
end_of_record
SF:lib\shared\ui\animations\shared_element_transitions.dart
DA:12,0
DA:13,0
DA:17,0
DA:18,0
DA:22,0
DA:23,0
DA:27,0
DA:28,0
DA:34,0
DA:49,0
DA:51,0
DA:52,0
DA:53,0
DA:54,0
DA:55,0
DA:56,0
DA:57,0
DA:65,0
DA:76,0
DA:78,0
DA:79,0
DA:80,0
DA:81,0
DA:82,0
DA:90,0
DA:101,0
DA:103,0
DA:104,0
DA:105,0
DA:106,0
DA:107,0
LF:31
LH:0
end_of_record
SF:lib\shared\ui\animations\tiktok_animations.dart
DA:11,0
DA:28,0
DA:29,0
DA:35,0
DA:37,0
DA:40,0
DA:42,0
DA:45,0
DA:46,0
DA:47,0
DA:51,0
DA:52,0
DA:53,0
DA:55,0
DA:56,0
DA:57,0
DA:58,0
DA:59,0
DA:61,0
DA:62,0
DA:63,0
DA:64,0
DA:65,0
DA:69,0
DA:70,0
DA:74,0
DA:76,0
DA:77,0
DA:78,0
DA:79,0
DA:80,0
DA:81,0
DA:89,0
DA:102,0
DA:103,0
DA:111,0
DA:113,0
DA:114,0
DA:115,0
DA:118,0
DA:120,0
DA:121,0
DA:122,0
DA:127,0
DA:129,0
DA:130,0
DA:133,0
DA:134,0
DA:135,0
DA:137,0
DA:140,0
DA:142,0
DA:143,0
DA:144,0
DA:145,0
DA:146,0
DA:154,0
DA:163,0
DA:164,0
DA:168,0
DA:170,0
DA:171,0
DA:172,0
LF:63
LH:0
end_of_record
SF:lib\shared\ui\animations\typing_indicator.dart
DA:11,0
DA:22,0
DA:23,0
DA:31,0
DA:33,0
DA:34,0
DA:36,0
DA:39,0
DA:42,0
DA:43,0
DA:44,0
DA:49,0
DA:52,0
DA:53,0
DA:54,0
DA:55,0
DA:60,0
DA:62,0
DA:63,0
DA:65,0
DA:68,0
DA:70,0
DA:72,0
DA:74,0
DA:75,0
DA:76,0
DA:77,0
DA:79,0
DA:80,0
DA:81,0
DA:82,0
DA:83,0
DA:84,0
DA:85,0
DA:86,0
DA:87,0
DA:103,0
DA:112,0
DA:114,0
DA:115,0
DA:117,0
DA:119,0
DA:121,0
DA:123,0
DA:124,0
LF:45
LH:0
end_of_record
SF:lib\shared\ui\components\app_accordion.dart
DA:6,0
DA:17,0
DA:18,0
DA:24,0
DA:26,0
DA:27,0
DA:30,0
DA:31,0
DA:32,0
DA:33,0
DA:35,0
DA:36,0
DA:38,0
DA:43,0
DA:45,0
DA:46,0
DA:47,0
DA:48,0
DA:49,0
DA:51,0
DA:54,0
DA:55,0
DA:56,0
DA:58,0
DA:64,0
DA:78,0
DA:80,0
DA:82,0
DA:83,0
DA:84,0
DA:85,0
DA:86,0
DA:87,0
DA:90,0
DA:91,0
DA:93,0
DA:94,0
DA:96,0
DA:97,0
DA:100,0
DA:101,0
DA:102,0
DA:103,0
DA:104,0
DA:107,0
DA:108,0
DA:110,0
DA:111,0
DA:112,0
DA:113,0
DA:114,0
DA:115,0
DA:118,0
DA:122,0
DA:125,0
DA:126,0
DA:127,0
DA:128,0
DA:131,0
DA:132,0
DA:133,0
DA:134,0
DA:137,0
DA:138,0
DA:140,0
DA:141,0
DA:142,0
DA:143,0
DA:147,0
DA:149,0
DA:150,0
DA:151,0
DA:152,0
DA:159,0
DA:160,0
DA:162,0
DA:164,0
DA:173,0
DA:175,0
DA:178,0
DA:179,0
DA:180,0
DA:181,0
DA:182,0
DA:185,0
DA:187,0
DA:200,0
DA:217,0
DA:218,0
DA:224,0
DA:226,0
DA:227,0
DA:230,0
DA:231,0
DA:232,0
DA:234,0
DA:237,0
DA:239,0
DA:240,0
DA:241,0
DA:242,0
DA:243,0
DA:244,0
DA:246,0
DA:247,0
DA:256,0
LF:106
LH:0
end_of_record
SF:lib\shared\ui\components\app_alert.dart
DA:6,0
DA:25,0
DA:27,0
DA:28,0
DA:29,0
DA:31,0
DA:34,0
DA:35,0
DA:36,0
DA:37,0
DA:39,0
DA:41,0
DA:42,0
DA:43,0
DA:45,0
DA:50,0
DA:51,0
DA:54,0
DA:55,0
DA:56,0
DA:57,0
DA:58,0
DA:59,0
DA:65,0
DA:66,0
DA:67,0
DA:68,0
DA:71,0
DA:73,0
DA:74,0
DA:75,0
DA:76,0
DA:77,0
DA:85,0
DA:87,0
DA:88,0
DA:89,0
DA:90,0
DA:92,0
DA:95,0
DA:104,0
DA:105,0
DA:106,0
DA:108,0
DA:109,0
DA:112,0
DA:113,0
DA:115,0
DA:125,0
DA:127,0
DA:128,0
DA:130,0
DA:131,0
DA:132,0
DA:133,0
DA:135,0
DA:136,0
DA:137,0
DA:138,0
DA:139,0
DA:140,0
DA:142,0
DA:143,0
DA:144,0
DA:145,0
DA:146,0
DA:147,0
DA:149,0
DA:150,0
DA:152,0
DA:153,0
DA:154,0
DA:155,0
DA:160,0
DA:162,0
DA:164,0
DA:166,0
DA:168,0
DA:176,0
DA:184,0
DA:185,0
DA:187,0
DA:188,0
DA:189,0
DA:191,0
DA:193,0
DA:197,0
DA:202,0
DA:207,0
DA:208,0
DA:209,0
DA:211,0
DA:212,0
DA:214,0
DA:215,0
DA:216,0
DA:221,0
DA:222,0
DA:223,0
DA:228,0
DA:229,0
DA:230,0
DA:232,0
DA:233,0
DA:242,0
LF:105
LH:0
end_of_record
SF:lib\shared\ui\components\app_aspect_ratio.dart
DA:5,0
DA:12,0
DA:15,0
DA:18,0
DA:21,0
DA:24,0
DA:30,0
DA:36,0
DA:39,0
DA:42,0
DA:45,0
DA:50,0
DA:52,0
DA:53,0
DA:54,0
DA:61,0
DA:78,0
DA:80,0
DA:81,0
DA:82,0
DA:85,0
DA:86,0
DA:87,0
DA:88,0
DA:90,0
DA:93,0
DA:95,0
DA:104,0
DA:121,0
DA:123,0
DA:124,0
DA:125,0
DA:126,0
DA:127,0
DA:128,0
DA:130,0
DA:131,0
DA:132,0
DA:140,0
DA:155,0
DA:157,0
DA:158,0
DA:159,0
DA:160,0
DA:161,0
DA:164,0
DA:166,0
DA:169,0
DA:170,0
DA:171,0
DA:172,0
DA:173,0
DA:179,0
DA:181,0
DA:191,0
DA:230,0
DA:231,0
DA:232,0
DA:233,0
DA:235,0
DA:236,0
DA:238,0
DA:239,0
DA:241,0
DA:243,0
DA:244,0
DA:246,0
DA:247,0
DA:249,0
DA:251,0
DA:259,0
LF:71
LH:0
end_of_record
SF:lib\shared\ui\components\app_avatar.dart
DA:5,1
DA:28,2
DA:29,1
DA:30,1
DA:31,0
DA:32,0
DA:35,0
DA:36,0
DA:37,0
DA:38,0
DA:39,0
DA:42,0
DA:43,0
DA:44,0
DA:45,0
DA:46,0
DA:48,0
DA:51,1
DA:53,1
DA:54,3
DA:56,1
DA:57,1
DA:58,3
DA:59,2
DA:61,0
DA:62,0
DA:63,0
DA:64,0
DA:66,0
DA:72,1
DA:73,0
DA:74,0
DA:76,0
DA:77,0
DA:78,0
DA:85,1
DA:86,0
DA:87,0
DA:88,0
DA:99,0
DA:114,0
DA:115,0
DA:116,0
DA:117,0
DA:118,0
DA:121,0
DA:123,0
DA:124,0
DA:125,0
DA:127,0
DA:128,0
DA:129,0
DA:130,0
DA:131,0
DA:132,0
DA:133,0
DA:135,0
DA:136,0
DA:137,0
DA:138,0
DA:139,0
DA:140,0
DA:142,0
DA:143,0
DA:147,0
DA:148,0
DA:149,0
DA:150,0
DA:151,0
DA:152,0
DA:153,0
DA:154,0
DA:155,0
DA:156,0
DA:157,0
DA:158,0
DA:160,0
DA:176,0
LF:78
LH:13
end_of_record
SF:lib\shared\ui\components\app_badge.dart
DA:6,0
DA:20,0
DA:21,0
DA:25,0
DA:29,0
DA:35,0
DA:36,0
DA:37,0
DA:38,0
DA:41,0
DA:42,0
DA:43,0
DA:44,0
DA:47,0
DA:49,0
DA:50,0
DA:52,0
DA:53,0
DA:54,0
DA:55,0
DA:56,0
DA:57,0
DA:58,0
DA:61,0
DA:63,0
DA:64,0
DA:65,0
DA:66,0
DA:67,0
DA:68,0
DA:72,0
DA:73,0
DA:74,0
DA:75,0
DA:77,0
DA:84,0
DA:85,0
DA:86,0
DA:87,0
DA:95,0
DA:97,0
DA:98,0
DA:99,0
DA:100,0
DA:102,0
DA:103,0
DA:104,0
DA:105,0
DA:107,0
DA:108,0
DA:109,0
DA:110,0
DA:112,0
DA:113,0
DA:114,0
DA:115,0
DA:117,0
DA:118,0
DA:119,0
DA:120,0
DA:122,0
DA:123,0
DA:125,0
DA:126,0
DA:128,0
DA:129,0
DA:130,0
DA:131,0
DA:139,0
DA:153,0
DA:155,0
DA:156,0
DA:158,0
DA:160,0
DA:161,0
DA:163,0
DA:164,0
DA:165,0
DA:166,0
DA:168,0
DA:169,0
DA:171,0
DA:172,0
DA:179,0
DA:180,0
DA:181,0
DA:182,0
DA:208,0
LF:88
LH:0
end_of_record
SF:lib\shared\ui\components\app_bottom_sheet.dart
DA:11,0
DA:29,0
DA:38,0
DA:43,0
DA:54,0
DA:56,0
DA:57,0
DA:59,0
DA:60,0
DA:61,0
DA:65,0
DA:66,0
DA:67,0
DA:70,0
DA:71,0
DA:73,0
DA:74,0
DA:75,0
DA:79,0
DA:80,0
DA:81,0
DA:83,0
DA:87,0
DA:89,0
DA:91,0
DA:93,0
DA:100,0
DA:101,0
DA:102,0
DA:103,0
DA:104,0
DA:113,0
DA:114,0
DA:115,0
LF:34
LH:0
end_of_record
SF:lib\shared\ui\components\app_breadcrumb.dart
DA:6,0
DA:18,0
DA:19,0
DA:21,0
DA:22,0
DA:26,0
DA:27,0
DA:29,0
DA:30,0
DA:35,0
DA:39,0
DA:41,0
DA:42,0
DA:44,0
DA:48,0
DA:50,0
DA:51,0
DA:52,0
DA:53,0
DA:54,0
DA:55,0
DA:58,0
DA:59,0
DA:61,0
DA:62,0
DA:63,0
DA:64,0
DA:77,0
DA:87,0
DA:89,0
DA:90,0
DA:91,0
DA:92,0
DA:93,0
DA:98,0
DA:99,0
DA:100,0
DA:101,0
DA:102,0
DA:105,0
DA:107,0
DA:108,0
DA:109,0
DA:110,0
DA:112,0
DA:116,0
DA:120,0
DA:121,0
DA:122,0
DA:123,0
DA:124,0
DA:140,0
DA:150,0
DA:152,0
DA:154,0
DA:158,0
DA:159,0
DA:163,0
DA:164,0
DA:165,0
DA:167,0
DA:168,0
DA:170,0
DA:171,0
DA:176,0
DA:178,0
DA:182,0
DA:183,0
DA:188,0
DA:190,0
DA:191,0
DA:193,0
DA:194,0
DA:198,0
DA:201,0
DA:206,0
DA:207,0
DA:209,0
DA:210,0
DA:211,0
DA:212,0
DA:215,0
DA:219,0
DA:220,0
DA:224,0
DA:225,0
DA:227,0
DA:229,0
DA:230,0
DA:231,0
DA:242,2
LF:91
LH:1
end_of_record
SF:lib\shared\ui\components\app_button.dart
DA:8,1
DA:27,2
DA:28,1
DA:29,0
DA:30,0
DA:33,2
DA:34,1
DA:35,0
DA:36,0
DA:39,1
DA:40,1
DA:41,1
DA:42,4
DA:43,2
DA:44,2
DA:48,1
DA:50,1
DA:51,1
DA:52,1
DA:53,1
DA:54,1
DA:57,2
DA:59,1
DA:60,1
DA:61,0
DA:62,0
DA:65,1
DA:66,0
DA:67,0
DA:70,1
DA:71,0
DA:72,0
DA:74,0
DA:75,0
DA:80,2
DA:81,1
DA:82,2
DA:90,1
DA:102,1
DA:104,1
DA:105,1
DA:106,0
DA:111,1
DA:112,0
DA:115,4
DA:117,1
DA:118,0
DA:121,1
DA:124,1
DA:125,4
DA:126,1
DA:127,1
LF:52
LH:37
end_of_record
SF:lib\shared\ui\components\app_calendar.dart
DA:6,0
DA:29,0
DA:30,0
DA:37,0
DA:39,0
DA:40,0
DA:41,0
DA:42,0
DA:43,0
DA:47,0
DA:48,0
DA:49,0
DA:53,0
DA:54,0
DA:55,0
DA:59,0
DA:60,0
DA:63,0
DA:66,0
DA:67,0
DA:69,0
DA:70,0
DA:75,0
DA:76,0
DA:79,0
DA:81,0
DA:83,0
DA:84,0
DA:85,0
DA:86,0
DA:87,0
DA:89,0
DA:91,0
DA:93,0
DA:94,0
DA:95,0
DA:96,0
DA:97,0
DA:98,0
DA:102,0
DA:103,0
DA:106,0
DA:107,0
DA:108,0
DA:109,0
DA:110,0
DA:111,0
DA:112,0
DA:113,0
DA:122,0
DA:134,0
DA:136,0
DA:137,0
DA:142,0
DA:143,0
DA:144,0
DA:146,0
DA:147,0
DA:148,0
DA:150,0
DA:152,0
DA:153,0
DA:154,0
DA:158,0
DA:159,0
DA:161,0
DA:170,0
DA:174,0
DA:176,0
DA:177,0
DA:179,0
DA:180,0
DA:181,0
DA:182,0
DA:184,0
DA:185,0
DA:186,0
DA:187,0
DA:189,0
DA:190,0
DA:195,0
DA:202,0
DA:220,0
DA:222,0
DA:223,0
DA:224,0
DA:225,0
DA:227,0
DA:230,0
DA:231,0
DA:235,0
DA:236,0
DA:237,0
DA:238,0
DA:240,0
DA:241,0
DA:242,0
DA:243,0
DA:244,0
DA:249,0
DA:250,0
DA:251,0
DA:254,0
DA:255,0
DA:263,0
DA:279,0
DA:281,0
DA:283,0
DA:284,0
DA:285,0
DA:286,0
DA:287,0
DA:288,0
DA:289,0
DA:290,0
DA:291,0
DA:293,0
DA:294,0
DA:295,0
DA:298,0
DA:299,0
DA:300,0
DA:301,0
DA:302,0
DA:303,0
DA:304,0
DA:305,0
DA:306,0
DA:307,0
DA:318,0
DA:324,0
DA:326,0
DA:327,0
DA:329,0
DA:331,0
DA:332,0
DA:336,0
DA:338,0
DA:340,0
DA:342,0
DA:343,0
DA:344,0
LF:142
LH:0
end_of_record
SF:lib\shared\ui\components\app_card.dart
DA:6,1
DA:19,1
DA:21,1
DA:22,1
DA:23,1
DA:24,1
DA:25,2
DA:26,1
DA:27,1
DA:28,1
DA:29,2
DA:30,1
LF:12
LH:12
end_of_record
SF:lib\shared\ui\components\app_carousel.dart
DA:7,0
DA:32,0
DA:33,0
DA:41,0
DA:43,0
DA:44,0
DA:45,0
DA:46,0
DA:47,0
DA:50,0
DA:51,0
DA:55,0
DA:57,0
DA:58,0
DA:59,0
DA:62,0
DA:63,0
DA:64,0
DA:65,0
DA:70,0
DA:71,0
DA:74,0
DA:75,0
DA:77,0
DA:78,0
DA:79,0
DA:80,0
DA:84,0
DA:91,0
DA:92,0
DA:94,0
DA:95,0
DA:96,0
DA:97,0
DA:98,0
DA:101,0
DA:108,0
DA:109,0
DA:110,0
DA:112,0
DA:115,0
DA:117,0
DA:118,0
DA:121,0
DA:122,0
DA:123,0
DA:124,0
DA:125,0
DA:128,0
DA:129,0
DA:130,0
DA:131,0
DA:133,0
DA:134,0
DA:135,0
DA:137,0
DA:138,0
DA:139,0
DA:140,0
DA:141,0
DA:143,0
DA:145,0
DA:146,0
DA:147,0
DA:154,0
DA:156,0
DA:160,0
DA:161,0
DA:163,0
DA:169,0
DA:173,0
DA:174,0
DA:176,0
DA:183,0
DA:184,0
DA:188,0
DA:189,0
DA:190,0
DA:191,0
DA:192,0
DA:208,0
DA:216,0
DA:218,0
DA:221,0
DA:222,0
DA:225,0
DA:226,0
DA:227,0
DA:228,0
DA:238,0
DA:248,0
DA:250,0
DA:252,0
DA:253,0
DA:255,0
DA:256,0
DA:257,0
DA:261,0
DA:263,0
DA:264,0
DA:275,0
DA:296,0
DA:298,0
DA:299,0
DA:300,0
DA:301,0
DA:303,0
DA:305,0
DA:306,0
DA:307,0
DA:308,0
DA:309,0
DA:312,0
DA:316,0
DA:318,0
DA:319,0
DA:320,0
DA:321,0
DA:322,0
DA:323,0
DA:324,0
DA:325,0
DA:333,0
DA:334,0
DA:335,0
DA:336,0
DA:337,0
DA:338,0
DA:339,0
LF:129
LH:0
end_of_record
SF:lib\shared\ui\components\app_chart.dart
DA:6,2
DA:35,0
DA:36,0
DA:43,0
DA:45,0
DA:46,0
DA:47,0
DA:50,0
DA:51,0
DA:55,0
DA:56,0
DA:60,0
DA:62,0
DA:63,0
DA:66,0
DA:68,0
DA:70,0
DA:71,0
DA:72,0
DA:73,0
DA:75,0
DA:77,0
DA:78,0
DA:80,0
DA:82,0
DA:83,0
DA:84,0
DA:85,0
DA:86,0
DA:90,0
DA:92,0
DA:93,0
DA:94,0
DA:95,0
DA:105,0
DA:106,0
DA:108,0
DA:109,0
DA:110,0
DA:111,0
DA:113,0
DA:118,0
DA:119,0
DA:120,0
DA:121,0
DA:129,0
DA:130,0
DA:131,0
DA:132,0
DA:133,0
DA:134,0
DA:135,0
DA:136,0
DA:138,0
DA:140,0
DA:141,0
DA:142,0
DA:143,0
DA:144,0
DA:145,0
DA:147,0
DA:149,0
DA:150,0
DA:151,0
DA:152,0
DA:153,0
DA:155,0
DA:157,0
DA:158,0
DA:159,0
DA:160,0
DA:161,0
DA:162,0
DA:164,0
DA:169,0
DA:170,0
DA:172,0
DA:173,0
DA:174,0
DA:175,0
DA:186,0
DA:202,0
DA:204,0
DA:205,0
DA:206,0
DA:207,0
DA:208,0
DA:209,0
DA:210,0
DA:211,0
DA:213,0
DA:214,0
DA:219,0
DA:226,0
DA:242,0
DA:244,0
DA:245,0
DA:246,0
DA:247,0
DA:248,0
DA:249,0
DA:250,0
DA:251,0
DA:258,0
DA:272,0
DA:274,0
DA:275,0
DA:276,0
DA:277,0
DA:278,0
DA:279,0
DA:280,0
DA:287,0
DA:303,0
DA:305,0
DA:306,0
DA:307,0
DA:308,0
DA:309,0
DA:310,0
DA:311,0
DA:312,0
DA:320,0
DA:336,0
DA:338,0
DA:340,0
DA:341,0
DA:343,0
DA:344,0
DA:348,0
DA:349,0
DA:353,0
DA:354,0
DA:355,0
DA:357,0
DA:361,0
DA:362,0
DA:366,0
DA:367,0
DA:368,0
DA:369,0
DA:372,0
DA:373,0
DA:374,0
DA:375,0
DA:376,0
DA:382,0
DA:383,0
DA:384,0
DA:385,0
DA:386,0
DA:392,0
DA:393,0
DA:395,0
DA:396,0
DA:397,0
DA:398,0
DA:399,0
DA:401,0
DA:402,0
DA:403,0
DA:404,0
DA:406,0
DA:407,0
DA:408,0
DA:409,0
DA:410,0
DA:412,0
DA:413,0
DA:415,0
DA:420,0
DA:421,0
DA:422,0
DA:423,0
DA:424,0
DA:425,0
DA:426,0
DA:430,0
DA:432,0
DA:433,0
DA:437,0
DA:438,0
DA:439,0
DA:445,0
DA:446,0
DA:447,0
DA:449,0
DA:450,0
DA:453,0
DA:454,0
DA:458,0
DA:460,0
DA:461,0
DA:462,0
DA:463,0
DA:468,0
DA:484,0
DA:486,0
DA:488,0
DA:489,0
DA:491,0
DA:492,0
DA:495,0
DA:496,0
DA:499,0
DA:501,0
DA:502,0
DA:506,0
DA:507,0
DA:508,0
DA:509,0
DA:511,0
DA:512,0
DA:513,0
DA:514,0
DA:515,0
DA:521,0
DA:522,0
DA:524,0
DA:525,0
DA:526,0
DA:527,0
DA:529,0
DA:530,0
DA:531,0
DA:533,0
DA:534,0
DA:535,0
DA:537,0
DA:539,0
DA:544,0
DA:545,0
DA:546,0
DA:552,0
DA:556,0
DA:558,0
DA:559,0
DA:564,0
DA:578,0
DA:580,0
DA:582,0
DA:583,0
DA:585,0
DA:586,0
DA:588,0
DA:590,0
DA:591,0
DA:592,0
DA:593,0
DA:595,0
DA:596,0
DA:597,0
DA:599,0
DA:600,0
DA:607,0
DA:611,0
DA:613,0
DA:614,0
DA:619,0
DA:635,0
DA:640,0
DA:642,0
DA:643,0
DA:648,0
DA:656,0
DA:658,0
DA:660,0
DA:662,0
DA:665,0
DA:666,0
DA:667,0
DA:668,0
DA:670,0
DA:672,0
DA:673,0
DA:676,0
DA:678,0
DA:682,0
DA:683,0
DA:684,0
DA:688,0
DA:696,2
DA:704,0
DA:706,0
DA:707,0
DA:708,0
DA:711,0
DA:714,0
DA:716,0
DA:717,0
DA:718,0
DA:721,0
DA:726,2
DA:736,2
LF:294
LH:4
end_of_record
SF:lib\shared\ui\components\app_checkbox.dart
DA:6,0
DA:21,0
DA:23,0
DA:25,0
DA:26,0
DA:27,0
DA:28,0
DA:29,0
DA:33,0
DA:34,0
DA:35,0
DA:36,0
DA:38,0
DA:39,0
DA:40,0
DA:41,0
DA:42,0
DA:43,0
DA:46,0
DA:47,0
DA:50,0
DA:51,0
DA:52,0
DA:53,0
DA:54,0
DA:55,0
DA:56,0
DA:57,0
DA:60,0
DA:62,0
DA:63,0
DA:64,0
DA:65,0
DA:66,0
DA:67,0
DA:83,0
DA:95,0
DA:97,0
DA:99,0
DA:101,0
DA:102,0
DA:103,0
DA:104,0
DA:105,0
DA:109,0
DA:110,0
DA:111,0
DA:112,0
DA:113,0
DA:114,0
DA:116,0
DA:118,0
DA:120,0
DA:121,0
DA:122,0
DA:131,0
LF:56
LH:0
end_of_record
SF:lib\shared\ui\components\app_color_picker.dart
DA:7,0
DA:26,0
DA:27,0
DA:57,0
DA:59,0
DA:60,0
DA:61,0
DA:64,0
DA:66,0
DA:67,0
DA:68,0
DA:69,0
DA:70,0
DA:74,0
DA:76,0
DA:77,0
DA:80,0
DA:81,0
DA:84,0
DA:85,0
DA:86,0
DA:88,0
DA:89,0
DA:92,0
DA:93,0
DA:95,0
DA:99,0
DA:101,0
DA:103,0
DA:106,0
DA:107,0
DA:108,0
DA:109,0
DA:110,0
DA:118,0
DA:119,0
DA:120,0
DA:123,0
DA:124,0
DA:125,0
DA:126,0
DA:127,0
DA:132,0
DA:133,0
DA:135,0
DA:136,0
DA:138,0
DA:139,0
DA:143,0
DA:144,0
DA:145,0
DA:153,0
DA:154,0
DA:155,0
DA:162,0
DA:165,0
DA:166,0
DA:167,0
DA:168,0
DA:172,0
DA:173,0
DA:177,0
DA:178,0
DA:179,0
DA:181,0
DA:187,0
DA:188,0
DA:190,0
DA:195,0
DA:196,0
DA:197,0
DA:198,0
DA:204,0
DA:206,0
DA:210,0
DA:211,0
DA:212,0
DA:213,0
DA:219,0
DA:222,0
DA:229,0
DA:230,0
DA:233,0
DA:235,0
DA:236,0
DA:237,0
DA:239,0
DA:247,0
DA:257,0
DA:259,0
DA:261,0
DA:264,0
DA:265,0
DA:267,0
DA:268,0
DA:269,0
DA:272,0
DA:274,0
DA:275,0
DA:277,0
DA:278,0
DA:283,0
DA:285,0
DA:291,0
DA:295,0
DA:297,0
DA:298,0
DA:303,0
DA:311,0
DA:312,0
DA:318,0
DA:320,0
DA:321,0
DA:324,0
DA:326,0
DA:327,0
DA:328,0
DA:332,0
DA:333,0
DA:334,0
DA:336,0
DA:339,0
DA:341,0
DA:342,0
DA:344,0
DA:346,0
DA:348,0
DA:349,0
DA:350,0
DA:351,0
DA:352,0
DA:360,0
DA:362,0
DA:364,0
DA:365,0
DA:366,0
DA:367,0
DA:368,0
DA:376,0
DA:378,0
DA:380,0
DA:381,0
DA:382,0
DA:383,0
DA:384,0
DA:394,0
DA:408,0
DA:410,0
DA:412,0
DA:414,0
DA:415,0
DA:417,0
DA:418,0
DA:419,0
DA:420,0
DA:424,0
DA:425,0
DA:426,0
DA:427,0
DA:428,0
DA:429,0
DA:435,0
DA:437,0
DA:438,0
DA:439,0
DA:440,0
DA:441,0
DA:444,0
DA:445,0
DA:452,0
DA:454,0
DA:455,0
DA:456,0
DA:457,0
LF:174
LH:0
end_of_record
SF:lib\shared\ui\components\app_command.dart
DA:8,0
DA:22,0
DA:28,0
DA:30,0
DA:31,0
DA:33,0
DA:35,0
DA:39,0
DA:46,0
DA:47,0
DA:56,0
DA:58,0
DA:59,0
DA:60,0
DA:62,0
DA:63,0
DA:67,0
DA:69,0
DA:70,0
DA:71,0
DA:74,0
DA:75,0
DA:76,0
DA:77,0
DA:78,0
DA:80,0
DA:81,0
DA:82,0
DA:83,0
DA:84,0
DA:86,0
DA:90,0
DA:91,0
DA:92,0
DA:93,0
DA:94,0
DA:96,0
DA:97,0
DA:98,0
DA:100,0
DA:101,0
DA:102,0
DA:104,0
DA:105,0
DA:110,0
DA:111,0
DA:112,0
DA:115,0
DA:117,0
DA:119,0
DA:120,0
DA:121,0
DA:122,0
DA:123,0
DA:125,0
DA:127,0
DA:128,0
DA:129,0
DA:137,0
DA:138,0
DA:139,0
DA:140,0
DA:142,0
DA:143,0
DA:144,0
DA:145,0
DA:147,0
DA:150,0
DA:151,0
DA:156,0
DA:157,0
DA:159,0
DA:160,0
DA:161,0
DA:164,0
DA:167,0
DA:169,0
DA:170,0
DA:174,0
DA:176,0
DA:177,0
DA:186,0
DA:188,0
DA:190,0
DA:191,0
DA:192,0
DA:221,0
DA:233,0
DA:235,0
DA:237,0
DA:238,0
DA:239,0
DA:241,0
DA:242,0
DA:243,0
DA:245,0
DA:247,0
DA:248,0
DA:249,0
DA:250,0
DA:251,0
DA:253,0
DA:257,0
DA:258,0
DA:260,0
DA:261,0
DA:262,0
DA:263,0
DA:267,0
DA:269,0
DA:270,0
DA:271,0
DA:272,0
DA:279,0
DA:281,0
DA:291,2
DA:299,0
DA:301,0
DA:303,0
DA:305,0
DA:306,0
DA:307,0
DA:308,0
DA:313,0
DA:314,0
DA:315,0
DA:316,0
DA:317,0
DA:320,0
DA:321,0
DA:322,0
DA:329,0
DA:330,0
DA:331,0
DA:332,0
DA:333,0
DA:343,0
DA:347,0
DA:349,0
DA:351,0
DA:356,0
DA:357,0
DA:358,0
DA:360,0
DA:361,0
DA:362,0
DA:363,0
DA:374,0
LF:148
LH:1
end_of_record
SF:lib\shared\ui\components\app_command_menu.dart
DA:8,0
DA:27,0
DA:28,0
DA:37,0
DA:39,0
DA:40,0
DA:41,0
DA:43,0
DA:44,0
DA:48,0
DA:50,0
DA:51,0
DA:52,0
DA:55,0
DA:56,0
DA:57,0
DA:58,0
DA:59,0
DA:61,0
DA:62,0
DA:63,0
DA:64,0
DA:65,0
DA:67,0
DA:69,0
DA:73,0
DA:74,0
DA:75,0
DA:76,0
DA:77,0
DA:79,0
DA:80,0
DA:81,0
DA:82,0
DA:84,0
DA:85,0
DA:86,0
DA:88,0
DA:89,0
DA:94,0
DA:95,0
DA:96,0
DA:99,0
DA:100,0
DA:101,0
DA:104,0
DA:105,0
DA:106,0
DA:107,0
DA:112,0
DA:114,0
DA:115,0
DA:117,0
DA:118,0
DA:119,0
DA:120,0
DA:121,0
DA:122,0
DA:123,0
DA:124,0
DA:125,0
DA:126,0
DA:127,0
DA:133,0
DA:135,0
DA:137,0
DA:139,0
DA:140,0
DA:141,0
DA:148,0
DA:149,0
DA:150,0
DA:152,0
DA:153,0
DA:154,0
DA:158,0
DA:159,0
DA:161,0
DA:162,0
DA:163,0
DA:166,0
DA:169,0
DA:171,0
DA:172,0
DA:181,0
DA:182,0
DA:184,0
DA:185,0
DA:186,0
DA:207,0
DA:209,0
DA:210,0
DA:211,0
DA:213,0
DA:218,0
DA:221,0
DA:222,0
DA:223,0
DA:226,0
DA:227,0
DA:228,0
DA:230,0
DA:234,0
DA:235,0
DA:236,0
DA:237,0
DA:239,0
DA:240,0
DA:241,0
DA:242,0
DA:245,0
DA:252,0
DA:253,0
DA:258,0
DA:262,0
DA:264,0
DA:266,0
DA:273,0
DA:274,0
DA:275,0
DA:276,0
DA:285,0
DA:299,0
DA:301,0
DA:303,0
DA:304,0
DA:305,0
DA:310,0
DA:311,0
DA:312,0
DA:315,0
DA:316,0
DA:317,0
DA:318,0
DA:321,0
DA:322,0
DA:323,0
DA:325,0
DA:331,0
DA:332,0
DA:334,0
DA:335,0
DA:336,0
DA:337,0
DA:341,0
DA:343,0
DA:344,0
DA:345,0
DA:346,0
DA:353,0
DA:355,0
DA:365,2
DA:373,0
DA:375,0
DA:377,0
DA:379,0
DA:380,0
DA:381,0
DA:382,0
DA:384,0
DA:385,0
DA:386,0
DA:387,0
DA:388,0
DA:391,0
DA:392,0
DA:393,0
DA:400,0
DA:401,0
DA:402,0
DA:403,0
DA:404,0
DA:414,0
DA:418,0
DA:420,0
DA:422,0
DA:427,0
DA:428,0
DA:429,0
DA:431,0
DA:432,0
DA:433,0
DA:434,0
DA:445,0
DA:464,0
DA:466,0
DA:467,0
DA:468,0
DA:469,0
DA:470,0
DA:471,0
DA:472,0
DA:477,0
DA:478,0
DA:480,0
DA:481,0
DA:482,0
DA:483,0
DA:487,0
DA:489,0
DA:492,0
DA:493,0
DA:494,0
DA:496,0
DA:497,0
DA:504,0
DA:505,0
DA:511,0
DA:512,0
DA:519,0
DA:520,0
DA:522,0
DA:523,0
DA:524,0
DA:525,0
DA:527,0
DA:531,0
DA:532,0
DA:534,0
DA:535,0
DA:550,0
LF:221
LH:1
end_of_record
SF:lib\shared\ui\components\app_input.dart
DA:7,0
DA:52,0
DA:54,0
DA:56,0
DA:59,0
DA:60,0
DA:61,0
DA:62,0
DA:63,0
DA:64,0
DA:65,0
DA:66,0
DA:71,0
DA:72,0
DA:73,0
DA:74,0
DA:75,0
DA:76,0
DA:77,0
DA:78,0
DA:79,0
DA:80,0
DA:81,0
DA:82,0
DA:83,0
DA:84,0
DA:85,0
DA:86,0
DA:87,0
DA:88,0
DA:89,0
DA:90,0
DA:91,0
[...]
DA:15,2
DA:44,1
DA:45,3
DA:49,1
DA:50,2
DA:54,1
DA:55,2
DA:59,1
DA:60,1
DA:63,3
DA:67,1
DA:68,1
DA:69,2
DA:71,2
DA:72,2
DA:73,2
DA:74,2
DA:75,2
DA:76,2
DA:83,1
DA:97,1
DA:98,1
DA:99,1
DA:100,1
DA:101,1
DA:102,1
DA:103,1
DA:104,1
DA:105,1
DA:106,1
DA:107,1
DA:108,1
DA:109,1
DA:113,1
DA:114,2
DA:116,1
DA:126,1
DA:141,3
DA:144,5
DA:147,6
DA:150,6
DA:153,6
DA:156,1
DA:157,2
DA:158,6
DA:162,1
DA:169,1
DA:170,1
DA:171,1
DA:172,1
DA:173,1
DA:174,1
DA:178,1
DA:179,6
DA:181,1
LF:55
LH:55
end_of_record
SF:lib\features\stories\domain\usecases\create_story_usecase.dart
DA:7,1
DA:12,1
DA:19,1
DA:20,1
DA:25,0
DA:28,2
DA:29,1
DA:33,0
DA:45,1
DA:50,1
DA:52,1
DA:53,1
DA:57,2
LF:13
LH:11
end_of_record
SF:lib\features\voice_messages\data\datasources\voice_recording_local_data_source.dart
DA:7,1
DA:11,1
DA:12,2
DA:26,1
DA:71,1
DA:81,1
DA:85,2
DA:90,3
DA:93,1
DA:94,2
DA:104,2
DA:108,2
DA:112,1
DA:116,2
DA:121,2
DA:129,2
DA:133,1
DA:137,2
DA:138,2
DA:141,1
DA:152,1
DA:156,2
DA:160,2
DA:163,2
DA:167,1
DA:171,2
DA:175,2
DA:178,2
DA:182,1
DA:185,2
DA:191,1
DA:194,1
DA:195,1
DA:196,0
DA:204,1
DA:207,1
DA:208,1
DA:209,0
LF:38
LH:36
end_of_record
SF:lib\features\voice_messages\data\datasources\voice_storage_remote_data_source.dart
DA:8,1
DA:12,1
DA:13,2
DA:40,1
DA:46,1
DA:53,2
DA:54,0
DA:57,0
DA:58,0
DA:59,0
DA:61,0
DA:62,0
DA:63,0
DA:64,0
DA:65,0
DA:71,0
DA:72,0
DA:73,0
DA:78,0
DA:81,0
DA:87,2
DA:91,1
DA:98,3
DA:103,3
DA:106,0
DA:109,0
DA:112,0
DA:113,0
DA:114,0
DA:121,0
DA:125,2
DA:129,0
DA:133,0
DA:136,0
DA:139,0
DA:141,0
DA:144,0
DA:146,0
DA:150,0
DA:154,0
DA:155,0
DA:158,0
DA:162,0
LF:43
LH:11
end_of_record
SF:lib\features\voice_messages\data\models\voice_message_model.dart
DA:11,2
DA:48,1
DA:49,1
DA:50,1
DA:51,1
DA:52,1
DA:53,1
DA:54,1
DA:55,1
DA:56,1
DA:57,1
DA:58,1
DA:59,1
DA:60,1
DA:61,1
DA:62,1
DA:63,1
DA:64,1
DA:65,1
DA:70,0
DA:71,0
DA:72,0
DA:73,0
DA:74,0
DA:75,0
DA:76,0
DA:77,0
DA:78,0
DA:79,0
DA:80,0
DA:81,0
DA:82,0
DA:83,0
DA:84,0
DA:85,0
DA:86,0
DA:87,0
DA:92,0
DA:93,0
DA:94,0
DA:98,1
DA:99,1
DA:100,1
DA:101,1
DA:102,1
DA:103,2
DA:104,1
DA:105,1
DA:106,1
DA:107,1
DA:108,1
DA:109,1
DA:110,1
DA:111,1
DA:112,1
DA:113,1
DA:114,1
DA:115,1
DA:120,1
DA:121,1
DA:124,1
DA:125,0
DA:126,1
DA:127,1
DA:129,0
DA:132,0
DA:133,1
DA:134,1
DA:135,0
DA:137,0
DA:138,0
DA:139,0
DA:140,0
DA:141,0
DA:142,0
DA:143,0
DA:144,0
DA:145,0
DA:146,0
DA:147,0
DA:148,0
DA:153,1
DA:154,1
DA:155,1
DA:156,1
DA:157,2
DA:158,1
DA:159,1
DA:160,1
DA:161,1
DA:162,1
DA:163,1
DA:164,1
DA:165,1
DA:166,1
DA:167,1
DA:168,1
DA:169,1
DA:174,2
DA:192,2
DA:193,2
DA:194,2
DA:195,2
DA:196,2
DA:197,2
DA:198,2
DA:199,2
DA:200,2
DA:201,2
DA:202,2
DA:203,2
DA:204,2
DA:205,2
DA:206,2
DA:207,2
DA:208,2
DA:212,1
DA:213,1
DA:214,1
DA:215,1
DA:216,1
DA:217,1
DA:218,1
DA:219,1
DA:220,1
DA:221,1
DA:222,1
DA:223,1
DA:224,1
DA:225,1
DA:226,1
DA:227,1
DA:228,1
DA:229,1
LF:134
LH:97
end_of_record
SF:lib\features\voice_messages\domain\entities\voice_message_entity.dart
DA:9,3
DA:46,1
DA:47,2
DA:48,2
DA:49,3
DA:53,0
DA:54,0
DA:58,0
DA:59,0
DA:63,0
DA:64,0
DA:65,0
DA:67,0
DA:68,0
DA:69,0
DA:70,0
DA:71,0
DA:72,0
DA:79,2
DA:82,5
DA:85,4
DA:88,2
DA:91,1
DA:92,4
DA:93,5
DA:94,1
DA:98,1
DA:99,1
DA:102,2
DA:105,4
DA:106,1
DA:107,1
DA:110,1
DA:111,3
DA:113,3
DA:118,1
DA:119,2
DA:120,2
DA:124,1
DA:125,2
DA:126,4
DA:127,2
DA:131,1
DA:133,6
DA:138,3
DA:143,4
DA:148,7
DA:156,1
DA:174,1
DA:175,1
DA:176,1
DA:177,1
DA:178,1
DA:179,1
DA:180,1
DA:181,1
DA:182,1
DA:183,1
DA:184,1
DA:185,1
DA:186,1
DA:187,1
DA:188,1
DA:189,1
DA:190,1
DA:194,1
DA:195,1
DA:196,1
DA:197,1
DA:198,1
DA:199,1
DA:200,1
DA:201,1
DA:202,1
DA:203,1
DA:204,1
DA:205,1
DA:206,1
DA:207,1
DA:208,1
DA:209,1
DA:210,1
DA:211,1
DA:214,1
LF:84
LH:71
end_of_record
SF:lib\features\voice_messages\presentation\state\voice_recording_state.dart
DA:17,2
DA:28,2
DA:35,2
DA:39,2
DA:47,1
DA:51,1
DA:59,1
DA:63,1
DA:71,1
DA:77,1
DA:87,1
DA:92,1
DA:101,1
DA:106,1
DA:123,6
DA:126,6
DA:129,6
DA:132,3
DA:135,3
DA:138,3
DA:141,6
DA:144,1
DA:145,4
DA:146,4
DA:147,1
DA:151,1
DA:152,3
DA:153,3
DA:154,3
DA:155,1
DA:159,1
DA:160,2
DA:161,4
DA:165,4
DA:168,3
DA:171,5
DA:174,3
DA:177,1
DA:186,1
DA:187,1
DA:188,0
DA:189,1
DA:190,1
DA:191,1
DA:192,1
DA:193,1
DA:197,1
DA:198,1
DA:199,1
DA:200,1
DA:201,1
DA:202,1
DA:203,1
DA:204,1
DA:205,1
LF:55
LH:54
end_of_record
SF:lib\shared\ui\notifications\notification_badge.dart
DA:9,1
DA:24,1
DA:25,2
DA:26,2
DA:27,2
DA:30,1
DA:33,2
DA:37,1
DA:38,1
DA:43,1
DA:44,4
DA:45,1
DA:47,1
DA:48,1
DA:49,1
DA:50,1
DA:51,1
DA:52,1
LF:18
LH:18
end_of_record
SF:lib\shared\ui\notifications\notification_card_widget.dart
DA:10,1
DA:29,1
DA:31,1
DA:33,2
DA:34,1
DA:35,1
DA:37,2
DA:38,2
DA:39,3
DA:40,1
DA:41,1
DA:42,1
DA:43,1
DA:45,1
DA:47,1
DA:49,1
DA:52,1
DA:53,1
DA:56,1
DA:57,1
DA:58,1
DA:66,1
DA:67,1
DA:69,1
DA:71,1
DA:72,1
DA:73,1
DA:74,1
DA:75,2
DA:76,4
DA:77,2
DA:82,1
DA:83,1
DA:84,4
DA:85,5
DA:94,1
DA:95,2
DA:96,4
DA:97,5
DA:104,3
DA:106,1
DA:108,1
DA:109,1
DA:110,1
DA:115,1
DA:117,4
DA:118,3
DA:127,4
DA:129,1
DA:130,1
DA:131,2
DA:132,1
DA:134,3
DA:137,0
DA:139,0
DA:140,0
DA:143,0
DA:146,1
DA:147,1
DA:148,2
DA:149,4
DA:161,2
DA:162,1
DA:165,1
DA:166,3
DA:172,3
DA:174,1
DA:175,1
DA:178,4
DA:180,1
DA:195,1
DA:196,2
DA:197,1
DA:199,1
DA:201,1
DA:203,1
DA:205,0
DA:207,0
DA:209,0
DA:211,0
DA:213,0
DA:218,1
DA:219,2
DA:220,1
DA:221,1
DA:222,1
DA:223,1
DA:224,1
DA:225,1
DA:226,1
DA:227,1
DA:228,0
DA:229,0
DA:230,0
DA:231,0
DA:232,0
DA:233,0
DA:234,0
DA:235,0
DA:236,0
DA:237,0
DA:241,1
DA:242,2
DA:243,1
DA:245,1
DA:247,1
DA:249,1
DA:251,0
DA:253,0
DA:255,0
DA:257,0
DA:259,0
DA:264,1
DA:265,1
DA:266,3
DA:268,2
DA:269,0
DA:270,2
DA:271,2
DA:272,0
DA:273,0
LF:121
LH:94
end_of_record
SF:lib\shared\ui\notifications\notification_list_tile.dart
DA:9,1
DA:18,1
DA:19,2
DA:20,1
DA:22,0
DA:24,0
DA:26,0
DA:28,0
DA:30,0
DA:32,0
DA:34,0
DA:36,0
DA:41,1
DA:43,1
DA:45,1
DA:46,1
DA:49,1
DA:50,1
DA:53,1
DA:54,1
DA:55,2
DA:60,1
DA:61,2
DA:62,4
DA:63,2
DA:68,1
DA:70,1
DA:71,1
DA:72,2
DA:73,4
DA:74,2
DA:75,0
DA:76,4
DA:82,1
DA:83,2
DA:84,4
DA:85,5
DA:91,2
DA:93,1
DA:96,1
DA:97,3
DA:101,1
LF:42
LH:33
end_of_record
SF:lib\features\posts\presentation\widgets\photo_zoom_viewer.dart
DA:10,1
DA:21,1
DA:22,1
DA:29,1
DA:31,1
DA:32,8
DA:33,3
DA:36,1
DA:38,2
DA:39,1
DA:42,1
DA:43,2
DA:44,1
DA:48,1
DA:50,3
DA:62,1
DA:64,1
DA:65,1
DA:67,4
DA:68,1
DA:69,1
DA:72,1
DA:73,4
DA:75,1
DA:77,3
DA:82,5
DA:88,1
DA:89,3
DA:91,2
DA:92,1
DA:93,2
DA:94,1
DA:95,1
DA:97,1
DA:103,1
DA:104,1
DA:106,1
DA:111,1
DA:112,1
DA:113,1
DA:114,3
DA:115,1
DA:116,3
DA:118,2
DA:119,0
DA:120,0
DA:122,0
DA:123,0
DA:127,1
DA:128,1
DA:130,1
DA:133,1
DA:138,1
DA:139,1
DA:140,5
DA:143,1
DA:144,1
DA:146,1
DA:147,1
DA:148,1
DA:150,1
DA:151,6
LF:62
LH:58
end_of_record
SF:lib\features\explore\presentation\widgets\explore_grid_widget.dart
DA:9,1
DA:11,1
DA:12,1
DA:18,1
DA:20,1
DA:22,2
DA:23,1
DA:24,2
DA:25,1
DA:31,1
DA:33,1
DA:39,1
DA:45,1
DA:47,3
DA:49,1
DA:50,1
DA:54,1
DA:56,1
DA:57,1
DA:58,1
DA:60,1
DA:61,1
DA:63,1
DA:64,1
DA:65,1
DA:68,1
DA:69,1
DA:70,1
DA:73,1
DA:77,1
DA:78,1
DA:79,2
LF:32
LH:32
end_of_record
SF:lib\shared\ui\icons\svg_icon.dart
DA:8,1
DA:19,1
DA:21,1
DA:22,1
DA:23,1
DA:24,1
DA:25,1
DA:26,2
DA:36,1
DA:49,1
DA:51,1
DA:52,1
DA:53,1
DA:54,1
DA:55,1
DA:56,1
DA:66,1
DA:75,1
DA:77,2
DA:78,1
DA:79,1
DA:80,1
DA:81,1
DA:82,1
DA:83,2
DA:93,1
DA:106,1
DA:107,1
DA:115,1
DA:117,1
DA:118,2
DA:122,3
DA:123,2
DA:127,1
DA:129,2
DA:130,1
DA:133,1
DA:134,2
DA:135,6
DA:136,3
DA:140,1
DA:142,1
DA:143,1
DA:144,1
DA:145,1
DA:146,1
DA:147,1
DA:148,2
DA:149,1
DA:150,2
DA:151,2
DA:152,2
DA:153,2
DA:154,0
DA:168,1
DA:183,1
DA:184,2
DA:185,2
DA:186,2
DA:189,1
DA:191,1
DA:192,4
DA:193,4
DA:195,1
DA:196,1
DA:197,1
DA:198,1
LF:67
LH:66
end_of_record
SF:lib\features\voice_messages\presentation\widgets\voice_recording_button.dart
DA:12,1
DA:37,1
DA:39,2
DA:40,3
DA:42,1
DA:43,1
DA:44,1
DA:45,1
DA:46,2
DA:47,4
DA:48,4
DA:49,1
DA:50,1
DA:52,1
DA:58,1
DA:59,1
DA:61,1
DA:62,0
DA:64,0
DA:66,0
DA:69,0
DA:71,0
DA:72,0
DA:75,0
DA:77,0
DA:79,0
DA:81,0
DA:85,1
DA:86,0
DA:90,1
DA:95,1
DA:96,3
DA:98,1
DA:99,1
DA:104,1
DA:105,0
DA:111,1
LF:37
LH:25
end_of_record
SF:lib\features\voice_messages\presentation\providers\voice_recording_providers.dart
DA:5,4
DA:6,1
DA:10,3
DA:12,1
DA:14,2
DA:17,0
DA:18,0
DA:20,0
DA:21,0
DA:22,0
DA:27,0
DA:28,0
DA:29,0
DA:30,0
DA:31,0
DA:36,0
DA:37,0
DA:38,0
DA:39,0
DA:40,0
DA:45,0
DA:46,0
DA:49,0
DA:51,0
DA:54,0
DA:55,0
DA:58,0
DA:59,0
LF:28
LH:5
end_of_record
SF:lib\app.dart
DA:10,1
DA:12,1
DA:14,2
DA:18,1
DA:23,1
DA:24,1
DA:30,1
DA:31,1
DA:33,1
DA:35,1
DA:42,1
DA:44,2
DA:45,3
LF:13
LH:13
end_of_record
SF:lib\core\router\app_router_enhanced.dart
DA:41,4
DA:42,1
DA:45,1
DA:47,1
DA:50,0
DA:56,1
DA:59,0
DA:67,1
DA:70,1
DA:77,1
DA:80,0
DA:91,1
DA:94,0
DA:96,0
DA:97,0
DA:99,0
DA:101,0
DA:103,0
DA:106,0
DA:109,0
DA:121,1
DA:124,0
DA:135,1
DA:138,0
DA:151,1
DA:154,0
DA:165,1
DA:168,0
DA:181,1
DA:184,0
DA:195,1
DA:198,0
DA:210,1
DA:213,0
DA:225,1
DA:228,0
DA:240,1
DA:243,0
DA:255,1
DA:258,0
DA:270,1
DA:273,0
DA:274,0
DA:277,0
DA:280,0
DA:283,0
DA:286,0
DA:294,1
DA:297,0
DA:303,1
DA:306,0
DA:312,1
DA:315,0
DA:321,1
DA:324,0
DA:330,1
DA:333,0
DA:341,1
DA:344,0
DA:354,1
DA:357,0
DA:369,1
DA:372,0
DA:380,1
DA:383,0
DA:386,0
DA:387,0
DA:388,0
DA:390,0
DA:393,0
DA:395,0
DA:398,0
DA:400,0
DA:401,0
DA:412,0
DA:417,0
DA:418,0
DA:420,0
DA:421,0
DA:430,0
DA:435,0
DA:436,0
DA:438,0
DA:443,0
DA:444,0
DA:447,0
DA:448,0
DA:456,0
DA:461,0
DA:462,0
DA:469,0
DA:474,0
DA:475,0
DA:477,0
DA:478,0
DA:487,0
DA:492,0
DA:493,0
DA:495,0
DA:496,0
LF:100
LH:29
end_of_record
SF:lib\core\theme\app_theme.dart
DA:12,0
DA:18,1
DA:19,1
DA:24,1
DA:27,1
DA:31,1
DA:35,1
DA:70,1
DA:73,1
DA:74,1
DA:81,1
DA:84,1
DA:85,1
DA:88,1
DA:89,1
DA:92,1
DA:93,1
DA:96,1
DA:97,1
DA:100,1
DA:101,1
DA:112,1
DA:113,1
DA:121,1
DA:122,1
DA:132,1
DA:133,1
DA:139,1
DA:140,1
DA:150,1
DA:151,1
DA:158,1
DA:159,1
DA:207,1
DA:210,1
DA:211,1
DA:217,1
DA:220,1
DA:221,1
DA:242,1
DA:244,1
DA:251,1
DA:252,1
DA:257,1
DA:265,1
DA:266,1
DA:271,1
DA:274,1
DA:278,1
DA:282,1
DA:301,1
DA:309,1
DA:310,1
DA:311,1
DA:313,1
DA:315,1
DA:317,1
DA:319,1
DA:321,1
DA:323,1
DA:325,1
DA:327,1
DA:329,1
DA:331,1
DA:333,1
DA:335,1
DA:337,1
DA:339,1
LF:68
LH:67
end_of_record
SF:lib\features\auth\pages\two_factor_verification_page.dart
DA:11,1
DA:22,0
DA:24,0
DA:35,0
DA:37,0
DA:38,0
DA:39,0
DA:43,0
DA:44,0
DA:45,0
DA:46,0
DA:47,0
DA:51,0
DA:53,0
DA:54,0
DA:57,0
DA:58,0
DA:59,0
DA:60,0
DA:63,0
DA:64,0
DA:65,0
DA:66,0
DA:67,0
DA:69,0
DA:70,0
DA:77,0
DA:79,0
DA:80,0
DA:84,0
DA:85,0
DA:87,0
DA:88,0
DA:90,0
DA:92,0
DA:97,0
DA:98,0
DA:99,0
DA:104,0
DA:105,0
DA:111,0
DA:114,0
DA:115,0
DA:116,0
DA:117,0
DA:118,0
DA:119,0
DA:120,0
DA:121,0
DA:123,0
DA:129,0
DA:140,0
DA:146,0
DA:150,0
DA:154,0
DA:155,0
DA:156,0
DA:157,0
DA:162,0
DA:163,0
DA:164,0
DA:170,0
DA:173,0
DA:174,0
DA:175,0
DA:178,0
DA:179,0
DA:182,0
DA:183,0
DA:184,0
DA:190,0
DA:191,0
DA:194,0
DA:195,0
DA:196,0
DA:197,0
DA:200,0
DA:202,0
DA:203,0
DA:211,0
DA:212,0
DA:213,0
DA:214,0
DA:223,0
DA:224,0
DA:226,0
DA:227,0
DA:228,0
DA:230,0
DA:231,0
DA:232,0
DA:233,0
DA:236,0
DA:237,0
DA:238,0
DA:239,0
DA:243,0
DA:245,0
DA:246,0
DA:247,0
DA:248,0
DA:252,0
DA:253,0
DA:260,0
DA:261,0
DA:267,0
DA:270,0
DA:273,0
DA:275,0
DA:276,0
DA:278,0
DA:280,0
DA:283,0
DA:285,0
DA:295,0
DA:296,0
DA:298,0
DA:300,0
DA:310,0
DA:312,0
DA:321,0
DA:322,0
DA:323,0
DA:331,0
DA:332,0
DA:333,0
DA:341,0
DA:343,0
DA:345,0
DA:347,0
DA:350,0
DA:357,0
DA:359,0
DA:368,0
DA:370,0
DA:371,0
DA:373,0
DA:377,0
DA:378,0
DA:379,0
DA:389,0
DA:390,0
DA:391,0
LF:143
LH:1
end_of_record
SF:lib\features\feed\subfeatures\profile\pages\user_profile_page.dart
DA:5,1
DA:7,0
DA:9,0
DA:10,0
LF:4
LH:1
end_of_record
SF:lib\features\feed\widgets\post_detail_modal.dart
DA:5,0
DA:16,0
DA:18,0
DA:19,0
DA:20,0
DA:22,0
DA:23,0
DA:25,0
DA:26,0
DA:27,0
DA:31,0
DA:32,0
LF:12
LH:0
end_of_record
SF:lib\features\theme_test\theme_test_page.dart
DA:5,1
DA:7,0
DA:9,0
DA:10,0
LF:4
LH:1
end_of_record
SF:lib\pages\onboarding\completion_screen.dart
DA:12,1
DA:14,0
DA:15,0
DA:24,0
DA:26,0
DA:27,0
DA:32,0
DA:33,0
DA:37,0
DA:40,0
DA:42,0
DA:43,0
DA:46,0
DA:47,0
DA:51,0
DA:52,0
DA:55,0
DA:59,0
DA:60,0
DA:61,0
DA:63,0
DA:65,0
DA:67,0
DA:68,0
DA:69,0
DA:70,0
DA:71,0
DA:77,0
DA:78,0
DA:83,0
DA:85,0
DA:87,0
DA:89,0
DA:90,0
DA:92,0
DA:94,0
DA:98,0
DA:99,0
DA:100,0
DA:101,0
DA:104,0
DA:105,0
DA:159,0
DA:161,0
DA:163,0
DA:164,0
DA:168,0
DA:170,0
DA:183,0
DA:184,0
DA:188,0
DA:189,0
DA:190,0
DA:191,0
DA:192,0
DA:200,0
DA:201,0
DA:206,0
DA:212,0
DA:213,0
DA:222,0
DA:223,0
DA:224,0
DA:226,0
DA:228,0
DA:237,0
DA:238,0
DA:248,0
DA:250,0
DA:251,0
DA:264,0
DA:266,0
DA:267,0
DA:268,0
DA:271,0
DA:272,0
DA:276,0
DA:317,0
DA:323,0
DA:324,0
DA:325,0
DA:328,0
DA:329,0
DA:330,0
DA:332,0
DA:339,0
DA:340,0
DA:342,0
DA:343,0
DA:345,0
DA:346,0
DA:354,0
DA:364,0
DA:366,0
LF:94
LH:1
end_of_record
SF:lib\pages\onboarding\interests_screen.dart
DA:11,1
DA:13,0
DA:14,0
DA:50,0
DA:52,0
DA:54,0
DA:55,0
DA:56,0
DA:57,0
DA:62,0
DA:63,0
DA:64,0
DA:65,0
DA:67,0
DA:72,0
DA:73,0
DA:74,0
DA:83,0
DA:87,0
DA:88,0
DA:89,0
DA:91,0
DA:92,0
DA:94,0
DA:95,0
DA:96,0
DA:97,0
DA:98,0
DA:104,0
DA:105,0
DA:110,0
DA:111,0
DA:114,0
DA:116,0
DA:118,0
DA:120,0
DA:123,0
DA:125,0
DA:136,0
DA:137,0
DA:139,0
DA:147,0
DA:148,0
DA:150,0
DA:152,0
DA:166,0
DA:167,0
DA:177,0
DA:180,0
DA:182,0
DA:183,0
DA:186,0
DA:188,0
DA:198,0
DA:200,0
DA:202,0
DA:204,0
DA:205,0
DA:210,0
DA:211,0
DA:215,0
DA:242,0
DA:247,0
DA:249,0
DA:250,0
DA:253,0
DA:255,0
DA:257,0
DA:261,0
DA:263,0
DA:265,0
DA:266,0
DA:267,0
DA:272,0
DA:273,0
DA:274,0
DA:289,1
LF:77
LH:2
end_of_record
SF:lib\pages\onboarding\location_screen.dart
DA:13,1
DA:15,0
DA:16,0
DA:25,0
DA:27,0
DA:28,0
DA:31,0
DA:32,0
DA:36,0
DA:38,0
DA:39,0
DA:43,0
DA:44,0
DA:45,0
DA:47,0
DA:48,0
DA:49,0
DA:50,0
DA:55,0
DA:56,0
DA:57,0
DA:58,0
DA:59,0
DA:61,0
DA:64,0
DA:65,0
DA:71,0
DA:72,0
DA:73,0
DA:74,0
DA:75,0
DA:81,0
DA:82,0
DA:87,0
DA:88,0
DA:90,0
DA:91,0
DA:100,0
DA:104,0
DA:105,0
DA:106,0
DA:108,0
DA:109,0
DA:110,0
DA:111,0
DA:116,0
DA:117,0
DA:124,0
DA:125,0
DA:126,0
DA:127,0
DA:128,0
DA:134,0
DA:135,0
DA:140,0
DA:141,0
DA:142,0
DA:151,0
DA:154,0
DA:155,0
DA:156,0
DA:157,0
DA:163,0
DA:164,0
DA:165,0
DA:168,0
DA:169,0
DA:170,0
DA:171,0
DA:173,0
DA:183,0
DA:184,0
DA:187,0
DA:189,0
DA:191,0
DA:194,0
DA:196,0
DA:206,0
DA:207,0
DA:208,0
DA:219,0
DA:220,0
DA:222,0
DA:230,0
DA:231,0
DA:233,0
DA:235,0
DA:260,0
DA:261,0
DA:264,0
DA:265,0
DA:279,0
DA:280,0
DA:282,0
DA:283,0
DA:284,0
DA:285,0
DA:289,0
DA:290,0
DA:297,0
DA:298,0
DA:300,0
DA:310,0
DA:311,0
DA:327,0
DA:328,0
DA:330,0
DA:331,0
DA:332,0
DA:351,0
DA:354,0
DA:355,0
DA:396,0
DA:397,0
DA:398,0
DA:402,0
DA:403,0
DA:411,0
DA:416,0
DA:419,0
DA:420,0
DA:421,0
DA:423,0
DA:424,0
DA:444,0
DA:446,0
DA:448,0
DA:449,0
DA:450,0
DA:455,0
DA:456,0
LF:131
LH:1
end_of_record
SF:lib\pages\onboarding\profile_photo_screen.dart
DA:5,1
DA:7,0
DA:9,0
DA:10,0
LF:4
LH:1
end_of_record
SF:lib\pages\onboarding\welcome_screen.dart
DA:10,1
DA:12,0
DA:13,0
DA:16,0
DA:17,0
DA:19,0
DA:25,0
DA:26,0
DA:27,0
DA:30,0
DA:31,0
DA:32,0
DA:33,0
DA:35,0
DA:45,0
DA:47,0
DA:49,0
DA:50,0
DA:52,0
DA:54,0
DA:56,0
DA:58,0
DA:59,0
DA:73,0
DA:74,0
DA:124,0
DA:132,0
DA:140,0
DA:149,0
DA:151,0
DA:152,0
DA:153,0
DA:156,0
DA:157,0
DA:191,0
DA:196,0
DA:197,0
DA:198,0
DA:201,0
DA:202,0
DA:203,0
DA:205,0
DA:212,0
DA:213,0
DA:215,0
DA:216,0
DA:225,0
LF:47
LH:1
end_of_record
SF:lib\pages\profile\interests_management_page.dart
DA:5,1
DA:7,0
DA:9,0
DA:10,0
LF:4
LH:1
end_of_record
SF:lib\pages\profile\notification_schedule_settings_page.dart
DA:10,1
DA:12,0
DA:14,0
DA:35,0
DA:37,0
DA:38,0
DA:42,0
DA:44,0
DA:46,0
DA:48,0
DA:49,0
DA:50,0
DA:52,0
DA:53,0
DA:57,0
DA:58,0
DA:59,0
DA:63,0
DA:64,0
DA:65,0
DA:66,0
DA:71,0
DA:76,0
DA:78,0
DA:81,0
DA:82,0
DA:83,0
DA:86,0
DA:87,0
DA:90,0
DA:91,0
DA:92,0
DA:94,0
DA:95,0
DA:103,0
DA:104,0
DA:107,0
DA:108,0
DA:119,0
DA:120,0
DA:124,0
DA:125,0
DA:126,0
DA:127,0
DA:128,0
DA:129,0
DA:134,0
DA:136,0
DA:138,0
DA:140,0
DA:143,0
DA:145,0
DA:155,0
DA:156,0
DA:157,0
DA:159,0
DA:171,0
DA:172,0
DA:174,0
DA:176,0
DA:187,0
DA:188,0
DA:190,0
DA:192,0
DA:193,0
DA:194,0
DA:199,0
DA:201,0
DA:202,0
DA:205,0
DA:206,0
DA:208,0
DA:210,0
DA:211,0
DA:212,0
DA:213,0
DA:214,0
DA:215,0
DA:221,0
DA:223,0
DA:225,0
DA:226,0
DA:227,0
DA:228,0
DA:229,0
DA:234,0
DA:236,0
DA:237,0
DA:238,0
DA:239,0
DA:240,0
DA:250,0
DA:252,0
DA:253,0
DA:254,0
DA:259,0
DA:261,0
DA:262,0
DA:265,0
DA:266,0
DA:268,0
DA:270,0
DA:271,0
DA:272,0
DA:273,0
DA:274,0
DA:275,0
DA:281,0
DA:283,0
DA:285,0
DA:286,0
DA:287,0
DA:288,0
DA:289,0
DA:299,0
DA:301,0
DA:302,0
DA:303,0
DA:308,0
DA:310,0
DA:311,0
DA:314,0
DA:315,0
DA:317,0
DA:319,0
DA:320,0
DA:321,0
DA:322,0
DA:323,0
DA:324,0
DA:330,0
DA:332,0
DA:333,0
DA:364,0
DA:366,0
DA:367,0
DA:368,0
DA:374,0
DA:376,0
DA:377,0
DA:378,0
DA:379,0
DA:380,0
DA:397,0
DA:398,0
DA:400,0
DA:402,0
DA:403,0
DA:404,0
DA:410,0
DA:411,0
LF:151
LH:1
end_of_record
SF:lib\features\profile\pages\theme_settings_page.dart
DA:23,1
DA:25,0
DA:27,0
DA:57,0
DA:59,0
DA:60,0
DA:64,0
DA:66,0
DA:68,0
DA:70,0
DA:73,0
DA:74,0
DA:75,0
DA:78,0
DA:81,0
DA:85,0
DA:88,0
DA:93,0
DA:95,0
DA:97,0
DA:99,0
DA:100,0
DA:102,0
DA:103,0
DA:104,0
DA:105,0
DA:110,0
DA:111,0
DA:113,0
DA:114,0
DA:115,0
DA:117,0
DA:118,0
DA:125,0
DA:126,0
DA:127,0
DA:132,0
DA:134,0
DA:136,0
DA:137,0
DA:138,0
DA:139,0
DA:141,0
DA:142,0
DA:143,0
DA:144,0
DA:148,0
DA:149,0
DA:150,0
DA:152,0
DA:156,0
DA:157,0
DA:158,0
DA:159,0
DA:160,0
DA:161,0
DA:163,0
DA:164,0
DA:165,0
DA:167,0
DA:173,0
DA:175,0
DA:177,0
DA:180,0
DA:181,0
DA:182,0
DA:183,0
DA:184,0
DA:185,0
DA:190,0
DA:192,0
DA:195,0
DA:196,0
DA:197,0
DA:198,0
DA:199,0
DA:200,0
DA:205,0
DA:206,0
DA:207,0
DA:208,0
DA:209,0
DA:210,0
DA:211,0
DA:217,0
DA:218,0
DA:220,0
DA:221,0
DA:222,0
DA:223,0
DA:224,0
DA:227,0
DA:229,0
DA:230,0
DA:232,0
DA:235,0
DA:239,0
DA:240,0
DA:241,0
DA:242,0
DA:255,0
DA:256,0
DA:257,0
DA:258,0
DA:260,0
DA:262,0
DA:264,0
DA:269,0
DA:270,0
DA:272,0
DA:274,0
DA:275,0
DA:276,0
DA:277,0
DA:278,0
DA:281,0
DA:283,0
DA:284,0
DA:286,0
DA:287,0
DA:288,0
DA:290,0
DA:292,0
DA:293,0
DA:298,0
DA:300,0
DA:301,0
DA:302,0
DA:304,0
DA:306,0
DA:307,0
DA:312,0
DA:313,0
DA:322,0
DA:323,0
DA:327,0
DA:328,0
DA:329,0
DA:334,0
DA:337,0
DA:340,0
DA:341,0
DA:342,0
DA:345,0
DA:347,0
DA:348,0
DA:349,0
DA:350,0
DA:353,0
DA:361,0
DA:362,0
DA:363,0
DA:364,0
DA:370,0
DA:371,0
DA:372,0
DA:373,0
DA:374,0
DA:379,0
DA:380,0
DA:381,0
DA:384,0
DA:385,0
DA:386,0
DA:387,0
DA:395,0
DA:402,1
LF:167
LH:2
end_of_record
SF:lib\pages\profile\location_settings_page.dart
DA:13,1
DA:15,0
DA:17,0
DA:25,0
DA:28,0
DA:30,0
DA:31,0
DA:32,0
DA:37,0
DA:39,0
DA:64,0
DA:65,0
DA:72,0
DA:74,0
DA:76,0
DA:78,0
DA:79,0
DA:80,0
DA:82,0
DA:85,0
DA:86,0
DA:89,0
DA:93,0
DA:95,0
DA:96,0
DA:101,0
DA:103,0
DA:104,0
DA:109,0
DA:111,0
DA:116,0
DA:125,0
DA:127,0
DA:129,0
DA:130,0
DA:133,0
DA:134,0
DA:135,0
DA:147,0
DA:148,0
DA:149,0
DA:155,0
DA:156,0
DA:158,0
DA:160,0
DA:161,0
DA:162,0
DA:163,0
DA:165,0
DA:166,0
DA:167,0
DA:198,0
DA:199,0
DA:200,0
DA:202,0
DA:211,0
DA:212,0
DA:213,0
DA:214,0
DA:216,0
DA:218,0
DA:220,0
DA:235,0
DA:236,0
DA:238,0
DA:241,0
DA:243,0
DA:246,0
DA:256,0
DA:257,0
DA:260,0
DA:268,0
DA:275,0
DA:276,0
DA:278,0
DA:279,0
DA:286,0
DA:297,0
DA:298,0
DA:300,0
DA:302,0
DA:304,0
DA:305,0
DA:307,0
DA:321,0
DA:322,0
DA:340,0
DA:345,0
DA:346,0
DA:348,0
DA:350,0
DA:351,0
DA:353,0
DA:355,0
DA:358,0
DA:360,0
DA:362,0
DA:372,0
DA:373,0
DA:375,0
DA:377,0
DA:378,0
DA:379,0
DA:380,0
DA:392,0
DA:396,0
DA:400,0
DA:408,0
DA:409,0
DA:411,0
DA:414,0
DA:415,0
DA:427,0
DA:428,0
DA:429,0
DA:430,0
DA:434,0
DA:438,0
DA:440,0
DA:442,0
DA:443,0
DA:446,0
DA:447,0
DA:452,0
DA:456,0
DA:457,0
DA:458,0
DA:461,0
DA:462,0
DA:467,0
DA:468,0
DA:469,0
DA:470,0
DA:474,0
DA:476,0
DA:477,0
DA:479,0
DA:480,0
DA:483,0
DA:484,0
DA:492,0
DA:493,0
DA:494,0
DA:497,0
DA:498,0
DA:503,0
DA:505,0
DA:506,0
DA:509,0
DA:510,0
DA:511,0
DA:516,0
DA:519,0
DA:521,0
DA:522,0
DA:529,0
DA:530,0
DA:531,0
DA:532,0
DA:533,0
DA:534,0
DA:540,0
DA:541,0
DA:542,0
DA:549,0
DA:552,0
DA:553,0
DA:554,0
DA:560,0
DA:562,0
DA:565,0
DA:566,0
DA:567,0
LF:173
LH:1
end_of_record
